{"duration":"8ms","ip":"::1","level":"info","message":"HTTP Request Log","method":"OPTIONS","statusCode":204,"timestamp":"2025-12-27 09:17:12","url":"/api/login"}
{"duration":"171ms","ip":"::1","level":"info","message":"HTTP Request Log","method":"POST","statusCode":200,"timestamp":"2025-12-27 09:17:12","url":"/api/login"}
{"duration":"1ms","ip":"::1","level":"info","message":"HTTP Request Log","method":"OPTIONS","statusCode":204,"timestamp":"2025-12-27 09:17:12","url":"/api/dashboard"}
{"duration":"1ms","ip":"::1","level":"info","message":"HTTP Request Log","method":"OPTIONS","statusCode":204,"timestamp":"2025-12-27 09:17:12","url":"/api/dashboard"}
{"duration":"67ms","ip":"::1","level":"info","message":"HTTP Request Log","method":"GET","statusCode":304,"timestamp":"2025-12-27 09:17:12","url":"/api/dashboard"}
{"duration":"58ms","ip":"::1","level":"info","message":"HTTP Request Log","method":"GET","statusCode":304,"timestamp":"2025-12-27 09:17:12","url":"/api/dashboard"}
{"duration":"1ms","ip":"::1","level":"info","message":"HTTP Request Log","method":"OPTIONS","statusCode":204,"timestamp":"2025-12-27 09:18:43","url":"/api/students"}
{"duration":"1ms","ip":"::1","level":"info","message":"HTTP Request Log","method":"OPTIONS","statusCode":204,"timestamp":"2025-12-27 09:18:43","url":"/api/students"}
{"duration":"52ms","ip":"::1","level":"info","message":"HTTP Request Log","method":"GET","statusCode":304,"timestamp":"2025-12-27 09:18:43","url":"/api/students"}
{"duration":"51ms","ip":"::1","level":"info","message":"HTTP Request Log","method":"GET","statusCode":304,"timestamp":"2025-12-27 09:18:43","url":"/api/students"}
{"duration":"1ms","ip":"::1","level":"info","message":"HTTP Request Log","method":"OPTIONS","statusCode":204,"timestamp":"2025-12-27 09:18:46","url":"/api/courses"}
{"duration":"1ms","ip":"::1","level":"info","message":"HTTP Request Log","method":"OPTIONS","statusCode":204,"timestamp":"2025-12-27 09:18:46","url":"/api/courses"}
{"duration":"52ms","ip":"::1","level":"info","message":"HTTP Request Log","method":"GET","statusCode":304,"timestamp":"2025-12-27 09:18:46","url":"/api/courses"}
{"duration":"51ms","ip":"::1","level":"info","message":"HTTP Request Log","method":"GET","statusCode":304,"timestamp":"2025-12-27 09:18:46","url":"/api/courses"}
{"duration":"1ms","ip":"::1","level":"info","message":"HTTP Request Log","method":"OPTIONS","statusCode":204,"timestamp":"2025-12-27 09:18:47","url":"/api/resumes"}
{"duration":"1ms","ip":"::1","level":"info","message":"HTTP Request Log","method":"OPTIONS","statusCode":204,"timestamp":"2025-12-27 09:18:47","url":"/api/resumes"}
{"duration":"54ms","ip":"::1","level":"info","message":"HTTP Request Log","method":"GET","statusCode":304,"timestamp":"2025-12-27 09:18:47","url":"/api/resumes"}
{"duration":"49ms","ip":"::1","level":"info","message":"HTTP Request Log","method":"GET","statusCode":304,"timestamp":"2025-12-27 09:18:47","url":"/api/resumes"}
{"duration":"1ms","ip":"::1","level":"info","message":"HTTP Request Log","method":"OPTIONS","statusCode":204,"timestamp":"2025-12-27 09:18:48","url":"/api/placements"}
{"duration":"0ms","ip":"::1","level":"info","message":"HTTP Request Log","method":"OPTIONS","statusCode":204,"timestamp":"2025-12-27 09:18:48","url":"/api/placements"}
{"duration":"50ms","ip":"::1","level":"info","message":"HTTP Request Log","method":"GET","statusCode":304,"timestamp":"2025-12-27 09:18:48","url":"/api/placements"}
{"duration":"49ms","ip":"::1","level":"info","message":"HTTP Request Log","method":"GET","statusCode":304,"timestamp":"2025-12-27 09:18:48","url":"/api/placements"}
{"duration":"1ms","ip":"::1","level":"info","message":"HTTP Request Log","method":"OPTIONS","statusCode":204,"timestamp":"2025-12-27 09:18:49","url":"/api/alumni"}
{"duration":"1ms","ip":"::1","level":"info","message":"HTTP Request Log","method":"OPTIONS","statusCode":204,"timestamp":"2025-12-27 09:18:49","url":"/api/alumni"}
{"duration":"51ms","ip":"::1","level":"info","message":"HTTP Request Log","method":"GET","statusCode":304,"timestamp":"2025-12-27 09:18:49","url":"/api/alumni"}
{"duration":"50ms","ip":"::1","level":"info","message":"HTTP Request Log","method":"GET","statusCode":304,"timestamp":"2025-12-27 09:18:49","url":"/api/alumni"}
{"duration":"1ms","ip":"::1","level":"info","message":"HTTP Request Log","method":"OPTIONS","statusCode":204,"timestamp":"2025-12-27 09:18:50","url":"/api/profile"}
{"duration":"53ms","ip":"::1","level":"info","message":"HTTP Request Log","method":"GET","statusCode":304,"timestamp":"2025-12-27 09:18:50","url":"/api/profile"}
{"duration":"49ms","ip":"::1","level":"info","message":"HTTP Request Log","method":"GET","statusCode":304,"timestamp":"2025-12-27 09:18:50","url":"/api/profile"}
{"duration":"1ms","ip":"::1","level":"info","message":"HTTP Request Log","method":"OPTIONS","statusCode":204,"timestamp":"2025-12-27 09:18:52","url":"/api/dashboard"}
{"duration":"1ms","ip":"::1","level":"info","message":"HTTP Request Log","method":"OPTIONS","statusCode":204,"timestamp":"2025-12-27 09:18:52","url":"/api/dashboard"}
{"duration":"61ms","ip":"::1","level":"info","message":"HTTP Request Log","method":"GET","statusCode":304,"timestamp":"2025-12-27 09:18:52","url":"/api/dashboard"}
{"duration":"74ms","ip":"::1","level":"info","message":"HTTP Request Log","method":"GET","statusCode":304,"timestamp":"2025-12-27 09:18:52","url":"/api/dashboard"}
{"duration":"0ms","ip":"::1","level":"info","message":"HTTP Request Log","method":"OPTIONS","statusCode":204,"timestamp":"2025-12-27 09:20:16","url":"/api/profile"}
{"duration":"0ms","ip":"::1","level":"info","message":"HTTP Request Log","method":"OPTIONS","statusCode":204,"timestamp":"2025-12-27 09:20:16","url":"/api/profile"}
{"duration":"52ms","ip":"::1","level":"info","message":"HTTP Request Log","method":"GET","statusCode":304,"timestamp":"2025-12-27 09:20:16","url":"/api/profile"}
{"duration":"55ms","ip":"::1","level":"info","message":"HTTP Request Log","method":"GET","statusCode":304,"timestamp":"2025-12-27 09:20:16","url":"/api/profile"}
{"duration":"1ms","ip":"::1","level":"info","message":"HTTP Request Log","method":"OPTIONS","statusCode":204,"timestamp":"2025-12-27 09:20:17","url":"/api/dashboard"}
{"duration":"0ms","ip":"::1","level":"info","message":"HTTP Request Log","method":"OPTIONS","statusCode":204,"timestamp":"2025-12-27 09:20:17","url":"/api/dashboard"}
{"duration":"66ms","ip":"::1","level":"info","message":"HTTP Request Log","method":"GET","statusCode":304,"timestamp":"2025-12-27 09:20:17","url":"/api/dashboard"}
{"duration":"61ms","ip":"::1","level":"info","message":"HTTP Request Log","method":"GET","statusCode":304,"timestamp":"2025-12-27 09:20:17","url":"/api/dashboard"}
{"duration":"1ms","ip":"::1","level":"info","message":"HTTP Request Log","method":"OPTIONS","statusCode":204,"timestamp":"2025-12-27 09:20:23","url":"/api/profile"}
{"duration":"67ms","ip":"::1","level":"info","message":"HTTP Request Log","method":"GET","statusCode":304,"timestamp":"2025-12-27 09:20:23","url":"/api/profile"}
{"duration":"49ms","ip":"::1","level":"info","message":"HTTP Request Log","method":"GET","statusCode":304,"timestamp":"2025-12-27 09:20:23","url":"/api/profile"}
{"duration":"1ms","ip":"::1","level":"info","message":"HTTP Request Log","method":"OPTIONS","statusCode":204,"timestamp":"2025-12-27 09:20:40","url":"/api/logout"}
{"duration":"2ms","ip":"::1","level":"info","message":"HTTP Request Log","method":"POST","statusCode":200,"timestamp":"2025-12-27 09:20:40","url":"/api/logout"}
{"duration":"8ms","ip":"::1","level":"info","message":"HTTP Request Log","method":"OPTIONS","statusCode":204,"timestamp":"2025-12-27 10:48:52","url":"/api/login"}
{"duration":"193ms","ip":"::1","level":"info","message":"HTTP Request Log","method":"POST","statusCode":200,"timestamp":"2025-12-27 10:48:52","url":"/api/login"}
{"duration":"0ms","ip":"::1","level":"info","message":"HTTP Request Log","method":"OPTIONS","statusCode":204,"timestamp":"2025-12-27 10:48:52","url":"/api/dashboard"}
{"duration":"1ms","ip":"::1","level":"info","message":"HTTP Request Log","method":"OPTIONS","statusCode":204,"timestamp":"2025-12-27 10:48:52","url":"/api/dashboard"}
{"duration":"86ms","ip":"::1","level":"info","message":"HTTP Request Log","method":"GET","statusCode":304,"timestamp":"2025-12-27 10:48:52","url":"/api/dashboard"}
{"duration":"79ms","ip":"::1","level":"info","message":"HTTP Request Log","method":"GET","statusCode":304,"timestamp":"2025-12-27 10:48:52","url":"/api/dashboard"}
{"duration":"0ms","ip":"::1","level":"info","message":"HTTP Request Log","method":"OPTIONS","statusCode":204,"timestamp":"2025-12-27 10:48:58","url":"/api/dashboard"}
{"duration":"1ms","ip":"::1","level":"info","message":"HTTP Request Log","method":"OPTIONS","statusCode":204,"timestamp":"2025-12-27 10:48:58","url":"/api/dashboard"}
{"duration":"62ms","ip":"::1","level":"info","message":"HTTP Request Log","method":"GET","statusCode":304,"timestamp":"2025-12-27 10:48:58","url":"/api/dashboard"}
{"duration":"63ms","ip":"::1","level":"info","message":"HTTP Request Log","method":"GET","statusCode":304,"timestamp":"2025-12-27 10:48:58","url":"/api/dashboard"}
{"duration":"5ms","ip":"::1","level":"info","message":"HTTP Request Log","method":"OPTIONS","statusCode":204,"timestamp":"2025-12-27 10:50:05","url":"/api/dashboard"}
{"duration":"0ms","ip":"::1","level":"info","message":"HTTP Request Log","method":"OPTIONS","statusCode":204,"timestamp":"2025-12-27 10:50:05","url":"/api/dashboard"}
{"duration":"120ms","ip":"::1","level":"info","message":"HTTP Request Log","method":"GET","statusCode":304,"timestamp":"2025-12-27 10:50:05","url":"/api/dashboard"}
{"duration":"109ms","ip":"::1","level":"info","message":"HTTP Request Log","method":"GET","statusCode":304,"timestamp":"2025-12-27 10:50:06","url":"/api/dashboard"}
{"duration":"2ms","ip":"::1","level":"info","message":"HTTP Request Log","method":"OPTIONS","statusCode":204,"timestamp":"2025-12-27 11:24:15","url":"/api/students"}
{"duration":"1ms","ip":"::1","level":"info","message":"HTTP Request Log","method":"OPTIONS","statusCode":204,"timestamp":"2025-12-27 11:24:15","url":"/api/students"}
{"duration":"4ms","ip":"::1","level":"info","message":"HTTP Request Log","method":"GET","statusCode":401,"timestamp":"2025-12-27 11:24:15","url":"/api/students"}
{"duration":"3ms","ip":"::1","level":"info","message":"HTTP Request Log","method":"GET","statusCode":401,"timestamp":"2025-12-27 11:24:15","url":"/api/students"}
{"duration":"0ms","ip":"::1","level":"info","message":"HTTP Request Log","method":"OPTIONS","statusCode":204,"timestamp":"2025-12-27 11:24:15","url":"/api/refresh"}
{"duration":"3ms","ip":"::1","level":"info","message":"HTTP Request Log","method":"POST","statusCode":200,"timestamp":"2025-12-27 11:24:15","url":"/api/refresh"}
{"duration":"1ms","ip":"::1","level":"info","message":"HTTP Request Log","method":"OPTIONS","statusCode":204,"timestamp":"2025-12-27 11:24:32","url":"/api/profile"}
{"duration":"1ms","ip":"::1","level":"info","message":"HTTP Request Log","method":"OPTIONS","statusCode":204,"timestamp":"2025-12-27 11:24:32","url":"/api/profile"}
{"duration":"3ms","ip":"::1","level":"info","message":"HTTP Request Log","method":"OPTIONS","statusCode":204,"timestamp":"2025-12-27 11:25:05","url":"/api/dashboard"}
{"duration":"1ms","ip":"::1","level":"info","message":"HTTP Request Log","method":"OPTIONS","statusCode":204,"timestamp":"2025-12-27 11:25:05","url":"/api/dashboard"}
{"duration":"10013ms","ip":"::1","level":"info","message":"HTTP Request Log","method":"GET","statusCode":500,"timestamp":"2025-12-27 11:25:15","url":"/api/dashboard"}
{"duration":"10009ms","ip":"::1","level":"info","message":"HTTP Request Log","method":"GET","statusCode":500,"timestamp":"2025-12-27 11:25:26","url":"/api/dashboard"}
{"duration":"2ms","ip":"::1","level":"info","message":"HTTP Request Log","method":"OPTIONS","statusCode":204,"timestamp":"2025-12-27 11:27:10","url":"/api/dashboard"}
{"duration":"1ms","ip":"::1","level":"info","message":"HTTP Request Log","method":"OPTIONS","statusCode":204,"timestamp":"2025-12-27 11:27:10","url":"/api/dashboard"}
{"duration":"10008ms","ip":"::1","level":"info","message":"HTTP Request Log","method":"GET","statusCode":500,"timestamp":"2025-12-27 11:27:20","url":"/api/dashboard"}
{"duration":"10011ms","ip":"::1","level":"info","message":"HTTP Request Log","method":"GET","statusCode":500,"timestamp":"2025-12-27 11:27:30","url":"/api/dashboard"}
{"duration":"6ms","ip":"::1","level":"info","message":"HTTP Request Log","method":"OPTIONS","statusCode":204,"timestamp":"2025-12-27 11:27:46","url":"/api/dashboard"}
{"duration":"0ms","ip":"::1","level":"info","message":"HTTP Request Log","method":"OPTIONS","statusCode":204,"timestamp":"2025-12-27 11:27:46","url":"/api/dashboard"}
{"duration":"379ms","ip":"::1","level":"info","message":"HTTP Request Log","method":"GET","statusCode":200,"timestamp":"2025-12-27 11:27:46","url":"/api/dashboard"}
{"duration":"84ms","ip":"::1","level":"info","message":"HTTP Request Log","method":"GET","statusCode":304,"timestamp":"2025-12-27 11:27:46","url":"/api/dashboard"}
{"duration":"1ms","ip":"::1","level":"info","message":"HTTP Request Log","method":"OPTIONS","statusCode":204,"timestamp":"2025-12-27 11:27:50","url":"/api/students"}
{"duration":"1ms","ip":"::1","level":"info","message":"HTTP Request Log","method":"OPTIONS","statusCode":204,"timestamp":"2025-12-27 11:27:50","url":"/api/students"}
{"duration":"53ms","ip":"::1","level":"info","message":"HTTP Request Log","method":"GET","statusCode":304,"timestamp":"2025-12-27 11:27:50","url":"/api/students"}
{"duration":"42ms","ip":"::1","level":"info","message":"HTTP Request Log","method":"GET","statusCode":304,"timestamp":"2025-12-27 11:27:50","url":"/api/students"}
{"duration":"1ms","ip":"::1","level":"info","message":"HTTP Request Log","method":"OPTIONS","statusCode":204,"timestamp":"2025-12-27 11:27:57","url":"/api/placements"}
{"duration":"1ms","ip":"::1","level":"info","message":"HTTP Request Log","method":"OPTIONS","statusCode":204,"timestamp":"2025-12-27 11:27:57","url":"/api/placements"}
{"duration":"43ms","ip":"::1","level":"info","message":"HTTP Request Log","method":"GET","statusCode":304,"timestamp":"2025-12-27 11:27:57","url":"/api/placements"}
{"duration":"44ms","ip":"::1","level":"info","message":"HTTP Request Log","method":"GET","statusCode":304,"timestamp":"2025-12-27 11:27:57","url":"/api/placements"}
{"duration":"1ms","ip":"::1","level":"info","message":"HTTP Request Log","method":"OPTIONS","statusCode":204,"timestamp":"2025-12-27 11:28:01","url":"/api/profile"}
{"duration":"1ms","ip":"::1","level":"info","message":"HTTP Request Log","method":"OPTIONS","statusCode":204,"timestamp":"2025-12-27 11:28:01","url":"/api/profile"}
{"duration":"52ms","ip":"::1","level":"info","message":"HTTP Request Log","method":"GET","statusCode":304,"timestamp":"2025-12-27 11:28:01","url":"/api/profile"}
{"duration":"42ms","ip":"::1","level":"info","message":"HTTP Request Log","method":"GET","statusCode":304,"timestamp":"2025-12-27 11:28:01","url":"/api/profile"}
{"duration":"9ms","ip":"::1","level":"info","message":"HTTP Request Log","method":"OPTIONS","statusCode":204,"timestamp":"2025-12-27 11:36:05","url":"/api/dashboard"}
{"duration":"1ms","ip":"::1","level":"info","message":"HTTP Request Log","method":"OPTIONS","statusCode":204,"timestamp":"2025-12-27 11:36:05","url":"/api/dashboard"}
{"duration":"231ms","ip":"::1","level":"info","message":"HTTP Request Log","method":"GET","statusCode":304,"timestamp":"2025-12-27 11:36:05","url":"/api/dashboard"}
{"duration":"178ms","ip":"::1","level":"info","message":"HTTP Request Log","method":"GET","statusCode":304,"timestamp":"2025-12-27 11:36:05","url":"/api/dashboard"}
{"duration":"0ms","ip":"::1","level":"info","message":"HTTP Request Log","method":"OPTIONS","statusCode":204,"timestamp":"2025-12-27 11:37:21","url":"/api/students"}
{"duration":"1ms","ip":"::1","level":"info","message":"HTTP Request Log","method":"OPTIONS","statusCode":204,"timestamp":"2025-12-27 11:37:21","url":"/api/students"}
{"duration":"56ms","ip":"::1","level":"info","message":"HTTP Request Log","method":"GET","statusCode":304,"timestamp":"2025-12-27 11:37:21","url":"/api/students"}
{"duration":"44ms","ip":"::1","level":"info","message":"HTTP Request Log","method":"GET","statusCode":304,"timestamp":"2025-12-27 11:37:21","url":"/api/students"}
{"duration":"1ms","ip":"::1","level":"info","message":"HTTP Request Log","method":"OPTIONS","statusCode":204,"timestamp":"2025-12-27 11:38:04","url":"/api/courses"}
{"duration":"1ms","ip":"::1","level":"info","message":"HTTP Request Log","method":"OPTIONS","statusCode":204,"timestamp":"2025-12-27 11:38:04","url":"/api/courses"}
{"duration":"55ms","ip":"::1","level":"info","message":"HTTP Request Log","method":"GET","statusCode":304,"timestamp":"2025-12-27 11:38:04","url":"/api/courses"}
{"duration":"46ms","ip":"::1","level":"info","message":"HTTP Request Log","method":"GET","statusCode":304,"timestamp":"2025-12-27 11:38:04","url":"/api/courses"}
{"duration":"1ms","ip":"::1","level":"info","message":"HTTP Request Log","method":"OPTIONS","statusCode":204,"timestamp":"2025-12-27 11:38:06","url":"/api/courses/694d57cf9e1cdfc01e5599b1"}
{"duration":"1ms","ip":"::1","level":"info","message":"HTTP Request Log","method":"OPTIONS","statusCode":204,"timestamp":"2025-12-27 11:38:06","url":"/api/courses/694d57cf9e1cdfc01e5599b1"}
{"duration":"45ms","ip":"::1","level":"info","message":"HTTP Request Log","method":"GET","statusCode":304,"timestamp":"2025-12-27 11:38:06","url":"/api/courses/694d57cf9e1cdfc01e5599b1"}
{"duration":"44ms","ip":"::1","level":"info","message":"HTTP Request Log","method":"GET","statusCode":304,"timestamp":"2025-12-27 11:38:06","url":"/api/courses/694d57cf9e1cdfc01e5599b1"}
{"duration":"46ms","ip":"::1","level":"info","message":"HTTP Request Log","method":"GET","statusCode":304,"timestamp":"2025-12-27 11:38:08","url":"/api/courses"}
{"duration":"44ms","ip":"::1","level":"info","message":"HTTP Request Log","method":"GET","statusCode":304,"timestamp":"2025-12-27 11:38:08","url":"/api/courses"}
{"duration":"45ms","ip":"::1","level":"info","message":"HTTP Request Log","method":"GET","statusCode":304,"timestamp":"2025-12-27 11:38:10","url":"/api/courses/694d57cf9e1cdfc01e5599b1"}
{"duration":"43ms","ip":"::1","level":"info","message":"HTTP Request Log","method":"GET","statusCode":304,"timestamp":"2025-12-27 11:38:10","url":"/api/courses/694d57cf9e1cdfc01e5599b1"}
{"duration":"1ms","ip":"::1","level":"info","message":"HTTP Request Log","method":"OPTIONS","statusCode":204,"timestamp":"2025-12-27 11:38:13","url":"/api/courses"}
{"duration":"1ms","ip":"::1","level":"info","message":"HTTP Request Log","method":"OPTIONS","statusCode":204,"timestamp":"2025-12-27 11:38:13","url":"/api/courses"}
{"duration":"57ms","ip":"::1","level":"info","message":"HTTP Request Log","method":"GET","statusCode":304,"timestamp":"2025-12-27 11:38:13","url":"/api/courses"}
{"duration":"48ms","ip":"::1","level":"info","message":"HTTP Request Log","method":"GET","statusCode":304,"timestamp":"2025-12-27 11:38:13","url":"/api/courses"}
{"duration":"1ms","ip":"::1","level":"info","message":"HTTP Request Log","method":"OPTIONS","statusCode":204,"timestamp":"2025-12-27 11:38:39","url":"/api/courses"}
{"duration":"0ms","ip":"::1","level":"info","message":"HTTP Request Log","method":"OPTIONS","statusCode":204,"timestamp":"2025-12-27 11:38:39","url":"/api/courses"}
{"duration":"44ms","ip":"::1","level":"info","message":"HTTP Request Log","method":"GET","statusCode":304,"timestamp":"2025-12-27 11:38:39","url":"/api/courses"}
{"duration":"46ms","ip":"::1","level":"info","message":"HTTP Request Log","method":"GET","statusCode":304,"timestamp":"2025-12-27 11:38:39","url":"/api/courses"}
{"duration":"0ms","ip":"::1","level":"info","message":"HTTP Request Log","method":"OPTIONS","statusCode":204,"timestamp":"2025-12-27 11:39:33","url":"/api/dashboard"}
{"duration":"1ms","ip":"::1","level":"info","message":"HTTP Request Log","method":"OPTIONS","statusCode":204,"timestamp":"2025-12-27 11:39:33","url":"/api/dashboard"}
{"duration":"3ms","ip":"::1","level":"info","message":"HTTP Request Log","method":"GET","statusCode":401,"timestamp":"2025-12-27 11:39:33","url":"/api/dashboard"}
{"duration":"3ms","ip":"::1","level":"info","message":"HTTP Request Log","method":"GET","statusCode":401,"timestamp":"2025-12-27 11:39:33","url":"/api/dashboard"}
{"duration":"1ms","ip":"::1","level":"info","message":"HTTP Request Log","method":"OPTIONS","statusCode":204,"timestamp":"2025-12-27 11:39:33","url":"/api/refresh"}
{"duration":"21ms","ip":"::1","level":"info","message":"HTTP Request Log","method":"POST","statusCode":200,"timestamp":"2025-12-27 11:39:33","url":"/api/refresh"}
{"duration":"84ms","ip":"::1","level":"info","message":"HTTP Request Log","method":"GET","statusCode":304,"timestamp":"2025-12-27 11:39:33","url":"/api/dashboard"}
{"duration":"82ms","ip":"::1","level":"info","message":"HTTP Request Log","method":"GET","statusCode":304,"timestamp":"2025-12-27 11:39:33","url":"/api/dashboard"}
{"duration":"2ms","ip":"::1","level":"info","message":"HTTP Request Log","method":"OPTIONS","statusCode":204,"timestamp":"2025-12-27 11:43:32","url":"/api/students"}
{"duration":"1ms","ip":"::1","level":"info","message":"HTTP Request Log","method":"OPTIONS","statusCode":204,"timestamp":"2025-12-27 11:43:32","url":"/api/students"}
{"duration":"46ms","ip":"::1","level":"info","message":"HTTP Request Log","method":"GET","statusCode":304,"timestamp":"2025-12-27 11:43:32","url":"/api/students"}
{"duration":"40ms","ip":"::1","level":"info","message":"HTTP Request Log","method":"GET","statusCode":304,"timestamp":"2025-12-27 11:43:32","url":"/api/students"}
{"duration":"1ms","ip":"::1","level":"info","message":"HTTP Request Log","method":"OPTIONS","statusCode":204,"timestamp":"2025-12-27 11:43:34","url":"/api/students/694d28c5e7f570ae34aff131"}
{"duration":"1ms","ip":"::1","level":"info","message":"HTTP Request Log","method":"OPTIONS","statusCode":204,"timestamp":"2025-12-27 11:43:34","url":"/api/students/694d28c5e7f570ae34aff131"}
{"duration":"43ms","ip":"::1","level":"info","message":"HTTP Request Log","method":"GET","statusCode":304,"timestamp":"2025-12-27 11:43:34","url":"/api/students/694d28c5e7f570ae34aff131"}
{"duration":"41ms","ip":"::1","level":"info","message":"HTTP Request Log","method":"GET","statusCode":304,"timestamp":"2025-12-27 11:43:34","url":"/api/students/694d28c5e7f570ae34aff131"}
{"duration":"56ms","ip":"::1","level":"info","message":"HTTP Request Log","method":"GET","statusCode":304,"timestamp":"2025-12-27 11:43:36","url":"/api/students"}
{"duration":"78ms","ip":"::1","level":"info","message":"HTTP Request Log","method":"GET","statusCode":304,"timestamp":"2025-12-27 11:43:37","url":"/api/students"}
{"duration":"1ms","ip":"::1","level":"info","message":"HTTP Request Log","method":"OPTIONS","statusCode":204,"timestamp":"2025-12-27 11:43:42","url":"/api/courses"}
{"duration":"1ms","ip":"::1","level":"info","message":"HTTP Request Log","method":"OPTIONS","statusCode":204,"timestamp":"2025-12-27 11:43:42","url":"/api/courses"}
{"duration":"42ms","ip":"::1","level":"info","message":"HTTP Request Log","method":"GET","statusCode":304,"timestamp":"2025-12-27 11:43:42","url":"/api/courses"}
{"duration":"42ms","ip":"::1","level":"info","message":"HTTP Request Log","method":"GET","statusCode":304,"timestamp":"2025-12-27 11:43:42","url":"/api/courses"}
{"duration":"0ms","ip":"::1","level":"info","message":"HTTP Request Log","method":"OPTIONS","statusCode":204,"timestamp":"2025-12-27 11:43:43","url":"/api/courses/694d57cf9e1cdfc01e5599b1"}
{"duration":"0ms","ip":"::1","level":"info","message":"HTTP Request Log","method":"OPTIONS","statusCode":204,"timestamp":"2025-12-27 11:43:43","url":"/api/courses/694d57cf9e1cdfc01e5599b1"}
{"duration":"46ms","ip":"::1","level":"info","message":"HTTP Request Log","method":"GET","statusCode":304,"timestamp":"2025-12-27 11:43:43","url":"/api/courses/694d57cf9e1cdfc01e5599b1"}
{"duration":"47ms","ip":"::1","level":"info","message":"HTTP Request Log","method":"GET","statusCode":304,"timestamp":"2025-12-27 11:43:43","url":"/api/courses/694d57cf9e1cdfc01e5599b1"}
{"duration":"45ms","ip":"::1","level":"info","message":"HTTP Request Log","method":"GET","statusCode":304,"timestamp":"2025-12-27 11:43:45","url":"/api/courses"}
{"duration":"45ms","ip":"::1","level":"info","message":"HTTP Request Log","method":"GET","statusCode":304,"timestamp":"2025-12-27 11:43:45","url":"/api/courses"}
{"duration":"1ms","ip":"::1","level":"info","message":"HTTP Request Log","method":"OPTIONS","statusCode":204,"timestamp":"2025-12-27 11:43:52","url":"/api/courses/694d57cf9e1cdfc01e5599b1"}
{"duration":"1ms","ip":"::1","level":"info","message":"HTTP Request Log","method":"OPTIONS","statusCode":204,"timestamp":"2025-12-27 11:43:52","url":"/api/courses/694d57cf9e1cdfc01e5599b1"}
{"duration":"44ms","ip":"::1","level":"info","message":"HTTP Request Log","method":"GET","statusCode":304,"timestamp":"2025-12-27 11:43:52","url":"/api/courses/694d57cf9e1cdfc01e5599b1"}
{"duration":"41ms","ip":"::1","level":"info","message":"HTTP Request Log","method":"GET","statusCode":304,"timestamp":"2025-12-27 11:43:52","url":"/api/courses/694d57cf9e1cdfc01e5599b1"}
{"duration":"0ms","ip":"::1","level":"info","message":"HTTP Request Log","method":"OPTIONS","statusCode":204,"timestamp":"2025-12-27 11:43:54","url":"/api/courses"}
{"duration":"0ms","ip":"::1","level":"info","message":"HTTP Request Log","method":"OPTIONS","statusCode":204,"timestamp":"2025-12-27 11:43:54","url":"/api/courses"}
{"duration":"42ms","ip":"::1","level":"info","message":"HTTP Request Log","method":"GET","statusCode":304,"timestamp":"2025-12-27 11:43:54","url":"/api/courses"}
{"duration":"41ms","ip":"::1","level":"info","message":"HTTP Request Log","method":"GET","statusCode":304,"timestamp":"2025-12-27 11:43:54","url":"/api/courses"}
{"duration":"1ms","ip":"::1","level":"info","message":"HTTP Request Log","method":"OPTIONS","statusCode":204,"timestamp":"2025-12-27 11:43:55","url":"/api/resumes"}
{"duration":"0ms","ip":"::1","level":"info","message":"HTTP Request Log","method":"OPTIONS","statusCode":204,"timestamp":"2025-12-27 11:43:55","url":"/api/resumes"}
{"duration":"42ms","ip":"::1","level":"info","message":"HTTP Request Log","method":"GET","statusCode":304,"timestamp":"2025-12-27 11:43:55","url":"/api/resumes"}
{"duration":"41ms","ip":"::1","level":"info","message":"HTTP Request Log","method":"GET","statusCode":304,"timestamp":"2025-12-27 11:43:55","url":"/api/resumes"}
{"duration":"1ms","ip":"::1","level":"info","message":"HTTP Request Log","method":"OPTIONS","statusCode":204,"timestamp":"2025-12-27 11:44:13","url":"/api/placements"}
{"duration":"1ms","ip":"::1","level":"info","message":"HTTP Request Log","method":"OPTIONS","statusCode":204,"timestamp":"2025-12-27 11:44:13","url":"/api/placements"}
{"duration":"41ms","ip":"::1","level":"info","message":"HTTP Request Log","method":"GET","statusCode":304,"timestamp":"2025-12-27 11:44:13","url":"/api/placements"}
{"duration":"39ms","ip":"::1","level":"info","message":"HTTP Request Log","method":"GET","statusCode":304,"timestamp":"2025-12-27 11:44:13","url":"/api/placements"}
{"duration":"0ms","ip":"::1","level":"info","message":"HTTP Request Log","method":"OPTIONS","statusCode":204,"timestamp":"2025-12-27 11:44:16","url":"/api/alumni"}
{"duration":"0ms","ip":"::1","level":"info","message":"HTTP Request Log","method":"OPTIONS","statusCode":204,"timestamp":"2025-12-27 11:44:16","url":"/api/alumni"}
{"duration":"54ms","ip":"::1","level":"info","message":"HTTP Request Log","method":"GET","statusCode":304,"timestamp":"2025-12-27 11:44:16","url":"/api/alumni"}
{"duration":"40ms","ip":"::1","level":"info","message":"HTTP Request Log","method":"GET","statusCode":304,"timestamp":"2025-12-27 11:44:16","url":"/api/alumni"}
{"duration":"0ms","ip":"::1","level":"info","message":"HTTP Request Log","method":"OPTIONS","statusCode":204,"timestamp":"2025-12-27 11:44:21","url":"/api/profile"}
{"duration":"0ms","ip":"::1","level":"info","message":"HTTP Request Log","method":"OPTIONS","statusCode":204,"timestamp":"2025-12-27 11:44:21","url":"/api/profile"}
{"duration":"41ms","ip":"::1","level":"info","message":"HTTP Request Log","method":"GET","statusCode":304,"timestamp":"2025-12-27 11:44:21","url":"/api/profile"}
{"duration":"40ms","ip":"::1","level":"info","message":"HTTP Request Log","method":"GET","statusCode":304,"timestamp":"2025-12-27 11:44:21","url":"/api/profile"}
{"duration":"1ms","ip":"::1","level":"info","message":"HTTP Request Log","method":"OPTIONS","statusCode":204,"timestamp":"2025-12-27 11:44:25","url":"/api/dashboard"}
{"duration":"0ms","ip":"::1","level":"info","message":"HTTP Request Log","method":"OPTIONS","statusCode":204,"timestamp":"2025-12-27 11:44:25","url":"/api/dashboard"}
{"duration":"86ms","ip":"::1","level":"info","message":"HTTP Request Log","method":"GET","statusCode":304,"timestamp":"2025-12-27 11:44:25","url":"/api/dashboard"}
{"duration":"86ms","ip":"::1","level":"info","message":"HTTP Request Log","method":"GET","statusCode":304,"timestamp":"2025-12-27 11:44:25","url":"/api/dashboard"}
{"duration":"3ms","ip":"::1","level":"info","message":"HTTP Request Log","method":"OPTIONS","statusCode":204,"timestamp":"2025-12-27 11:51:09","url":"/api/dashboard"}
{"duration":"1ms","ip":"::1","level":"info","message":"HTTP Request Log","method":"OPTIONS","statusCode":204,"timestamp":"2025-12-27 11:51:09","url":"/api/dashboard"}
{"duration":"189ms","ip":"::1","level":"info","message":"HTTP Request Log","method":"GET","statusCode":304,"timestamp":"2025-12-27 11:51:09","url":"/api/dashboard"}
{"duration":"310ms","ip":"::1","level":"info","message":"HTTP Request Log","method":"GET","statusCode":304,"timestamp":"2025-12-27 11:51:09","url":"/api/dashboard"}
{"duration":"2ms","ip":"::1","level":"info","message":"HTTP Request Log","method":"OPTIONS","statusCode":204,"timestamp":"2025-12-27 12:44:09","url":"/api/dashboard"}
{"duration":"0ms","ip":"::1","level":"info","message":"HTTP Request Log","method":"OPTIONS","statusCode":204,"timestamp":"2025-12-27 12:44:09","url":"/api/dashboard"}
{"duration":"2ms","ip":"::1","level":"info","message":"HTTP Request Log","method":"GET","statusCode":401,"timestamp":"2025-12-27 12:44:09","url":"/api/dashboard"}
{"duration":"0ms","ip":"::1","level":"info","message":"HTTP Request Log","method":"OPTIONS","statusCode":204,"timestamp":"2025-12-27 12:44:09","url":"/api/refresh"}
{"duration":"3ms","ip":"::1","level":"info","message":"HTTP Request Log","method":"GET","statusCode":401,"timestamp":"2025-12-27 12:44:09","url":"/api/dashboard"}
{"duration":"6ms","ip":"::1","level":"info","message":"HTTP Request Log","method":"POST","statusCode":200,"timestamp":"2025-12-27 12:44:09","url":"/api/refresh"}
{"duration":"2275ms","ip":"::1","level":"info","message":"HTTP Request Log","method":"GET","statusCode":304,"timestamp":"2025-12-27 12:44:12","url":"/api/dashboard"}
{"duration":"854ms","ip":"::1","level":"info","message":"HTTP Request Log","method":"GET","statusCode":304,"timestamp":"2025-12-27 12:44:12","url":"/api/dashboard"}
{"duration":"3ms","ip":"::1","level":"info","message":"HTTP Request Log","method":"OPTIONS","statusCode":204,"timestamp":"2025-12-27 12:48:14","url":"/api/dashboard"}
{"duration":"0ms","ip":"::1","level":"info","message":"HTTP Request Log","method":"OPTIONS","statusCode":204,"timestamp":"2025-12-27 12:48:14","url":"/api/dashboard"}
{"duration":"95ms","ip":"::1","level":"info","message":"HTTP Request Log","method":"GET","statusCode":304,"timestamp":"2025-12-27 12:48:14","url":"/api/dashboard"}
{"duration":"232ms","ip":"::1","level":"info","message":"HTTP Request Log","method":"GET","statusCode":304,"timestamp":"2025-12-27 12:48:15","url":"/api/dashboard"}
{"duration":"3ms","ip":"::1","level":"info","message":"HTTP Request Log","method":"OPTIONS","statusCode":204,"timestamp":"2025-12-27 13:07:54","url":"/api/dashboard"}
{"duration":"1ms","ip":"::1","level":"info","message":"HTTP Request Log","method":"OPTIONS","statusCode":204,"timestamp":"2025-12-27 13:07:54","url":"/api/dashboard"}
{"duration":"9ms","ip":"::1","level":"info","message":"HTTP Request Log","method":"GET","statusCode":401,"timestamp":"2025-12-27 13:07:54","url":"/api/dashboard"}
{"duration":"2ms","ip":"::1","level":"info","message":"HTTP Request Log","method":"GET","statusCode":401,"timestamp":"2025-12-27 13:07:54","url":"/api/dashboard"}
{"duration":"0ms","ip":"::1","level":"info","message":"HTTP Request Log","method":"OPTIONS","statusCode":204,"timestamp":"2025-12-27 13:07:54","url":"/api/refresh"}
{"duration":"8ms","ip":"::1","level":"info","message":"HTTP Request Log","method":"POST","statusCode":200,"timestamp":"2025-12-27 13:07:54","url":"/api/refresh"}
{"duration":"2213ms","ip":"::1","level":"info","message":"HTTP Request Log","method":"GET","statusCode":304,"timestamp":"2025-12-27 13:07:57","url":"/api/dashboard"}
{"duration":"815ms","ip":"::1","level":"info","message":"HTTP Request Log","method":"GET","statusCode":304,"timestamp":"2025-12-27 13:07:57","url":"/api/dashboard"}
{"duration":"1ms","ip":"::1","level":"info","message":"HTTP Request Log","method":"OPTIONS","statusCode":204,"timestamp":"2025-12-27 13:10:31","url":"/api/dashboard"}
{"duration":"0ms","ip":"::1","level":"info","message":"HTTP Request Log","method":"OPTIONS","statusCode":204,"timestamp":"2025-12-27 13:10:31","url":"/api/dashboard"}
{"duration":"227ms","ip":"::1","level":"info","message":"HTTP Request Log","method":"GET","statusCode":304,"timestamp":"2025-12-27 13:10:31","url":"/api/dashboard"}
{"duration":"266ms","ip":"::1","level":"info","message":"HTTP Request Log","method":"GET","statusCode":304,"timestamp":"2025-12-27 13:10:31","url":"/api/dashboard"}
