{"duration":"32ms","ip":"::1","level":"info","message":"HTTP Request Log","method":"POST","statusCode":500,"timestamp":"2025-12-08 17:46:11","url":"/api/login"}
{"duration":"173ms","ip":"::1","level":"info","message":"HTTP Request Log","method":"POST","statusCode":200,"timestamp":"2025-12-08 17:47:44","url":"/api/login"}
{"duration":"5ms","ip":"::1","level":"info","message":"HTTP Request Log","method":"POST","statusCode":404,"timestamp":"2025-12-08 17:49:48","url":"/api//user/692d97699132c8c102463bf8"}
{"duration":"16ms","ip":"::1","level":"info","message":"HTTP Request Log","method":"POST","statusCode":404,"timestamp":"2025-12-08 17:52:28","url":"/api/user/692d97699132c8c102463bf8"}
{"duration":"3ms","ip":"::1","level":"info","message":"HTTP Request Log","method":"OPTIONS","statusCode":204,"timestamp":"2025-12-08 17:53:26","url":"/api/login"}
{"duration":"132ms","ip":"::1","level":"info","message":"HTTP Request Log","method":"POST","statusCode":200,"timestamp":"2025-12-08 17:53:26","url":"/api/login"}
{"duration":"2ms","ip":"::1","level":"info","message":"HTTP Request Log","method":"GET","statusCode":500,"timestamp":"2025-12-08 17:53:26","url":"/api/user/692d97699132c8c102463bf8"}
{"duration":"1ms","ip":"::1","level":"info","message":"HTTP Request Log","method":"GET","statusCode":500,"timestamp":"2025-12-08 17:53:26","url":"/api/user/692d97699132c8c102463bf8"}
{"duration":"9ms","ip":"::1","level":"info","message":"HTTP Request Log","method":"OPTIONS","statusCode":204,"timestamp":"2025-12-08 17:54:20","url":"/api/login"}
{"duration":"156ms","ip":"::1","level":"info","message":"HTTP Request Log","method":"POST","statusCode":200,"timestamp":"2025-12-08 17:54:21","url":"/api/login"}
{"duration":"49ms","ip":"::1","level":"info","message":"HTTP Request Log","method":"GET","statusCode":200,"timestamp":"2025-12-08 17:54:21","url":"/api/user/692d97699132c8c102463bf8"}
{"duration":"46ms","ip":"::1","level":"info","message":"HTTP Request Log","method":"GET","statusCode":304,"timestamp":"2025-12-08 17:54:21","url":"/api/user/692d97699132c8c102463bf8"}
{"duration":"9ms","ip":"::1","level":"info","message":"HTTP Request Log","method":"OPTIONS","statusCode":204,"timestamp":"2025-12-08 18:10:33","url":"/api/login"}
{"duration":"163ms","ip":"::1","level":"info","message":"HTTP Request Log","method":"POST","statusCode":200,"timestamp":"2025-12-08 18:10:33","url":"/api/login"}
{"duration":"1ms","ip":"::1","level":"info","message":"HTTP Request Log","method":"GET","statusCode":401,"timestamp":"2025-12-08 18:10:33","url":"/api/user/692d97699132c8c102463bf8"}
{"duration":"1ms","ip":"::1","level":"info","message":"HTTP Request Log","method":"GET","statusCode":401,"timestamp":"2025-12-08 18:10:33","url":"/api/user/692d97699132c8c102463bf8"}
{"duration":"19ms","ip":"::1","level":"info","message":"HTTP Request Log","method":"OPTIONS","statusCode":204,"timestamp":"2025-12-08 18:39:26","url":"/api/login"}
{"duration":"463ms","ip":"::1","level":"info","message":"HTTP Request Log","method":"POST","statusCode":200,"timestamp":"2025-12-08 18:39:26","url":"/api/login"}
{"duration":"1ms","ip":"::1","level":"info","message":"HTTP Request Log","method":"OPTIONS","statusCode":204,"timestamp":"2025-12-08 18:39:26","url":"/api/user/692d97699132c8c102463bf8"}
{"duration":"0ms","ip":"::1","level":"info","message":"HTTP Request Log","method":"OPTIONS","statusCode":204,"timestamp":"2025-12-08 18:39:26","url":"/api/user/692d97699132c8c102463bf8"}
{"duration":"50ms","ip":"::1","level":"info","message":"HTTP Request Log","method":"GET","statusCode":304,"timestamp":"2025-12-08 18:39:26","url":"/api/user/692d97699132c8c102463bf8"}
{"duration":"89ms","ip":"::1","level":"info","message":"HTTP Request Log","method":"GET","statusCode":304,"timestamp":"2025-12-08 18:39:26","url":"/api/user/692d97699132c8c102463bf8"}
{"duration":"3ms","ip":"::1","level":"info","message":"HTTP Request Log","method":"OPTIONS","statusCode":204,"timestamp":"2025-12-08 18:55:13","url":"/api/login"}
{"duration":"670ms","ip":"::1","level":"info","message":"HTTP Request Log","method":"POST","statusCode":200,"timestamp":"2025-12-08 18:55:14","url":"/api/login"}
{"duration":"1ms","ip":"::1","level":"info","message":"HTTP Request Log","method":"OPTIONS","statusCode":204,"timestamp":"2025-12-08 18:55:14","url":"/api/user/692d97699132c8c102463bf8"}
{"duration":"1ms","ip":"::1","level":"info","message":"HTTP Request Log","method":"OPTIONS","statusCode":204,"timestamp":"2025-12-08 18:55:14","url":"/api/user/692d97699132c8c102463bf8"}
{"duration":"51ms","ip":"::1","level":"info","message":"HTTP Request Log","method":"GET","statusCode":304,"timestamp":"2025-12-08 18:55:14","url":"/api/user/692d97699132c8c102463bf8"}
{"duration":"46ms","ip":"::1","level":"info","message":"HTTP Request Log","method":"GET","statusCode":304,"timestamp":"2025-12-08 18:55:14","url":"/api/user/692d97699132c8c102463bf8"}
{"duration":"8ms","ip":"::1","level":"info","message":"HTTP Request Log","method":"OPTIONS","statusCode":204,"timestamp":"2025-12-08 19:09:32","url":"/api/login"}
{"duration":"178ms","ip":"::1","level":"info","message":"HTTP Request Log","method":"POST","statusCode":200,"timestamp":"2025-12-08 19:09:32","url":"/api/login"}
{"duration":"1ms","ip":"::1","level":"info","message":"HTTP Request Log","method":"OPTIONS","statusCode":204,"timestamp":"2025-12-08 19:09:32","url":"/api/user/692d97699132c8c102463bf8"}
{"duration":"51ms","ip":"::1","level":"info","message":"HTTP Request Log","method":"GET","statusCode":304,"timestamp":"2025-12-08 19:09:33","url":"/api/user/692d97699132c8c102463bf8"}
{"duration":"47ms","ip":"::1","level":"info","message":"HTTP Request Log","method":"GET","statusCode":304,"timestamp":"2025-12-08 19:09:33","url":"/api/user/692d97699132c8c102463bf8"}
{"duration":"3ms","ip":"::1","level":"info","message":"HTTP Request Log","method":"OPTIONS","statusCode":204,"timestamp":"2025-12-08 19:11:46","url":"/api/user/692d97699132c8c102463bf8"}
{"duration":"1ms","ip":"::1","level":"info","message":"HTTP Request Log","method":"OPTIONS","statusCode":204,"timestamp":"2025-12-08 19:11:46","url":"/api/user/692d97699132c8c102463bf8"}
{"duration":"50ms","ip":"::1","level":"info","message":"HTTP Request Log","method":"GET","statusCode":200,"timestamp":"2025-12-08 19:11:46","url":"/api/user/692d97699132c8c102463bf8"}
{"duration":"48ms","ip":"::1","level":"info","message":"HTTP Request Log","method":"GET","statusCode":304,"timestamp":"2025-12-08 19:11:46","url":"/api/user/692d97699132c8c102463bf8"}
{"duration":"60ms","ip":"::1","level":"info","message":"HTTP Request Log","method":"GET","statusCode":304,"timestamp":"2025-12-08 19:11:48","url":"/api/user/692d97699132c8c102463bf8"}
{"duration":"48ms","ip":"::1","level":"info","message":"HTTP Request Log","method":"GET","statusCode":304,"timestamp":"2025-12-08 19:11:48","url":"/api/user/692d97699132c8c102463bf8"}
{"duration":"48ms","ip":"::1","level":"info","message":"HTTP Request Log","method":"GET","statusCode":304,"timestamp":"2025-12-08 19:11:49","url":"/api/user/692d97699132c8c102463bf8"}
{"duration":"49ms","ip":"::1","level":"info","message":"HTTP Request Log","method":"GET","statusCode":304,"timestamp":"2025-12-08 19:11:49","url":"/api/user/692d97699132c8c102463bf8"}
{"duration":"50ms","ip":"::1","level":"info","message":"HTTP Request Log","method":"GET","statusCode":304,"timestamp":"2025-12-08 19:11:50","url":"/api/user/692d97699132c8c102463bf8"}
{"duration":"53ms","ip":"::1","level":"info","message":"HTTP Request Log","method":"GET","statusCode":304,"timestamp":"2025-12-08 19:11:50","url":"/api/user/692d97699132c8c102463bf8"}
{"duration":"1ms","ip":"::1","level":"info","message":"HTTP Request Log","method":"OPTIONS","statusCode":204,"timestamp":"2025-12-08 19:12:06","url":"/api/login"}
{"duration":"3992ms","ip":"::1","level":"info","message":"HTTP Request Log","method":"POST","statusCode":200,"timestamp":"2025-12-08 19:12:10","url":"/api/login"}
{"duration":"1ms","ip":"::1","level":"info","message":"HTTP Request Log","method":"OPTIONS","statusCode":204,"timestamp":"2025-12-08 19:12:27","url":"/api/login"}
{"duration":"3667ms","ip":"::1","level":"info","message":"HTTP Request Log","method":"POST","statusCode":200,"timestamp":"2025-12-08 19:12:30","url":"/api/login"}
{"duration":"1ms","ip":"::1","level":"info","message":"HTTP Request Log","method":"OPTIONS","statusCode":204,"timestamp":"2025-12-08 19:13:08","url":"/api/verify-otp"}
{"duration":"106ms","ip":"::1","level":"info","message":"HTTP Request Log","method":"POST","statusCode":200,"timestamp":"2025-12-08 19:13:08","url":"/api/verify-otp"}
{"duration":"1ms","ip":"::1","level":"info","message":"HTTP Request Log","method":"OPTIONS","statusCode":204,"timestamp":"2025-12-08 19:13:08","url":"/api/user/692d97699132c8c102463bf8"}
{"duration":"1ms","ip":"::1","level":"info","message":"HTTP Request Log","method":"OPTIONS","statusCode":204,"timestamp":"2025-12-08 19:13:08","url":"/api/user/692d97699132c8c102463bf8"}
{"duration":"50ms","ip":"::1","level":"info","message":"HTTP Request Log","method":"GET","statusCode":200,"timestamp":"2025-12-08 19:13:08","url":"/api/user/692d97699132c8c102463bf8"}
{"duration":"68ms","ip":"::1","level":"info","message":"HTTP Request Log","method":"GET","statusCode":304,"timestamp":"2025-12-08 19:13:08","url":"/api/user/692d97699132c8c102463bf8"}
{"duration":"9ms","ip":"::1","level":"info","message":"HTTP Request Log","method":"OPTIONS","statusCode":204,"timestamp":"2025-12-08 19:17:04","url":"/api/login"}
{"duration":"82ms","ip":"::1","level":"info","message":"HTTP Request Log","method":"POST","statusCode":500,"timestamp":"2025-12-08 19:17:04","url":"/api/login"}
{"duration":"3ms","ip":"::1","level":"info","message":"HTTP Request Log","method":"OPTIONS","statusCode":204,"timestamp":"2025-12-08 19:18:31","url":"/api/login"}
{"duration":"146ms","ip":"::1","level":"info","message":"HTTP Request Log","method":"POST","statusCode":500,"timestamp":"2025-12-08 19:18:31","url":"/api/login"}
{"duration":"11ms","ip":"::1","level":"info","message":"HTTP Request Log","method":"OPTIONS","statusCode":204,"timestamp":"2025-12-08 19:26:17","url":"/api/login"}
{"duration":"157ms","ip":"::1","level":"info","message":"HTTP Request Log","method":"POST","statusCode":400,"timestamp":"2025-12-08 19:26:17","url":"/api/login"}
{"duration":"1ms","ip":"::1","level":"info","message":"HTTP Request Log","method":"OPTIONS","statusCode":204,"timestamp":"2025-12-08 19:26:56","url":"/api/login"}
{"duration":"145ms","ip":"::1","level":"info","message":"HTTP Request Log","method":"POST","statusCode":200,"timestamp":"2025-12-08 19:26:56","url":"/api/login"}
{"duration":"0ms","ip":"::1","level":"info","message":"HTTP Request Log","method":"OPTIONS","statusCode":204,"timestamp":"2025-12-08 19:26:56","url":"/api/user/692d97699132c8c102463bf8"}
{"duration":"48ms","ip":"::1","level":"info","message":"HTTP Request Log","method":"GET","statusCode":304,"timestamp":"2025-12-08 19:26:56","url":"/api/user/692d97699132c8c102463bf8"}
{"duration":"48ms","ip":"::1","level":"info","message":"HTTP Request Log","method":"GET","statusCode":304,"timestamp":"2025-12-08 19:26:56","url":"/api/user/692d97699132c8c102463bf8"}
{"duration":"6ms","ip":"::1","level":"info","message":"HTTP Request Log","method":"OPTIONS","statusCode":204,"timestamp":"2025-12-08 19:27:29","url":"/api/login"}
{"duration":"165ms","ip":"::1","level":"info","message":"HTTP Request Log","method":"POST","statusCode":200,"timestamp":"2025-12-08 19:27:29","url":"/api/login"}
{"duration":"1ms","ip":"::1","level":"info","message":"HTTP Request Log","method":"OPTIONS","statusCode":204,"timestamp":"2025-12-08 19:27:29","url":"/api/user/692d97699132c8c102463bf8"}
{"duration":"1ms","ip":"::1","level":"info","message":"HTTP Request Log","method":"OPTIONS","statusCode":204,"timestamp":"2025-12-08 19:27:29","url":"/api/user/692d97699132c8c102463bf8"}
{"duration":"47ms","ip":"::1","level":"info","message":"HTTP Request Log","method":"GET","statusCode":304,"timestamp":"2025-12-08 19:27:29","url":"/api/user/692d97699132c8c102463bf8"}
{"duration":"47ms","ip":"::1","level":"info","message":"HTTP Request Log","method":"GET","statusCode":304,"timestamp":"2025-12-08 19:27:29","url":"/api/user/692d97699132c8c102463bf8"}
{"duration":"11ms","ip":"::1","level":"info","message":"HTTP Request Log","method":"OPTIONS","statusCode":204,"timestamp":"2025-12-08 19:36:32","url":"/api/login"}
{"duration":"63ms","ip":"::1","level":"info","message":"HTTP Request Log","method":"POST","statusCode":400,"timestamp":"2025-12-08 19:36:32","url":"/api/login"}
{"duration":"58ms","ip":"::1","level":"info","message":"HTTP Request Log","method":"POST","statusCode":400,"timestamp":"2025-12-08 19:36:34","url":"/api/login"}
{"duration":"70ms","ip":"::1","level":"info","message":"HTTP Request Log","method":"POST","statusCode":400,"timestamp":"2025-12-08 19:36:35","url":"/api/login"}
{"duration":"2ms","ip":"::1","level":"info","message":"HTTP Request Log","method":"OPTIONS","statusCode":204,"timestamp":"2025-12-08 19:40:06","url":"/api/login"}
{"duration":"159ms","ip":"::1","level":"info","message":"HTTP Request Log","method":"POST","statusCode":200,"timestamp":"2025-12-08 19:40:06","url":"/api/login"}
{"duration":"1ms","ip":"::1","level":"info","message":"HTTP Request Log","method":"OPTIONS","statusCode":204,"timestamp":"2025-12-08 19:40:06","url":"/api/user/692d97699132c8c102463bf8"}
{"duration":"48ms","ip":"::1","level":"info","message":"HTTP Request Log","method":"GET","statusCode":304,"timestamp":"2025-12-08 19:40:06","url":"/api/user/692d97699132c8c102463bf8"}
{"duration":"44ms","ip":"::1","level":"info","message":"HTTP Request Log","method":"GET","statusCode":304,"timestamp":"2025-12-08 19:40:07","url":"/api/user/692d97699132c8c102463bf8"}
{"duration":"1ms","ip":"::1","level":"info","message":"HTTP Request Log","method":"OPTIONS","statusCode":204,"timestamp":"2025-12-08 19:40:26","url":"/api/login"}
{"duration":"54ms","ip":"::1","level":"info","message":"HTTP Request Log","method":"POST","statusCode":400,"timestamp":"2025-12-08 19:40:26","url":"/api/login"}
{"duration":"7ms","ip":"::1","level":"info","message":"HTTP Request Log","method":"OPTIONS","statusCode":204,"timestamp":"2025-12-08 19:43:36","url":"/api/login"}
{"duration":"57ms","ip":"::1","level":"info","message":"HTTP Request Log","method":"POST","statusCode":400,"timestamp":"2025-12-08 19:43:36","url":"/api/login"}
{"duration":"1ms","ip":"::1","level":"info","message":"HTTP Request Log","method":"OPTIONS","statusCode":204,"timestamp":"2025-12-08 19:43:51","url":"/api/login"}
{"duration":"109ms","ip":"::1","level":"info","message":"HTTP Request Log","method":"POST","statusCode":400,"timestamp":"2025-12-08 19:43:51","url":"/api/login"}
{"duration":"1ms","ip":"::1","level":"info","message":"HTTP Request Log","method":"OPTIONS","statusCode":204,"timestamp":"2025-12-08 19:44:12","url":"/api/login"}
{"duration":"151ms","ip":"::1","level":"info","message":"HTTP Request Log","method":"POST","statusCode":200,"timestamp":"2025-12-08 19:44:13","url":"/api/login"}
{"duration":"1ms","ip":"::1","level":"info","message":"HTTP Request Log","method":"OPTIONS","statusCode":204,"timestamp":"2025-12-08 19:44:14","url":"/api/user/692d97699132c8c102463bf8"}
{"duration":"1ms","ip":"::1","level":"info","message":"HTTP Request Log","method":"OPTIONS","statusCode":204,"timestamp":"2025-12-08 19:44:14","url":"/api/user/692d97699132c8c102463bf8"}
{"duration":"46ms","ip":"::1","level":"info","message":"HTTP Request Log","method":"GET","statusCode":304,"timestamp":"2025-12-08 19:44:14","url":"/api/user/692d97699132c8c102463bf8"}
{"duration":"44ms","ip":"::1","level":"info","message":"HTTP Request Log","method":"GET","statusCode":304,"timestamp":"2025-12-08 19:44:14","url":"/api/user/692d97699132c8c102463bf8"}
{"duration":"2ms","ip":"::1","level":"info","message":"HTTP Request Log","method":"OPTIONS","statusCode":204,"timestamp":"2025-12-08 19:44:59","url":"/api/login"}
{"duration":"182ms","ip":"::1","level":"info","message":"HTTP Request Log","method":"POST","statusCode":200,"timestamp":"2025-12-08 19:45:00","url":"/api/login"}
{"duration":"0ms","ip":"::1","level":"info","message":"HTTP Request Log","method":"OPTIONS","statusCode":204,"timestamp":"2025-12-08 19:45:11","url":"/api/user/692d97699132c8c102463bf8"}
{"duration":"1ms","ip":"::1","level":"info","message":"HTTP Request Log","method":"OPTIONS","statusCode":204,"timestamp":"2025-12-08 19:45:11","url":"/api/user/692d97699132c8c102463bf8"}
{"duration":"51ms","ip":"::1","level":"info","message":"HTTP Request Log","method":"GET","statusCode":304,"timestamp":"2025-12-08 19:45:11","url":"/api/user/692d97699132c8c102463bf8"}
{"duration":"46ms","ip":"::1","level":"info","message":"HTTP Request Log","method":"GET","statusCode":304,"timestamp":"2025-12-08 19:45:11","url":"/api/user/692d97699132c8c102463bf8"}
{"duration":"1ms","ip":"::1","level":"info","message":"HTTP Request Log","method":"OPTIONS","statusCode":204,"timestamp":"2025-12-08 19:47:02","url":"/api/user/692d97699132c8c102463bf8"}
{"duration":"0ms","ip":"::1","level":"info","message":"HTTP Request Log","method":"OPTIONS","statusCode":204,"timestamp":"2025-12-08 19:47:02","url":"/api/user/692d97699132c8c102463bf8"}
{"duration":"59ms","ip":"::1","level":"info","message":"HTTP Request Log","method":"GET","statusCode":304,"timestamp":"2025-12-08 19:47:02","url":"/api/user/692d97699132c8c102463bf8"}
{"duration":"46ms","ip":"::1","level":"info","message":"HTTP Request Log","method":"GET","statusCode":304,"timestamp":"2025-12-08 19:47:02","url":"/api/user/692d97699132c8c102463bf8"}
{"duration":"0ms","ip":"::1","level":"info","message":"HTTP Request Log","method":"OPTIONS","statusCode":204,"timestamp":"2025-12-08 19:47:20","url":"/api/login"}
{"duration":"152ms","ip":"::1","level":"info","message":"HTTP Request Log","method":"POST","statusCode":200,"timestamp":"2025-12-08 19:47:20","url":"/api/login"}
{"duration":"0ms","ip":"::1","level":"info","message":"HTTP Request Log","method":"OPTIONS","statusCode":204,"timestamp":"2025-12-08 19:47:20","url":"/api/user/692d97699132c8c102463bf8"}
{"duration":"0ms","ip":"::1","level":"info","message":"HTTP Request Log","method":"OPTIONS","statusCode":204,"timestamp":"2025-12-08 19:47:20","url":"/api/user/692d97699132c8c102463bf8"}
{"duration":"44ms","ip":"::1","level":"info","message":"HTTP Request Log","method":"GET","statusCode":304,"timestamp":"2025-12-08 19:47:20","url":"/api/user/692d97699132c8c102463bf8"}
{"duration":"44ms","ip":"::1","level":"info","message":"HTTP Request Log","method":"GET","statusCode":304,"timestamp":"2025-12-08 19:47:20","url":"/api/user/692d97699132c8c102463bf8"}
{"duration":"2ms","ip":"::1","level":"info","message":"HTTP Request Log","method":"OPTIONS","statusCode":204,"timestamp":"2025-12-08 19:49:11","url":"/api/admin/createUser"}
{"duration":"239ms","ip":"::1","level":"info","message":"HTTP Request Log","method":"POST","statusCode":500,"timestamp":"2025-12-08 19:49:12","url":"/api/admin/createUser"}
{"duration":"2ms","ip":"::1","level":"info","message":"HTTP Request Log","method":"OPTIONS","statusCode":204,"timestamp":"2025-12-08 19:56:54","url":"/api/admin/createUser"}
{"duration":"220ms","ip":"::1","level":"info","message":"HTTP Request Log","method":"POST","statusCode":500,"timestamp":"2025-12-08 19:56:54","url":"/api/admin/createUser"}
{"duration":"10ms","ip":"::1","level":"info","message":"HTTP Request Log","method":"OPTIONS","statusCode":204,"timestamp":"2025-12-08 20:00:13","url":"/api/admin/createUser"}
{"duration":"196ms","ip":"::1","level":"info","message":"HTTP Request Log","method":"POST","statusCode":500,"timestamp":"2025-12-08 20:00:13","url":"/api/admin/createUser"}
{"duration":"1ms","ip":"::1","level":"info","message":"HTTP Request Log","method":"OPTIONS","statusCode":204,"timestamp":"2025-12-08 20:00:35","url":"/api/admin/createUser"}
{"duration":"202ms","ip":"::1","level":"info","message":"HTTP Request Log","method":"POST","statusCode":201,"timestamp":"2025-12-08 20:00:36","url":"/api/admin/createUser"}
{"duration":"1ms","ip":"::1","level":"info","message":"HTTP Request Log","method":"OPTIONS","statusCode":204,"timestamp":"2025-12-08 20:00:45","url":"/api/login"}
{"duration":"4162ms","ip":"::1","level":"info","message":"HTTP Request Log","method":"POST","statusCode":200,"timestamp":"2025-12-08 20:00:49","url":"/api/login"}
{"duration":"1ms","ip":"::1","level":"info","message":"HTTP Request Log","method":"OPTIONS","statusCode":204,"timestamp":"2025-12-08 20:01:11","url":"/api/verify-otp"}
{"duration":"106ms","ip":"::1","level":"info","message":"HTTP Request Log","method":"POST","statusCode":200,"timestamp":"2025-12-08 20:01:11","url":"/api/verify-otp"}
{"duration":"2ms","ip":"::1","level":"info","message":"HTTP Request Log","method":"OPTIONS","statusCode":204,"timestamp":"2025-12-08 20:01:11","url":"/api/user/6936e10cf75617b3085771cc"}
{"duration":"1ms","ip":"::1","level":"info","message":"HTTP Request Log","method":"OPTIONS","statusCode":204,"timestamp":"2025-12-08 20:01:11","url":"/api/user/6936e10cf75617b3085771cc"}
{"duration":"42ms","ip":"::1","level":"info","message":"HTTP Request Log","method":"GET","statusCode":200,"timestamp":"2025-12-08 20:01:12","url":"/api/user/6936e10cf75617b3085771cc"}
{"duration":"46ms","ip":"::1","level":"info","message":"HTTP Request Log","method":"GET","statusCode":304,"timestamp":"2025-12-08 20:01:12","url":"/api/user/6936e10cf75617b3085771cc"}
{"duration":"1ms","ip":"::1","level":"info","message":"HTTP Request Log","method":"OPTIONS","statusCode":204,"timestamp":"2025-12-08 20:03:02","url":"/api/login"}
{"duration":"147ms","ip":"::1","level":"info","message":"HTTP Request Log","method":"POST","statusCode":200,"timestamp":"2025-12-08 20:03:02","url":"/api/login"}
{"duration":"0ms","ip":"::1","level":"info","message":"HTTP Request Log","method":"OPTIONS","statusCode":204,"timestamp":"2025-12-08 20:03:02","url":"/api/user/6936e10cf75617b3085771cc"}
{"duration":"0ms","ip":"::1","level":"info","message":"HTTP Request Log","method":"OPTIONS","statusCode":204,"timestamp":"2025-12-08 20:03:02","url":"/api/user/6936e10cf75617b3085771cc"}
{"duration":"42ms","ip":"::1","level":"info","message":"HTTP Request Log","method":"GET","statusCode":304,"timestamp":"2025-12-08 20:03:02","url":"/api/user/6936e10cf75617b3085771cc"}
{"duration":"44ms","ip":"::1","level":"info","message":"HTTP Request Log","method":"GET","statusCode":304,"timestamp":"2025-12-08 20:03:02","url":"/api/user/6936e10cf75617b3085771cc"}
{"duration":"2ms","ip":"::1","level":"info","message":"HTTP Request Log","method":"OPTIONS","statusCode":204,"timestamp":"2025-12-08 20:05:26","url":"/api/user/6936e10cf75617b3085771cc"}
{"duration":"1ms","ip":"::1","level":"info","message":"HTTP Request Log","method":"OPTIONS","statusCode":204,"timestamp":"2025-12-08 20:05:26","url":"/api/user/6936e10cf75617b3085771cc"}
{"duration":"73ms","ip":"::1","level":"info","message":"HTTP Request Log","method":"GET","statusCode":304,"timestamp":"2025-12-08 20:05:27","url":"/api/user/6936e10cf75617b3085771cc"}
{"duration":"172ms","ip":"::1","level":"info","message":"HTTP Request Log","method":"GET","statusCode":304,"timestamp":"2025-12-08 20:05:27","url":"/api/user/6936e10cf75617b3085771cc"}
{"duration":"2ms","ip":"::1","level":"info","message":"HTTP Request Log","method":"OPTIONS","statusCode":204,"timestamp":"2025-12-08 20:06:12","url":"/api/login"}
{"duration":"131ms","ip":"::1","level":"info","message":"HTTP Request Log","method":"POST","statusCode":400,"timestamp":"2025-12-08 20:06:12","url":"/api/login"}
{"duration":"1ms","ip":"::1","level":"info","message":"HTTP Request Log","method":"OPTIONS","statusCode":204,"timestamp":"2025-12-08 20:06:18","url":"/api/login"}
{"duration":"152ms","ip":"::1","level":"info","message":"HTTP Request Log","method":"POST","statusCode":200,"timestamp":"2025-12-08 20:06:18","url":"/api/login"}
{"duration":"0ms","ip":"::1","level":"info","message":"HTTP Request Log","method":"OPTIONS","statusCode":204,"timestamp":"2025-12-08 20:06:18","url":"/api/user/6936e10cf75617b3085771cc"}
{"duration":"0ms","ip":"::1","level":"info","message":"HTTP Request Log","method":"OPTIONS","statusCode":204,"timestamp":"2025-12-08 20:06:18","url":"/api/user/6936e10cf75617b3085771cc"}
{"duration":"41ms","ip":"::1","level":"info","message":"HTTP Request Log","method":"GET","statusCode":304,"timestamp":"2025-12-08 20:06:18","url":"/api/user/6936e10cf75617b3085771cc"}
{"duration":"42ms","ip":"::1","level":"info","message":"HTTP Request Log","method":"GET","statusCode":304,"timestamp":"2025-12-08 20:06:18","url":"/api/user/6936e10cf75617b3085771cc"}
{"duration":"0ms","ip":"::1","level":"info","message":"HTTP Request Log","method":"OPTIONS","statusCode":204,"timestamp":"2025-12-08 20:06:43","url":"/api/login"}
{"duration":"155ms","ip":"::1","level":"info","message":"HTTP Request Log","method":"POST","statusCode":200,"timestamp":"2025-12-08 20:06:43","url":"/api/login"}
{"duration":"0ms","ip":"::1","level":"info","message":"HTTP Request Log","method":"OPTIONS","statusCode":204,"timestamp":"2025-12-08 20:06:43","url":"/api/user/692d97699132c8c102463bf8"}
{"duration":"0ms","ip":"::1","level":"info","message":"HTTP Request Log","method":"OPTIONS","statusCode":204,"timestamp":"2025-12-08 20:06:43","url":"/api/user/692d97699132c8c102463bf8"}
{"duration":"41ms","ip":"::1","level":"info","message":"HTTP Request Log","method":"GET","statusCode":304,"timestamp":"2025-12-08 20:06:43","url":"/api/user/692d97699132c8c102463bf8"}
{"duration":"41ms","ip":"::1","level":"info","message":"HTTP Request Log","method":"GET","statusCode":304,"timestamp":"2025-12-08 20:06:43","url":"/api/user/692d97699132c8c102463bf8"}
{"duration":"4ms","ip":"::1","level":"info","message":"HTTP Request Log","method":"OPTIONS","statusCode":204,"timestamp":"2025-12-08 20:10:40","url":"/api/login"}
{"duration":"142ms","ip":"::1","level":"info","message":"HTTP Request Log","method":"POST","statusCode":200,"timestamp":"2025-12-08 20:10:40","url":"/api/login"}
{"duration":"0ms","ip":"::1","level":"info","message":"HTTP Request Log","method":"OPTIONS","statusCode":204,"timestamp":"2025-12-08 20:10:40","url":"/api/user/6936e10cf75617b3085771cc"}
{"duration":"0ms","ip":"::1","level":"info","message":"HTTP Request Log","method":"OPTIONS","statusCode":204,"timestamp":"2025-12-08 20:10:40","url":"/api/user/6936e10cf75617b3085771cc"}
{"duration":"51ms","ip":"::1","level":"info","message":"HTTP Request Log","method":"GET","statusCode":304,"timestamp":"2025-12-08 20:10:40","url":"/api/user/6936e10cf75617b3085771cc"}
{"duration":"47ms","ip":"::1","level":"info","message":"HTTP Request Log","method":"GET","statusCode":304,"timestamp":"2025-12-08 20:10:41","url":"/api/user/6936e10cf75617b3085771cc"}
{"duration":"1ms","ip":"::1","level":"info","message":"HTTP Request Log","method":"OPTIONS","statusCode":204,"timestamp":"2025-12-08 20:12:12","url":"/api/user/6936e10cf75617b3085771cc"}
{"duration":"55ms","ip":"::1","level":"info","message":"HTTP Request Log","method":"GET","statusCode":304,"timestamp":"2025-12-08 20:12:13","url":"/api/user/6936e10cf75617b3085771cc"}
{"duration":"3ms","ip":"::1","level":"info","message":"HTTP Request Log","method":"OPTIONS","statusCode":204,"timestamp":"2025-12-08 20:15:48","url":"/api/user/6936e10cf75617b3085771cc"}
{"duration":"93ms","ip":"::1","level":"info","message":"HTTP Request Log","method":"GET","statusCode":304,"timestamp":"2025-12-08 20:15:48","url":"/api/user/6936e10cf75617b3085771cc"}
{"duration":"49ms","ip":"::1","level":"info","message":"HTTP Request Log","method":"GET","statusCode":304,"timestamp":"2025-12-08 20:15:49","url":"/api/user/6936e10cf75617b3085771cc"}
{"duration":"2ms","ip":"::1","level":"info","message":"HTTP Request Log","method":"OPTIONS","statusCode":204,"timestamp":"2025-12-08 20:15:55","url":"/api/user/6936e10cf75617b3085771cc"}
{"duration":"0ms","ip":"::1","level":"info","message":"HTTP Request Log","method":"OPTIONS","statusCode":204,"timestamp":"2025-12-08 20:15:55","url":"/api/user/6936e10cf75617b3085771cc"}
{"duration":"45ms","ip":"::1","level":"info","message":"HTTP Request Log","method":"GET","statusCode":304,"timestamp":"2025-12-08 20:15:55","url":"/api/user/6936e10cf75617b3085771cc"}
{"duration":"48ms","ip":"::1","level":"info","message":"HTTP Request Log","method":"GET","statusCode":304,"timestamp":"2025-12-08 20:15:55","url":"/api/user/6936e10cf75617b3085771cc"}
{"duration":"1ms","ip":"::1","level":"info","message":"HTTP Request Log","method":"OPTIONS","statusCode":204,"timestamp":"2025-12-08 20:16:05","url":"/api/user/6936e10cf75617b3085771cc"}
{"duration":"0ms","ip":"::1","level":"info","message":"HTTP Request Log","method":"OPTIONS","statusCode":204,"timestamp":"2025-12-08 20:16:05","url":"/api/user/6936e10cf75617b3085771cc"}
{"duration":"46ms","ip":"::1","level":"info","message":"HTTP Request Log","method":"GET","statusCode":304,"timestamp":"2025-12-08 20:16:05","url":"/api/user/6936e10cf75617b3085771cc"}
{"duration":"43ms","ip":"::1","level":"info","message":"HTTP Request Log","method":"GET","statusCode":304,"timestamp":"2025-12-08 20:16:05","url":"/api/user/6936e10cf75617b3085771cc"}
{"duration":"11ms","ip":"::1","level":"info","message":"HTTP Request Log","method":"OPTIONS","statusCode":204,"timestamp":"2025-12-08 20:16:32","url":"/api/user/6936e10cf75617b3085771cc"}
{"duration":"62ms","ip":"::1","level":"info","message":"HTTP Request Log","method":"GET","statusCode":304,"timestamp":"2025-12-08 20:16:32","url":"/api/user/6936e10cf75617b3085771cc"}
{"duration":"2ms","ip":"::1","level":"info","message":"HTTP Request Log","method":"OPTIONS","statusCode":204,"timestamp":"2025-12-08 20:24:48","url":"/api/login"}
{"duration":"158ms","ip":"::1","level":"info","message":"HTTP Request Log","method":"POST","statusCode":200,"timestamp":"2025-12-08 20:24:48","url":"/api/login"}
{"duration":"1ms","ip":"::1","level":"info","message":"HTTP Request Log","method":"OPTIONS","statusCode":204,"timestamp":"2025-12-08 20:24:48","url":"/api/user/6936e10cf75617b3085771cc"}
{"duration":"51ms","ip":"::1","level":"info","message":"HTTP Request Log","method":"GET","statusCode":304,"timestamp":"2025-12-08 20:24:48","url":"/api/user/6936e10cf75617b3085771cc"}
{"duration":"42ms","ip":"::1","level":"info","message":"HTTP Request Log","method":"GET","statusCode":304,"timestamp":"2025-12-08 20:24:48","url":"/api/user/6936e10cf75617b3085771cc"}
{"duration":"1ms","ip":"::1","level":"info","message":"HTTP Request Log","method":"OPTIONS","statusCode":204,"timestamp":"2025-12-08 20:24:55","url":"/api/user/6936e10cf75617b3085771cc"}
{"duration":"1ms","ip":"::1","level":"info","message":"HTTP Request Log","method":"OPTIONS","statusCode":204,"timestamp":"2025-12-08 20:24:55","url":"/api/user/6936e10cf75617b3085771cc"}
{"duration":"54ms","ip":"::1","level":"info","message":"HTTP Request Log","method":"GET","statusCode":304,"timestamp":"2025-12-08 20:24:55","url":"/api/user/6936e10cf75617b3085771cc"}
{"duration":"49ms","ip":"::1","level":"info","message":"HTTP Request Log","method":"GET","statusCode":304,"timestamp":"2025-12-08 20:24:55","url":"/api/user/6936e10cf75617b3085771cc"}
{"duration":"3ms","ip":"::1","level":"info","message":"HTTP Request Log","method":"OPTIONS","statusCode":204,"timestamp":"2025-12-08 20:35:53","url":"/api/login"}
{"duration":"167ms","ip":"::1","level":"info","message":"HTTP Request Log","method":"POST","statusCode":200,"timestamp":"2025-12-08 20:35:53","url":"/api/login"}
{"duration":"1ms","ip":"::1","level":"info","message":"HTTP Request Log","method":"OPTIONS","statusCode":204,"timestamp":"2025-12-08 20:35:53","url":"/api/user/6936e10cf75617b3085771cc"}
{"duration":"0ms","ip":"::1","level":"info","message":"HTTP Request Log","method":"OPTIONS","statusCode":204,"timestamp":"2025-12-08 20:35:53","url":"/api/user/6936e10cf75617b3085771cc"}
{"duration":"59ms","ip":"::1","level":"info","message":"HTTP Request Log","method":"GET","statusCode":304,"timestamp":"2025-12-08 20:35:53","url":"/api/user/6936e10cf75617b3085771cc"}
{"duration":"40ms","ip":"::1","level":"info","message":"HTTP Request Log","method":"GET","statusCode":304,"timestamp":"2025-12-08 20:35:53","url":"/api/user/6936e10cf75617b3085771cc"}
