{"duration":"6ms","ip":"::1","level":"info","message":"HTTP Request Log","method":"OPTIONS","statusCode":204,"timestamp":"2025-12-19 18:38:26","url":"/api/login"}
{"duration":"1231ms","ip":"::1","level":"info","message":"HTTP Request Log","method":"POST","statusCode":200,"timestamp":"2025-12-19 18:38:28","url":"/api/login"}
{"duration":"1ms","ip":"::1","level":"info","message":"HTTP Request Log","method":"OPTIONS","statusCode":204,"timestamp":"2025-12-19 18:38:28","url":"/api/dashboard"}
{"duration":"1ms","ip":"::1","level":"info","message":"HTTP Request Log","method":"OPTIONS","statusCode":204,"timestamp":"2025-12-19 18:38:28","url":"/api/dashboard"}
{"duration":"1871ms","ip":"::1","level":"info","message":"HTTP Request Log","method":"GET","statusCode":304,"timestamp":"2025-12-19 18:38:30","url":"/api/dashboard"}
{"duration":"392ms","ip":"::1","level":"info","message":"HTTP Request Log","method":"GET","statusCode":304,"timestamp":"2025-12-19 18:38:30","url":"/api/dashboard"}
{"duration":"1ms","ip":"::1","level":"info","message":"HTTP Request Log","method":"OPTIONS","statusCode":204,"timestamp":"2025-12-19 18:38:34","url":"/api/students"}
{"duration":"1ms","ip":"::1","level":"info","message":"HTTP Request Log","method":"OPTIONS","statusCode":204,"timestamp":"2025-12-19 18:38:34","url":"/api/students"}
{"duration":"1016ms","ip":"::1","level":"info","message":"HTTP Request Log","method":"GET","statusCode":304,"timestamp":"2025-12-19 18:38:35","url":"/api/students"}
{"duration":"839ms","ip":"::1","level":"info","message":"HTTP Request Log","method":"GET","statusCode":304,"timestamp":"2025-12-19 18:38:36","url":"/api/students"}
{"duration":"1ms","ip":"::1","level":"info","message":"HTTP Request Log","method":"OPTIONS","statusCode":204,"timestamp":"2025-12-19 18:38:37","url":"/api/courses"}
{"duration":"0ms","ip":"::1","level":"info","message":"HTTP Request Log","method":"OPTIONS","statusCode":204,"timestamp":"2025-12-19 18:38:37","url":"/api/courses"}
{"duration":"2312ms","ip":"::1","level":"info","message":"HTTP Request Log","method":"GET","statusCode":304,"timestamp":"2025-12-19 18:38:39","url":"/api/courses"}
{"duration":"707ms","ip":"::1","level":"info","message":"HTTP Request Log","method":"GET","statusCode":304,"timestamp":"2025-12-19 18:38:40","url":"/api/courses"}
{"duration":"0ms","ip":"::1","level":"info","message":"HTTP Request Log","method":"OPTIONS","statusCode":204,"timestamp":"2025-12-19 18:38:42","url":"/api/resumes"}
{"duration":"1ms","ip":"::1","level":"info","message":"HTTP Request Log","method":"OPTIONS","statusCode":204,"timestamp":"2025-12-19 18:38:42","url":"/api/resumes"}
{"duration":"451ms","ip":"::1","level":"info","message":"HTTP Request Log","method":"GET","statusCode":304,"timestamp":"2025-12-19 18:38:42","url":"/api/resumes"}
{"duration":"93ms","ip":"::1","level":"info","message":"HTTP Request Log","method":"GET","statusCode":304,"timestamp":"2025-12-19 18:38:42","url":"/api/resumes"}
{"duration":"1ms","ip":"::1","level":"info","message":"HTTP Request Log","method":"OPTIONS","statusCode":204,"timestamp":"2025-12-19 18:38:43","url":"/api/alumni"}
{"duration":"2ms","ip":"::1","level":"info","message":"HTTP Request Log","method":"OPTIONS","statusCode":204,"timestamp":"2025-12-19 18:38:43","url":"/api/alumni"}
{"duration":"770ms","ip":"::1","level":"info","message":"HTTP Request Log","method":"GET","statusCode":304,"timestamp":"2025-12-19 18:38:44","url":"/api/alumni"}
{"duration":"1013ms","ip":"::1","level":"info","message":"HTTP Request Log","method":"GET","statusCode":304,"timestamp":"2025-12-19 18:38:45","url":"/api/alumni"}
{"duration":"1ms","ip":"::1","level":"info","message":"HTTP Request Log","method":"OPTIONS","statusCode":204,"timestamp":"2025-12-19 18:38:48","url":"/api/placements"}
{"duration":"0ms","ip":"::1","level":"info","message":"HTTP Request Log","method":"OPTIONS","statusCode":204,"timestamp":"2025-12-19 18:38:48","url":"/api/placements"}
{"duration":"1070ms","ip":"::1","level":"info","message":"HTTP Request Log","method":"GET","statusCode":304,"timestamp":"2025-12-19 18:38:49","url":"/api/placements"}
{"duration":"656ms","ip":"::1","level":"info","message":"HTTP Request Log","method":"GET","statusCode":304,"timestamp":"2025-12-19 18:38:49","url":"/api/placements"}
{"duration":"1ms","ip":"::1","level":"info","message":"HTTP Request Log","method":"OPTIONS","statusCode":204,"timestamp":"2025-12-19 18:38:51","url":"/api/dashboard"}
{"duration":"0ms","ip":"::1","level":"info","message":"HTTP Request Log","method":"OPTIONS","statusCode":204,"timestamp":"2025-12-19 18:38:51","url":"/api/dashboard"}
{"duration":"2299ms","ip":"::1","level":"info","message":"HTTP Request Log","method":"GET","statusCode":304,"timestamp":"2025-12-19 18:38:53","url":"/api/dashboard"}
{"duration":"1265ms","ip":"::1","level":"info","message":"HTTP Request Log","method":"GET","statusCode":304,"timestamp":"2025-12-19 18:38:54","url":"/api/dashboard"}
{"duration":"1ms","ip":"::1","level":"info","message":"HTTP Request Log","method":"OPTIONS","statusCode":204,"timestamp":"2025-12-19 18:41:31","url":"/api/dashboard"}
{"duration":"0ms","ip":"::1","level":"info","message":"HTTP Request Log","method":"OPTIONS","statusCode":204,"timestamp":"2025-12-19 18:41:31","url":"/api/dashboard"}
{"duration":"1067ms","ip":"::1","level":"info","message":"HTTP Request Log","method":"GET","statusCode":304,"timestamp":"2025-12-19 18:41:32","url":"/api/dashboard"}
{"duration":"93ms","ip":"::1","level":"info","message":"HTTP Request Log","method":"GET","statusCode":304,"timestamp":"2025-12-19 18:41:32","url":"/api/dashboard"}
{"duration":"1ms","ip":"::1","level":"info","message":"HTTP Request Log","method":"OPTIONS","statusCode":204,"timestamp":"2025-12-19 18:41:49","url":"/api/students"}
{"duration":"1ms","ip":"::1","level":"info","message":"HTTP Request Log","method":"OPTIONS","statusCode":204,"timestamp":"2025-12-19 18:41:49","url":"/api/students"}
{"duration":"48ms","ip":"::1","level":"info","message":"HTTP Request Log","method":"GET","statusCode":304,"timestamp":"2025-12-19 18:41:49","url":"/api/students"}
{"duration":"54ms","ip":"::1","level":"info","message":"HTTP Request Log","method":"GET","statusCode":304,"timestamp":"2025-12-19 18:41:49","url":"/api/students"}
{"duration":"1ms","ip":"::1","level":"info","message":"HTTP Request Log","method":"OPTIONS","statusCode":204,"timestamp":"2025-12-19 18:41:51","url":"/api/dashboard"}
{"duration":"0ms","ip":"::1","level":"info","message":"HTTP Request Log","method":"OPTIONS","statusCode":204,"timestamp":"2025-12-19 18:41:51","url":"/api/dashboard"}
{"duration":"96ms","ip":"::1","level":"info","message":"HTTP Request Log","method":"GET","statusCode":304,"timestamp":"2025-12-19 18:41:51","url":"/api/dashboard"}
{"duration":"56ms","ip":"::1","level":"info","message":"HTTP Request Log","method":"GET","statusCode":304,"timestamp":"2025-12-19 18:41:51","url":"/api/dashboard"}
{"duration":"1ms","ip":"::1","level":"info","message":"HTTP Request Log","method":"OPTIONS","statusCode":204,"timestamp":"2025-12-19 18:41:54","url":"/api/students"}
{"duration":"1ms","ip":"::1","level":"info","message":"HTTP Request Log","method":"OPTIONS","statusCode":204,"timestamp":"2025-12-19 18:41:54","url":"/api/students"}
{"duration":"55ms","ip":"::1","level":"info","message":"HTTP Request Log","method":"GET","statusCode":304,"timestamp":"2025-12-19 18:41:54","url":"/api/students"}
{"duration":"55ms","ip":"::1","level":"info","message":"HTTP Request Log","method":"GET","statusCode":304,"timestamp":"2025-12-19 18:41:54","url":"/api/students"}
{"duration":"0ms","ip":"::1","level":"info","message":"HTTP Request Log","method":"OPTIONS","statusCode":204,"timestamp":"2025-12-19 18:44:14","url":"/api/students"}
{"duration":"342ms","ip":"::1","level":"info","message":"HTTP Request Log","method":"GET","statusCode":304,"timestamp":"2025-12-19 18:44:15","url":"/api/students"}
{"duration":"1ms","ip":"::1","level":"info","message":"HTTP Request Log","method":"OPTIONS","statusCode":204,"timestamp":"2025-12-19 18:44:58","url":"/api/dashboard"}
{"duration":"1ms","ip":"::1","level":"info","message":"HTTP Request Log","method":"OPTIONS","statusCode":204,"timestamp":"2025-12-19 18:44:58","url":"/api/dashboard"}
{"duration":"551ms","ip":"::1","level":"info","message":"HTTP Request Log","method":"GET","statusCode":304,"timestamp":"2025-12-19 18:44:59","url":"/api/dashboard"}
{"duration":"384ms","ip":"::1","level":"info","message":"HTTP Request Log","method":"GET","statusCode":304,"timestamp":"2025-12-19 18:44:59","url":"/api/dashboard"}
{"duration":"1ms","ip":"::1","level":"info","message":"HTTP Request Log","method":"OPTIONS","statusCode":204,"timestamp":"2025-12-19 18:45:00","url":"/api/students"}
{"duration":"1ms","ip":"::1","level":"info","message":"HTTP Request Log","method":"OPTIONS","statusCode":204,"timestamp":"2025-12-19 18:45:00","url":"/api/students"}
{"duration":"73ms","ip":"::1","level":"info","message":"HTTP Request Log","method":"GET","statusCode":304,"timestamp":"2025-12-19 18:45:00","url":"/api/students"}
{"duration":"66ms","ip":"::1","level":"info","message":"HTTP Request Log","method":"GET","statusCode":304,"timestamp":"2025-12-19 18:45:00","url":"/api/students"}
{"duration":"0ms","ip":"::1","level":"info","message":"HTTP Request Log","method":"OPTIONS","statusCode":204,"timestamp":"2025-12-19 18:45:02","url":"/api/resumes"}
{"duration":"1ms","ip":"::1","level":"info","message":"HTTP Request Log","method":"OPTIONS","statusCode":204,"timestamp":"2025-12-19 18:45:02","url":"/api/resumes"}
{"duration":"53ms","ip":"::1","level":"info","message":"HTTP Request Log","method":"GET","statusCode":304,"timestamp":"2025-12-19 18:45:02","url":"/api/resumes"}
{"duration":"53ms","ip":"::1","level":"info","message":"HTTP Request Log","method":"GET","statusCode":304,"timestamp":"2025-12-19 18:45:02","url":"/api/resumes"}
{"duration":"1ms","ip":"::1","level":"info","message":"HTTP Request Log","method":"OPTIONS","statusCode":204,"timestamp":"2025-12-19 18:45:03","url":"/api/placements"}
{"duration":"1ms","ip":"::1","level":"info","message":"HTTP Request Log","method":"OPTIONS","statusCode":204,"timestamp":"2025-12-19 18:45:03","url":"/api/placements"}
{"duration":"58ms","ip":"::1","level":"info","message":"HTTP Request Log","method":"GET","statusCode":304,"timestamp":"2025-12-19 18:45:03","url":"/api/placements"}
{"duration":"51ms","ip":"::1","level":"info","message":"HTTP Request Log","method":"GET","statusCode":304,"timestamp":"2025-12-19 18:45:03","url":"/api/placements"}
{"duration":"0ms","ip":"::1","level":"info","message":"HTTP Request Log","method":"OPTIONS","statusCode":204,"timestamp":"2025-12-19 18:45:04","url":"/api/alumni"}
{"duration":"1ms","ip":"::1","level":"info","message":"HTTP Request Log","method":"OPTIONS","statusCode":204,"timestamp":"2025-12-19 18:45:04","url":"/api/alumni"}
{"duration":"66ms","ip":"::1","level":"info","message":"HTTP Request Log","method":"GET","statusCode":304,"timestamp":"2025-12-19 18:45:04","url":"/api/alumni"}
{"duration":"44ms","ip":"::1","level":"info","message":"HTTP Request Log","method":"GET","statusCode":304,"timestamp":"2025-12-19 18:45:04","url":"/api/alumni"}
{"duration":"0ms","ip":"::1","level":"info","message":"HTTP Request Log","method":"OPTIONS","statusCode":204,"timestamp":"2025-12-19 18:45:08","url":"/api/students"}
{"duration":"0ms","ip":"::1","level":"info","message":"HTTP Request Log","method":"OPTIONS","statusCode":204,"timestamp":"2025-12-19 18:45:08","url":"/api/students"}
{"duration":"44ms","ip":"::1","level":"info","message":"HTTP Request Log","method":"GET","statusCode":304,"timestamp":"2025-12-19 18:45:08","url":"/api/students"}
{"duration":"45ms","ip":"::1","level":"info","message":"HTTP Request Log","method":"GET","statusCode":304,"timestamp":"2025-12-19 18:45:08","url":"/api/students"}
{"duration":"1ms","ip":"::1","level":"info","message":"HTTP Request Log","method":"OPTIONS","statusCode":204,"timestamp":"2025-12-19 18:45:09","url":"/api/courses"}
{"duration":"1ms","ip":"::1","level":"info","message":"HTTP Request Log","method":"OPTIONS","statusCode":204,"timestamp":"2025-12-19 18:45:09","url":"/api/courses"}
{"duration":"85ms","ip":"::1","level":"info","message":"HTTP Request Log","method":"GET","statusCode":304,"timestamp":"2025-12-19 18:45:09","url":"/api/courses"}
{"duration":"46ms","ip":"::1","level":"info","message":"HTTP Request Log","method":"GET","statusCode":304,"timestamp":"2025-12-19 18:45:09","url":"/api/courses"}
{"duration":"0ms","ip":"::1","level":"info","message":"HTTP Request Log","method":"OPTIONS","statusCode":204,"timestamp":"2025-12-19 18:45:10","url":"/api/resumes"}
{"duration":"0ms","ip":"::1","level":"info","message":"HTTP Request Log","method":"OPTIONS","statusCode":204,"timestamp":"2025-12-19 18:45:10","url":"/api/resumes"}
{"duration":"44ms","ip":"::1","level":"info","message":"HTTP Request Log","method":"GET","statusCode":304,"timestamp":"2025-12-19 18:45:10","url":"/api/resumes"}
{"duration":"44ms","ip":"::1","level":"info","message":"HTTP Request Log","method":"GET","statusCode":304,"timestamp":"2025-12-19 18:45:10","url":"/api/resumes"}
{"duration":"46ms","ip":"::1","level":"info","message":"HTTP Request Log","method":"GET","statusCode":304,"timestamp":"2025-12-19 18:45:12","url":"/api/students"}
{"duration":"44ms","ip":"::1","level":"info","message":"HTTP Request Log","method":"GET","statusCode":304,"timestamp":"2025-12-19 18:45:12","url":"/api/students"}
{"duration":"1ms","ip":"::1","level":"info","message":"HTTP Request Log","method":"OPTIONS","statusCode":204,"timestamp":"2025-12-19 18:45:14","url":"/api/students"}
{"duration":"0ms","ip":"::1","level":"info","message":"HTTP Request Log","method":"OPTIONS","statusCode":204,"timestamp":"2025-12-19 18:45:14","url":"/api/students"}
{"duration":"46ms","ip":"::1","level":"info","message":"HTTP Request Log","method":"GET","statusCode":304,"timestamp":"2025-12-19 18:45:14","url":"/api/students"}
{"duration":"50ms","ip":"::1","level":"info","message":"HTTP Request Log","method":"GET","statusCode":304,"timestamp":"2025-12-19 18:45:14","url":"/api/students"}
{"duration":"2ms","ip":"::1","level":"info","message":"HTTP Request Log","method":"OPTIONS","statusCode":204,"timestamp":"2025-12-19 18:49:52","url":"/api/students"}
{"duration":"1ms","ip":"::1","level":"info","message":"HTTP Request Log","method":"OPTIONS","statusCode":204,"timestamp":"2025-12-19 18:49:52","url":"/api/students"}
{"duration":"49ms","ip":"::1","level":"info","message":"HTTP Request Log","method":"GET","statusCode":304,"timestamp":"2025-12-19 18:49:52","url":"/api/students"}
{"duration":"54ms","ip":"::1","level":"info","message":"HTTP Request Log","method":"GET","statusCode":304,"timestamp":"2025-12-19 18:49:52","url":"/api/students"}
{"duration":"0ms","ip":"::1","level":"info","message":"HTTP Request Log","method":"OPTIONS","statusCode":204,"timestamp":"2025-12-19 18:50:17","url":"/api/dashboard"}
{"duration":"0ms","ip":"::1","level":"info","message":"HTTP Request Log","method":"OPTIONS","statusCode":204,"timestamp":"2025-12-19 18:50:17","url":"/api/dashboard"}
{"duration":"93ms","ip":"::1","level":"info","message":"HTTP Request Log","method":"GET","statusCode":304,"timestamp":"2025-12-19 18:50:17","url":"/api/dashboard"}
{"duration":"58ms","ip":"::1","level":"info","message":"HTTP Request Log","method":"GET","statusCode":304,"timestamp":"2025-12-19 18:50:17","url":"/api/dashboard"}
{"duration":"9ms","ip":"::1","level":"info","message":"HTTP Request Log","method":"OPTIONS","statusCode":204,"timestamp":"2025-12-19 19:04:44","url":"/api/students"}
{"duration":"0ms","ip":"::1","level":"info","message":"HTTP Request Log","method":"OPTIONS","statusCode":204,"timestamp":"2025-12-19 19:04:44","url":"/api/students"}
{"duration":"54ms","ip":"::1","level":"info","message":"HTTP Request Log","method":"GET","statusCode":304,"timestamp":"2025-12-19 19:04:44","url":"/api/students"}
{"duration":"55ms","ip":"::1","level":"info","message":"HTTP Request Log","method":"GET","statusCode":304,"timestamp":"2025-12-19 19:04:44","url":"/api/students"}
{"duration":"1ms","ip":"::1","level":"info","message":"HTTP Request Log","method":"OPTIONS","statusCode":204,"timestamp":"2025-12-19 19:05:05","url":"/api/students/692c58035b061874c16b3725"}
{"duration":"77ms","ip":"::1","level":"info","message":"HTTP Request Log","method":"PUT","statusCode":200,"timestamp":"2025-12-19 19:05:05","url":"/api/students/692c58035b061874c16b3725"}
{"duration":"9ms","ip":"::1","level":"info","message":"HTTP Request Log","method":"OPTIONS","statusCode":204,"timestamp":"2025-12-19 19:07:44","url":"/api/students/692c58035b061874c16b3725"}
{"duration":"20ms","ip":"::1","level":"info","message":"HTTP Request Log","method":"PUT","statusCode":401,"timestamp":"2025-12-19 19:07:44","url":"/api/students/692c58035b061874c16b3725"}
{"duration":"1ms","ip":"::1","level":"info","message":"HTTP Request Log","method":"OPTIONS","statusCode":204,"timestamp":"2025-12-19 19:07:44","url":"/api/refresh"}
{"duration":"431ms","ip":"::1","level":"info","message":"HTTP Request Log","method":"POST","statusCode":200,"timestamp":"2025-12-19 19:07:45","url":"/api/refresh"}
{"duration":"376ms","ip":"::1","level":"info","message":"HTTP Request Log","method":"PUT","statusCode":200,"timestamp":"2025-12-19 19:07:45","url":"/api/students/692c58035b061874c16b3725"}
{"duration":"0ms","ip":"::1","level":"info","message":"HTTP Request Log","method":"OPTIONS","statusCode":204,"timestamp":"2025-12-19 19:08:13","url":"/api/dashboard"}
{"duration":"1ms","ip":"::1","level":"info","message":"HTTP Request Log","method":"OPTIONS","statusCode":204,"timestamp":"2025-12-19 19:08:13","url":"/api/dashboard"}
{"duration":"4718ms","ip":"::1","level":"info","message":"HTTP Request Log","method":"GET","statusCode":200,"timestamp":"2025-12-19 19:08:18","url":"/api/dashboard"}
{"duration":"4641ms","ip":"::1","level":"info","message":"HTTP Request Log","method":"GET","statusCode":304,"timestamp":"2025-12-19 19:08:22","url":"/api/dashboard"}
{"duration":"1ms","ip":"::1","level":"info","message":"HTTP Request Log","method":"OPTIONS","statusCode":204,"timestamp":"2025-12-19 19:13:47","url":"/api/dashboard"}
{"duration":"1ms","ip":"::1","level":"info","message":"HTTP Request Log","method":"OPTIONS","statusCode":204,"timestamp":"2025-12-19 19:13:47","url":"/api/dashboard"}
{"duration":"3481ms","ip":"::1","level":"info","message":"HTTP Request Log","method":"GET","statusCode":304,"timestamp":"2025-12-19 19:13:50","url":"/api/dashboard"}
{"duration":"2ms","ip":"::1","level":"info","message":"HTTP Request Log","method":"OPTIONS","statusCode":204,"timestamp":"2025-12-19 19:13:51","url":"/api/students"}
{"duration":"0ms","ip":"::1","level":"info","message":"HTTP Request Log","method":"OPTIONS","statusCode":204,"timestamp":"2025-12-19 19:13:51","url":"/api/students"}
{"duration":"50ms","ip":"::1","level":"info","message":"HTTP Request Log","method":"GET","statusCode":200,"timestamp":"2025-12-19 19:13:51","url":"/api/students"}
{"duration":"48ms","ip":"::1","level":"info","message":"HTTP Request Log","method":"GET","statusCode":304,"timestamp":"2025-12-19 19:13:51","url":"/api/students"}
{"duration":"1ms","ip":"::1","level":"info","message":"HTTP Request Log","method":"OPTIONS","statusCode":204,"timestamp":"2025-12-19 19:13:52","url":"/api/dashboard"}
{"duration":"1ms","ip":"::1","level":"info","message":"HTTP Request Log","method":"OPTIONS","statusCode":204,"timestamp":"2025-12-19 19:13:52","url":"/api/dashboard"}
{"duration":"3329ms","ip":"::1","level":"info","message":"HTTP Request Log","method":"GET","statusCode":304,"timestamp":"2025-12-19 19:13:54","url":"/api/dashboard"}
{"duration":"4322ms","ip":"::1","level":"info","message":"HTTP Request Log","method":"GET","statusCode":304,"timestamp":"2025-12-19 19:13:58","url":"/api/dashboard"}
{"duration":"3904ms","ip":"::1","level":"info","message":"HTTP Request Log","method":"GET","statusCode":304,"timestamp":"2025-12-19 19:14:02","url":"/api/dashboard"}
{"duration":"1ms","ip":"::1","level":"info","message":"HTTP Request Log","method":"OPTIONS","statusCode":204,"timestamp":"2025-12-19 19:18:08","url":"/api/dashboard"}
{"duration":"1ms","ip":"::1","level":"info","message":"HTTP Request Log","method":"OPTIONS","statusCode":204,"timestamp":"2025-12-19 19:18:08","url":"/api/dashboard"}
{"duration":"3658ms","ip":"::1","level":"info","message":"HTTP Request Log","method":"GET","statusCode":304,"timestamp":"2025-12-19 19:18:11","url":"/api/dashboard"}
{"duration":"3752ms","ip":"::1","level":"info","message":"HTTP Request Log","method":"GET","statusCode":304,"timestamp":"2025-12-19 19:18:15","url":"/api/dashboard"}
{"duration":"1ms","ip":"::1","level":"info","message":"HTTP Request Log","method":"OPTIONS","statusCode":204,"timestamp":"2025-12-19 19:21:46","url":"/api/dashboard"}
{"duration":"0ms","ip":"::1","level":"info","message":"HTTP Request Log","method":"OPTIONS","statusCode":204,"timestamp":"2025-12-19 19:21:46","url":"/api/dashboard"}
{"duration":"3223ms","ip":"::1","level":"info","message":"HTTP Request Log","method":"GET","statusCode":304,"timestamp":"2025-12-19 19:21:49","url":"/api/dashboard"}
{"duration":"1ms","ip":"::1","level":"info","message":"HTTP Request Log","method":"OPTIONS","statusCode":204,"timestamp":"2025-12-19 19:21:51","url":"/api/students"}
{"duration":"1ms","ip":"::1","level":"info","message":"HTTP Request Log","method":"OPTIONS","statusCode":204,"timestamp":"2025-12-19 19:21:51","url":"/api/students"}
{"duration":"51ms","ip":"::1","level":"info","message":"HTTP Request Log","method":"GET","statusCode":304,"timestamp":"2025-12-19 19:21:51","url":"/api/students"}
{"duration":"50ms","ip":"::1","level":"info","message":"HTTP Request Log","method":"GET","statusCode":304,"timestamp":"2025-12-19 19:21:51","url":"/api/students"}
{"duration":"3249ms","ip":"::1","level":"info","message":"HTTP Request Log","method":"GET","statusCode":304,"timestamp":"2025-12-19 19:21:52","url":"/api/dashboard"}
{"duration":"1ms","ip":"::1","level":"info","message":"HTTP Request Log","method":"OPTIONS","statusCode":204,"timestamp":"2025-12-19 19:21:52","url":"/api/students/692c58035b061874c16b3725"}
{"duration":"3ms","ip":"::1","level":"info","message":"HTTP Request Log","method":"GET","statusCode":404,"timestamp":"2025-12-19 19:21:52","url":"/api/students/692c58035b061874c16b3725"}
{"duration":"1ms","ip":"::1","level":"info","message":"HTTP Request Log","method":"GET","statusCode":404,"timestamp":"2025-12-19 19:21:52","url":"/api/students/692c58035b061874c16b3725"}
{"duration":"6ms","ip":"::1","level":"info","message":"HTTP Request Log","method":"OPTIONS","statusCode":204,"timestamp":"2025-12-19 19:24:34","url":"/api/students/692c58035b061874c16b3725"}
{"duration":"0ms","ip":"::1","level":"info","message":"HTTP Request Log","method":"OPTIONS","statusCode":204,"timestamp":"2025-12-19 19:24:34","url":"/api/students/692c58035b061874c16b3725"}
{"duration":"3ms","ip":"::1","level":"info","message":"HTTP Request Log","method":"GET","statusCode":401,"timestamp":"2025-12-19 19:24:34","url":"/api/students/692c58035b061874c16b3725"}
{"duration":"3ms","ip":"::1","level":"info","message":"HTTP Request Log","method":"GET","statusCode":401,"timestamp":"2025-12-19 19:24:34","url":"/api/students/692c58035b061874c16b3725"}
{"duration":"0ms","ip":"::1","level":"info","message":"HTTP Request Log","method":"OPTIONS","statusCode":204,"timestamp":"2025-12-19 19:24:34","url":"/api/refresh"}
{"duration":"60ms","ip":"::1","level":"info","message":"HTTP Request Log","method":"POST","statusCode":200,"timestamp":"2025-12-19 19:24:34","url":"/api/refresh"}
{"duration":"57ms","ip":"::1","level":"info","message":"HTTP Request Log","method":"GET","statusCode":200,"timestamp":"2025-12-19 19:24:34","url":"/api/students/692c58035b061874c16b3725"}
{"duration":"45ms","ip":"::1","level":"info","message":"HTTP Request Log","method":"GET","statusCode":304,"timestamp":"2025-12-19 19:24:35","url":"/api/students/692c58035b061874c16b3725"}
{"duration":"1ms","ip":"::1","level":"info","message":"HTTP Request Log","method":"OPTIONS","statusCode":204,"timestamp":"2025-12-19 19:24:45","url":"/api/students"}
{"duration":"2ms","ip":"::1","level":"info","message":"HTTP Request Log","method":"OPTIONS","statusCode":204,"timestamp":"2025-12-19 19:24:45","url":"/api/students"}
{"duration":"49ms","ip":"::1","level":"info","message":"HTTP Request Log","method":"GET","statusCode":304,"timestamp":"2025-12-19 19:24:45","url":"/api/students"}
{"duration":"76ms","ip":"::1","level":"info","message":"HTTP Request Log","method":"GET","statusCode":304,"timestamp":"2025-12-19 19:24:45","url":"/api/students"}
{"duration":"12ms","ip":"::1","level":"info","message":"HTTP Request Log","method":"OPTIONS","statusCode":204,"timestamp":"2025-12-19 19:26:37","url":"/api/students"}
{"duration":"0ms","ip":"::1","level":"info","message":"HTTP Request Log","method":"OPTIONS","statusCode":204,"timestamp":"2025-12-19 19:26:37","url":"/api/students"}
{"duration":"64ms","ip":"::1","level":"info","message":"HTTP Request Log","method":"GET","statusCode":304,"timestamp":"2025-12-19 19:26:37","url":"/api/students"}
{"duration":"50ms","ip":"::1","level":"info","message":"HTTP Request Log","method":"GET","statusCode":304,"timestamp":"2025-12-19 19:26:37","url":"/api/students"}
{"duration":"1ms","ip":"::1","level":"info","message":"HTTP Request Log","method":"OPTIONS","statusCode":204,"timestamp":"2025-12-19 19:28:42","url":"/api/students/693c67f12943314baa86acab"}
{"duration":"1ms","ip":"::1","level":"info","message":"HTTP Request Log","method":"OPTIONS","statusCode":204,"timestamp":"2025-12-19 19:28:42","url":"/api/students/693c67f12943314baa86acab"}
{"duration":"57ms","ip":"::1","level":"info","message":"HTTP Request Log","method":"GET","statusCode":200,"timestamp":"2025-12-19 19:28:42","url":"/api/students/693c67f12943314baa86acab"}
{"duration":"51ms","ip":"::1","level":"info","message":"HTTP Request Log","method":"GET","statusCode":304,"timestamp":"2025-12-19 19:28:42","url":"/api/students/693c67f12943314baa86acab"}
{"duration":"1ms","ip":"::1","level":"info","message":"HTTP Request Log","method":"OPTIONS","statusCode":204,"timestamp":"2025-12-19 19:28:46","url":"/api/students"}
{"duration":"1ms","ip":"::1","level":"info","message":"HTTP Request Log","method":"OPTIONS","statusCode":204,"timestamp":"2025-12-19 19:28:46","url":"/api/students"}
{"duration":"50ms","ip":"::1","level":"info","message":"HTTP Request Log","method":"GET","statusCode":304,"timestamp":"2025-12-19 19:28:46","url":"/api/students"}
{"duration":"49ms","ip":"::1","level":"info","message":"HTTP Request Log","method":"GET","statusCode":304,"timestamp":"2025-12-19 19:28:46","url":"/api/students"}
{"duration":"2ms","ip":"::1","level":"info","message":"HTTP Request Log","method":"OPTIONS","statusCode":204,"timestamp":"2025-12-19 19:33:27","url":"/api/students"}
{"duration":"0ms","ip":"::1","level":"info","message":"HTTP Request Log","method":"OPTIONS","statusCode":204,"timestamp":"2025-12-19 19:33:27","url":"/api/students"}
{"duration":"51ms","ip":"::1","level":"info","message":"HTTP Request Log","method":"GET","statusCode":304,"timestamp":"2025-12-19 19:33:27","url":"/api/students"}
{"duration":"47ms","ip":"::1","level":"info","message":"HTTP Request Log","method":"GET","statusCode":304,"timestamp":"2025-12-19 19:33:27","url":"/api/students"}
{"duration":"1ms","ip":"::1","level":"info","message":"HTTP Request Log","method":"OPTIONS","statusCode":204,"timestamp":"2025-12-19 19:33:29","url":"/api/students/692c58035b061874c16b3725"}
{"duration":"1ms","ip":"::1","level":"info","message":"HTTP Request Log","method":"OPTIONS","statusCode":204,"timestamp":"2025-12-19 19:33:29","url":"/api/students/692c58035b061874c16b3725"}
{"duration":"52ms","ip":"::1","level":"info","message":"HTTP Request Log","method":"GET","statusCode":304,"timestamp":"2025-12-19 19:33:29","url":"/api/students/692c58035b061874c16b3725"}
{"duration":"67ms","ip":"::1","level":"info","message":"HTTP Request Log","method":"GET","statusCode":304,"timestamp":"2025-12-19 19:33:29","url":"/api/students/692c58035b061874c16b3725"}
{"duration":"75ms","ip":"::1","level":"info","message":"HTTP Request Log","method":"GET","statusCode":304,"timestamp":"2025-12-19 19:33:31","url":"/api/students"}
{"duration":"51ms","ip":"::1","level":"info","message":"HTTP Request Log","method":"GET","statusCode":304,"timestamp":"2025-12-19 19:33:31","url":"/api/students"}
{"duration":"2ms","ip":"::1","level":"info","message":"HTTP Request Log","method":"OPTIONS","statusCode":204,"timestamp":"2025-12-19 19:36:04","url":"/api/students"}
{"duration":"1ms","ip":"::1","level":"info","message":"HTTP Request Log","method":"OPTIONS","statusCode":204,"timestamp":"2025-12-19 19:36:04","url":"/api/students"}
{"duration":"50ms","ip":"::1","level":"info","message":"HTTP Request Log","method":"GET","statusCode":304,"timestamp":"2025-12-19 19:36:04","url":"/api/students"}
{"duration":"46ms","ip":"::1","level":"info","message":"HTTP Request Log","method":"GET","statusCode":304,"timestamp":"2025-12-19 19:36:04","url":"/api/students"}
{"duration":"1ms","ip":"::1","level":"info","message":"HTTP Request Log","method":"OPTIONS","statusCode":204,"timestamp":"2025-12-19 19:37:05","url":"/api/students"}
{"duration":"0ms","ip":"::1","level":"info","message":"HTTP Request Log","method":"OPTIONS","statusCode":204,"timestamp":"2025-12-19 19:37:05","url":"/api/students"}
{"duration":"51ms","ip":"::1","level":"info","message":"HTTP Request Log","method":"GET","statusCode":304,"timestamp":"2025-12-19 19:37:05","url":"/api/students"}
{"duration":"51ms","ip":"::1","level":"info","message":"HTTP Request Log","method":"GET","statusCode":304,"timestamp":"2025-12-19 19:37:05","url":"/api/students"}
{"duration":"10ms","ip":"::1","level":"info","message":"HTTP Request Log","method":"OPTIONS","statusCode":204,"timestamp":"2025-12-19 19:40:59","url":"/api/students"}
{"duration":"0ms","ip":"::1","level":"info","message":"HTTP Request Log","method":"OPTIONS","statusCode":204,"timestamp":"2025-12-19 19:40:59","url":"/api/students"}
{"duration":"68ms","ip":"::1","level":"info","message":"HTTP Request Log","method":"GET","statusCode":200,"timestamp":"2025-12-19 19:40:59","url":"/api/students"}
{"duration":"55ms","ip":"::1","level":"info","message":"HTTP Request Log","method":"GET","statusCode":304,"timestamp":"2025-12-19 19:40:59","url":"/api/students"}
{"duration":"2ms","ip":"::1","level":"info","message":"HTTP Request Log","method":"OPTIONS","statusCode":204,"timestamp":"2025-12-19 19:41:59","url":"/api/students/692c58035b061874c16b3725"}
{"duration":"0ms","ip":"::1","level":"info","message":"HTTP Request Log","method":"OPTIONS","statusCode":204,"timestamp":"2025-12-19 19:41:59","url":"/api/students/692c58035b061874c16b3725"}
{"duration":"7ms","ip":"::1","level":"info","message":"HTTP Request Log","method":"GET","statusCode":401,"timestamp":"2025-12-19 19:41:59","url":"/api/students/692c58035b061874c16b3725"}
{"duration":"4ms","ip":"::1","level":"info","message":"HTTP Request Log","method":"GET","statusCode":401,"timestamp":"2025-12-19 19:41:59","url":"/api/students/692c58035b061874c16b3725"}
{"duration":"1ms","ip":"::1","level":"info","message":"HTTP Request Log","method":"OPTIONS","statusCode":204,"timestamp":"2025-12-19 19:41:59","url":"/api/refresh"}
{"duration":"64ms","ip":"::1","level":"info","message":"HTTP Request Log","method":"POST","statusCode":200,"timestamp":"2025-12-19 19:41:59","url":"/api/refresh"}
{"duration":"48ms","ip":"::1","level":"info","message":"HTTP Request Log","method":"GET","statusCode":200,"timestamp":"2025-12-19 19:41:59","url":"/api/students/692c58035b061874c16b3725"}
{"duration":"47ms","ip":"::1","level":"info","message":"HTTP Request Log","method":"GET","statusCode":304,"timestamp":"2025-12-19 19:42:00","url":"/api/students/692c58035b061874c16b3725"}
{"duration":"0ms","ip":"::1","level":"info","message":"HTTP Request Log","method":"OPTIONS","statusCode":204,"timestamp":"2025-12-19 19:42:01","url":"/api/students"}
{"duration":"1ms","ip":"::1","level":"info","message":"HTTP Request Log","method":"OPTIONS","statusCode":204,"timestamp":"2025-12-19 19:42:01","url":"/api/students"}
{"duration":"49ms","ip":"::1","level":"info","message":"HTTP Request Log","method":"GET","statusCode":304,"timestamp":"2025-12-19 19:42:01","url":"/api/students"}
{"duration":"49ms","ip":"::1","level":"info","message":"HTTP Request Log","method":"GET","statusCode":304,"timestamp":"2025-12-19 19:42:01","url":"/api/students"}
{"duration":"2ms","ip":"::1","level":"info","message":"HTTP Request Log","method":"OPTIONS","statusCode":204,"timestamp":"2025-12-19 19:42:05","url":"/api/courses"}
{"duration":"2ms","ip":"::1","level":"info","message":"HTTP Request Log","method":"OPTIONS","statusCode":204,"timestamp":"2025-12-19 19:42:05","url":"/api/courses"}
{"duration":"111ms","ip":"::1","level":"info","message":"HTTP Request Log","method":"GET","statusCode":304,"timestamp":"2025-12-19 19:42:05","url":"/api/courses"}
{"duration":"53ms","ip":"::1","level":"info","message":"HTTP Request Log","method":"GET","statusCode":304,"timestamp":"2025-12-19 19:42:05","url":"/api/courses"}
{"duration":"9ms","ip":"::1","level":"info","message":"HTTP Request Log","method":"OPTIONS","statusCode":204,"timestamp":"2025-12-19 20:11:21","url":"/api/admin/createCourse"}
{"duration":"18ms","ip":"::1","level":"info","message":"HTTP Request Log","method":"POST","statusCode":401,"timestamp":"2025-12-19 20:11:21","url":"/api/admin/createCourse"}
{"duration":"1ms","ip":"::1","level":"info","message":"HTTP Request Log","method":"OPTIONS","statusCode":204,"timestamp":"2025-12-19 20:11:21","url":"/api/refresh"}
{"duration":"80ms","ip":"::1","level":"info","message":"HTTP Request Log","method":"POST","statusCode":200,"timestamp":"2025-12-19 20:11:21","url":"/api/refresh"}
{"duration":"127ms","ip":"::1","level":"info","message":"HTTP Request Log","method":"POST","statusCode":201,"timestamp":"2025-12-19 20:11:21","url":"/api/admin/createCourse"}
{"duration":"1ms","ip":"::1","level":"info","message":"HTTP Request Log","method":"OPTIONS","statusCode":204,"timestamp":"2025-12-19 20:11:21","url":"/api/courses"}
{"duration":"1ms","ip":"::1","level":"info","message":"HTTP Request Log","method":"OPTIONS","statusCode":204,"timestamp":"2025-12-19 20:11:21","url":"/api/courses"}
{"duration":"120ms","ip":"::1","level":"info","message":"HTTP Request Log","method":"GET","statusCode":200,"timestamp":"2025-12-19 20:11:21","url":"/api/courses"}
{"duration":"75ms","ip":"::1","level":"info","message":"HTTP Request Log","method":"GET","statusCode":304,"timestamp":"2025-12-19 20:11:21","url":"/api/courses"}
{"duration":"7ms","ip":"::1","level":"info","message":"HTTP Request Log","method":"OPTIONS","statusCode":204,"timestamp":"2025-12-19 20:16:16","url":"/api/courses"}
{"duration":"0ms","ip":"::1","level":"info","message":"HTTP Request Log","method":"OPTIONS","statusCode":204,"timestamp":"2025-12-19 20:16:16","url":"/api/courses"}
{"duration":"2ms","ip":"::1","level":"info","message":"HTTP Request Log","method":"GET","statusCode":404,"timestamp":"2025-12-19 20:16:16","url":"/api/courses"}
{"duration":"1ms","ip":"::1","level":"info","message":"HTTP Request Log","method":"GET","statusCode":404,"timestamp":"2025-12-19 20:16:16","url":"/api/courses"}
{"duration":"3ms","ip":"::1","level":"info","message":"HTTP Request Log","method":"OPTIONS","statusCode":204,"timestamp":"2025-12-19 20:18:12","url":"/api/courses"}
{"duration":"0ms","ip":"::1","level":"info","message":"HTTP Request Log","method":"OPTIONS","statusCode":204,"timestamp":"2025-12-19 20:18:12","url":"/api/courses"}
{"duration":"123ms","ip":"::1","level":"info","message":"HTTP Request Log","method":"GET","statusCode":200,"timestamp":"2025-12-19 20:18:12","url":"/api/courses"}
{"duration":"68ms","ip":"::1","level":"info","message":"HTTP Request Log","method":"GET","statusCode":304,"timestamp":"2025-12-19 20:18:12","url":"/api/courses"}
{"duration":"3ms","ip":"::1","level":"info","message":"HTTP Request Log","method":"OPTIONS","statusCode":204,"timestamp":"2025-12-19 20:21:24","url":"/api/courses"}
{"duration":"97ms","ip":"::1","level":"info","message":"HTTP Request Log","method":"GET","statusCode":304,"timestamp":"2025-12-19 20:21:24","url":"/api/courses"}
{"duration":"1ms","ip":"::1","level":"info","message":"HTTP Request Log","method":"OPTIONS","statusCode":204,"timestamp":"2025-12-19 20:21:43","url":"/api/courses"}
{"duration":"1ms","ip":"::1","level":"info","message":"HTTP Request Log","method":"OPTIONS","statusCode":204,"timestamp":"2025-12-19 20:21:43","url":"/api/courses"}
{"duration":"96ms","ip":"::1","level":"info","message":"HTTP Request Log","method":"GET","statusCode":304,"timestamp":"2025-12-19 20:21:43","url":"/api/courses"}
{"duration":"51ms","ip":"::1","level":"info","message":"HTTP Request Log","method":"GET","statusCode":304,"timestamp":"2025-12-19 20:21:43","url":"/api/courses"}
{"duration":"8ms","ip":"::1","level":"info","message":"HTTP Request Log","method":"OPTIONS","statusCode":204,"timestamp":"2025-12-19 20:23:16","url":"/api/dashboard"}
{"duration":"1ms","ip":"::1","level":"info","message":"HTTP Request Log","method":"OPTIONS","statusCode":204,"timestamp":"2025-12-19 20:23:16","url":"/api/dashboard"}
{"duration":"132ms","ip":"::1","level":"info","message":"HTTP Request Log","method":"GET","statusCode":200,"timestamp":"2025-12-19 20:23:17","url":"/api/dashboard"}
{"duration":"75ms","ip":"::1","level":"info","message":"HTTP Request Log","method":"GET","statusCode":304,"timestamp":"2025-12-19 20:23:17","url":"/api/dashboard"}
{"duration":"0ms","ip":"::1","level":"info","message":"HTTP Request Log","method":"OPTIONS","statusCode":204,"timestamp":"2025-12-19 20:23:23","url":"/api/courses"}
{"duration":"1ms","ip":"::1","level":"info","message":"HTTP Request Log","method":"OPTIONS","statusCode":204,"timestamp":"2025-12-19 20:23:23","url":"/api/courses"}
{"duration":"98ms","ip":"::1","level":"info","message":"HTTP Request Log","method":"GET","statusCode":304,"timestamp":"2025-12-19 20:23:23","url":"/api/courses"}
{"duration":"54ms","ip":"::1","level":"info","message":"HTTP Request Log","method":"GET","statusCode":304,"timestamp":"2025-12-19 20:23:23","url":"/api/courses"}
{"duration":"2ms","ip":"::1","level":"info","message":"HTTP Request Log","method":"OPTIONS","statusCode":204,"timestamp":"2025-12-19 20:23:26","url":"/api/dashboard"}
{"duration":"0ms","ip":"::1","level":"info","message":"HTTP Request Log","method":"OPTIONS","statusCode":204,"timestamp":"2025-12-19 20:23:26","url":"/api/dashboard"}
{"duration":"99ms","ip":"::1","level":"info","message":"HTTP Request Log","method":"GET","statusCode":304,"timestamp":"2025-12-19 20:23:26","url":"/api/dashboard"}
{"duration":"52ms","ip":"::1","level":"info","message":"HTTP Request Log","method":"GET","statusCode":304,"timestamp":"2025-12-19 20:23:26","url":"/api/dashboard"}
{"duration":"9ms","ip":"::1","level":"info","message":"HTTP Request Log","method":"OPTIONS","statusCode":204,"timestamp":"2025-12-19 20:34:31","url":"/api/courses"}
{"duration":"1ms","ip":"::1","level":"info","message":"HTTP Request Log","method":"OPTIONS","statusCode":204,"timestamp":"2025-12-19 20:34:31","url":"/api/courses"}
{"duration":"13ms","ip":"::1","level":"info","message":"HTTP Request Log","method":"GET","statusCode":401,"timestamp":"2025-12-19 20:34:31","url":"/api/courses"}
{"duration":"4ms","ip":"::1","level":"info","message":"HTTP Request Log","method":"GET","statusCode":401,"timestamp":"2025-12-19 20:34:31","url":"/api/courses"}
{"duration":"1ms","ip":"::1","level":"info","message":"HTTP Request Log","method":"OPTIONS","statusCode":204,"timestamp":"2025-12-19 20:34:31","url":"/api/refresh"}
{"duration":"72ms","ip":"::1","level":"info","message":"HTTP Request Log","method":"POST","statusCode":200,"timestamp":"2025-12-19 20:34:32","url":"/api/refresh"}
{"duration":"103ms","ip":"::1","level":"info","message":"HTTP Request Log","method":"GET","statusCode":304,"timestamp":"2025-12-19 20:34:32","url":"/api/courses"}
{"duration":"60ms","ip":"::1","level":"info","message":"HTTP Request Log","method":"GET","statusCode":304,"timestamp":"2025-12-19 20:34:32","url":"/api/courses"}
{"duration":"4ms","ip":"::1","level":"info","message":"HTTP Request Log","method":"OPTIONS","statusCode":204,"timestamp":"2025-12-19 20:37:49","url":"/api/courses"}
{"duration":"1ms","ip":"::1","level":"info","message":"HTTP Request Log","method":"OPTIONS","statusCode":204,"timestamp":"2025-12-19 20:37:49","url":"/api/courses"}
{"duration":"116ms","ip":"::1","level":"info","message":"HTTP Request Log","method":"GET","statusCode":304,"timestamp":"2025-12-19 20:37:49","url":"/api/courses"}
{"duration":"57ms","ip":"::1","level":"info","message":"HTTP Request Log","method":"GET","statusCode":304,"timestamp":"2025-12-19 20:37:49","url":"/api/courses"}
{"duration":"1ms","ip":"::1","level":"info","message":"HTTP Request Log","method":"OPTIONS","statusCode":204,"timestamp":"2025-12-19 20:37:51","url":"/api/dashboard"}
{"duration":"1ms","ip":"::1","level":"info","message":"HTTP Request Log","method":"OPTIONS","statusCode":204,"timestamp":"2025-12-19 20:37:51","url":"/api/dashboard"}
{"duration":"122ms","ip":"::1","level":"info","message":"HTTP Request Log","method":"GET","statusCode":304,"timestamp":"2025-12-19 20:37:51","url":"/api/dashboard"}
{"duration":"61ms","ip":"::1","level":"info","message":"HTTP Request Log","method":"GET","statusCode":304,"timestamp":"2025-12-19 20:37:51","url":"/api/dashboard"}
{"duration":"1ms","ip":"::1","level":"info","message":"HTTP Request Log","method":"OPTIONS","statusCode":204,"timestamp":"2025-12-19 20:40:42","url":"/api/dashboard"}
{"duration":"1ms","ip":"::1","level":"info","message":"HTTP Request Log","method":"OPTIONS","statusCode":204,"timestamp":"2025-12-19 20:40:42","url":"/api/dashboard"}
{"duration":"102ms","ip":"::1","level":"info","message":"HTTP Request Log","method":"GET","statusCode":304,"timestamp":"2025-12-19 20:40:42","url":"/api/dashboard"}
{"duration":"59ms","ip":"::1","level":"info","message":"HTTP Request Log","method":"GET","statusCode":304,"timestamp":"2025-12-19 20:40:42","url":"/api/dashboard"}
{"duration":"1ms","ip":"::1","level":"info","message":"HTTP Request Log","method":"OPTIONS","statusCode":204,"timestamp":"2025-12-19 20:41:36","url":"/api/dashboard"}
{"duration":"1ms","ip":"::1","level":"info","message":"HTTP Request Log","method":"OPTIONS","statusCode":204,"timestamp":"2025-12-19 20:41:36","url":"/api/dashboard"}
{"duration":"97ms","ip":"::1","level":"info","message":"HTTP Request Log","method":"GET","statusCode":304,"timestamp":"2025-12-19 20:41:36","url":"/api/dashboard"}
{"duration":"48ms","ip":"::1","level":"info","message":"HTTP Request Log","method":"GET","statusCode":304,"timestamp":"2025-12-19 20:41:36","url":"/api/dashboard"}
{"duration":"1ms","ip":"::1","level":"info","message":"HTTP Request Log","method":"OPTIONS","statusCode":204,"timestamp":"2025-12-19 20:41:43","url":"/api/dashboard"}
{"duration":"1ms","ip":"::1","level":"info","message":"HTTP Request Log","method":"OPTIONS","statusCode":204,"timestamp":"2025-12-19 20:41:43","url":"/api/dashboard"}
{"duration":"120ms","ip":"::1","level":"info","message":"HTTP Request Log","method":"GET","statusCode":304,"timestamp":"2025-12-19 20:41:43","url":"/api/dashboard"}
{"duration":"55ms","ip":"::1","level":"info","message":"HTTP Request Log","method":"GET","statusCode":304,"timestamp":"2025-12-19 20:41:43","url":"/api/dashboard"}
{"duration":"0ms","ip":"::1","level":"info","message":"HTTP Request Log","method":"OPTIONS","statusCode":204,"timestamp":"2025-12-19 20:41:45","url":"/api/courses"}
{"duration":"0ms","ip":"::1","level":"info","message":"HTTP Request Log","method":"OPTIONS","statusCode":204,"timestamp":"2025-12-19 20:41:45","url":"/api/courses"}
{"duration":"135ms","ip":"::1","level":"info","message":"HTTP Request Log","method":"GET","statusCode":304,"timestamp":"2025-12-19 20:41:45","url":"/api/courses"}
{"duration":"73ms","ip":"::1","level":"info","message":"HTTP Request Log","method":"GET","statusCode":304,"timestamp":"2025-12-19 20:41:45","url":"/api/courses"}
{"duration":"1ms","ip":"::1","level":"info","message":"HTTP Request Log","method":"OPTIONS","statusCode":204,"timestamp":"2025-12-19 20:41:47","url":"/api/courses/694138925070e205db1a9dd7"}
{"duration":"0ms","ip":"::1","level":"info","message":"HTTP Request Log","method":"OPTIONS","statusCode":204,"timestamp":"2025-12-19 20:41:47","url":"/api/courses/694138925070e205db1a9dd7"}
{"duration":"50ms","ip":"::1","level":"info","message":"HTTP Request Log","method":"GET","statusCode":200,"timestamp":"2025-12-19 20:41:47","url":"/api/courses/694138925070e205db1a9dd7"}
{"duration":"73ms","ip":"::1","level":"info","message":"HTTP Request Log","method":"GET","statusCode":304,"timestamp":"2025-12-19 20:41:47","url":"/api/courses/694138925070e205db1a9dd7"}
{"duration":"0ms","ip":"::1","level":"info","message":"HTTP Request Log","method":"OPTIONS","statusCode":204,"timestamp":"2025-12-19 20:41:54","url":"/api/courses"}
{"duration":"0ms","ip":"::1","level":"info","message":"HTTP Request Log","method":"OPTIONS","statusCode":204,"timestamp":"2025-12-19 20:41:54","url":"/api/courses"}
{"duration":"93ms","ip":"::1","level":"info","message":"HTTP Request Log","method":"GET","statusCode":304,"timestamp":"2025-12-19 20:41:54","url":"/api/courses"}
{"duration":"51ms","ip":"::1","level":"info","message":"HTTP Request Log","method":"GET","statusCode":304,"timestamp":"2025-12-19 20:41:54","url":"/api/courses"}
{"duration":"1ms","ip":"::1","level":"info","message":"HTTP Request Log","method":"OPTIONS","statusCode":204,"timestamp":"2025-12-19 20:41:57","url":"/api/courses/694138925070e205db1a9dd7"}
{"duration":"1ms","ip":"::1","level":"info","message":"HTTP Request Log","method":"OPTIONS","statusCode":204,"timestamp":"2025-12-19 20:41:57","url":"/api/courses/694138925070e205db1a9dd7"}
{"duration":"49ms","ip":"::1","level":"info","message":"HTTP Request Log","method":"GET","statusCode":304,"timestamp":"2025-12-19 20:41:57","url":"/api/courses/694138925070e205db1a9dd7"}
{"duration":"47ms","ip":"::1","level":"info","message":"HTTP Request Log","method":"GET","statusCode":304,"timestamp":"2025-12-19 20:41:57","url":"/api/courses/694138925070e205db1a9dd7"}
{"duration":"1ms","ip":"::1","level":"info","message":"HTTP Request Log","method":"OPTIONS","statusCode":204,"timestamp":"2025-12-19 20:42:08","url":"/api/courses"}
{"duration":"1ms","ip":"::1","level":"info","message":"HTTP Request Log","method":"OPTIONS","statusCode":204,"timestamp":"2025-12-19 20:42:08","url":"/api/courses"}
{"duration":"133ms","ip":"::1","level":"info","message":"HTTP Request Log","method":"GET","statusCode":304,"timestamp":"2025-12-19 20:42:08","url":"/api/courses"}
{"duration":"71ms","ip":"::1","level":"info","message":"HTTP Request Log","method":"GET","statusCode":304,"timestamp":"2025-12-19 20:42:09","url":"/api/courses"}
{"duration":"1ms","ip":"::1","level":"info","message":"HTTP Request Log","method":"OPTIONS","statusCode":204,"timestamp":"2025-12-19 20:42:19","url":"/api/courses/6945641141bfaef5c8352d3a"}
{"duration":"0ms","ip":"::1","level":"info","message":"HTTP Request Log","method":"OPTIONS","statusCode":204,"timestamp":"2025-12-19 20:42:19","url":"/api/courses/6945641141bfaef5c8352d3a"}
{"duration":"47ms","ip":"::1","level":"info","message":"HTTP Request Log","method":"GET","statusCode":200,"timestamp":"2025-12-19 20:42:19","url":"/api/courses/6945641141bfaef5c8352d3a"}
{"duration":"49ms","ip":"::1","level":"info","message":"HTTP Request Log","method":"GET","statusCode":304,"timestamp":"2025-12-19 20:42:19","url":"/api/courses/6945641141bfaef5c8352d3a"}
{"duration":"53ms","ip":"::1","level":"info","message":"HTTP Request Log","method":"GET","statusCode":304,"timestamp":"2025-12-19 20:42:24","url":"/api/courses/6945641141bfaef5c8352d3a"}
{"duration":"51ms","ip":"::1","level":"info","message":"HTTP Request Log","method":"GET","statusCode":304,"timestamp":"2025-12-19 20:42:24","url":"/api/courses/6945641141bfaef5c8352d3a"}
