{"duration":"7ms","ip":"::1","level":"info","message":"HTTP Request Log","method":"OPTIONS","statusCode":204,"timestamp":"2025-12-28 22:44:25","url":"/api/login"}
{"duration":"156ms","ip":"::1","level":"info","message":"HTTP Request Log","method":"POST","statusCode":200,"timestamp":"2025-12-28 22:44:25","url":"/api/login"}
{"duration":"1ms","ip":"::1","level":"info","message":"HTTP Request Log","method":"OPTIONS","statusCode":204,"timestamp":"2025-12-28 22:44:25","url":"/api/dashboard"}
{"duration":"0ms","ip":"::1","level":"info","message":"HTTP Request Log","method":"OPTIONS","statusCode":204,"timestamp":"2025-12-28 22:44:25","url":"/api/dashboard"}
{"duration":"70ms","ip":"::1","level":"info","message":"HTTP Request Log","method":"GET","statusCode":304,"timestamp":"2025-12-28 22:44:25","url":"/api/dashboard"}
{"duration":"60ms","ip":"::1","level":"info","message":"HTTP Request Log","method":"GET","statusCode":304,"timestamp":"2025-12-28 22:44:25","url":"/api/dashboard"}
{"duration":"1ms","ip":"::1","level":"info","message":"HTTP Request Log","method":"OPTIONS","statusCode":204,"timestamp":"2025-12-28 22:44:30","url":"/api/students"}
{"duration":"1ms","ip":"::1","level":"info","message":"HTTP Request Log","method":"OPTIONS","statusCode":204,"timestamp":"2025-12-28 22:44:30","url":"/api/students"}
{"duration":"58ms","ip":"::1","level":"info","message":"HTTP Request Log","method":"GET","statusCode":304,"timestamp":"2025-12-28 22:44:30","url":"/api/students"}
{"duration":"56ms","ip":"::1","level":"info","message":"HTTP Request Log","method":"GET","statusCode":304,"timestamp":"2025-12-28 22:44:30","url":"/api/students"}
{"duration":"1ms","ip":"::1","level":"info","message":"HTTP Request Log","method":"OPTIONS","statusCode":204,"timestamp":"2025-12-28 22:44:31","url":"/api/courses"}
{"duration":"1ms","ip":"::1","level":"info","message":"HTTP Request Log","method":"OPTIONS","statusCode":204,"timestamp":"2025-12-28 22:44:31","url":"/api/courses"}
{"duration":"58ms","ip":"::1","level":"info","message":"HTTP Request Log","method":"GET","statusCode":304,"timestamp":"2025-12-28 22:44:31","url":"/api/courses"}
{"duration":"58ms","ip":"::1","level":"info","message":"HTTP Request Log","method":"GET","statusCode":304,"timestamp":"2025-12-28 22:44:31","url":"/api/courses"}
{"duration":"1ms","ip":"::1","level":"info","message":"HTTP Request Log","method":"OPTIONS","statusCode":204,"timestamp":"2025-12-28 22:44:31","url":"/api/resumes"}
{"duration":"1ms","ip":"::1","level":"info","message":"HTTP Request Log","method":"OPTIONS","statusCode":204,"timestamp":"2025-12-28 22:44:31","url":"/api/resumes"}
{"duration":"56ms","ip":"::1","level":"info","message":"HTTP Request Log","method":"GET","statusCode":304,"timestamp":"2025-12-28 22:44:31","url":"/api/resumes"}
{"duration":"58ms","ip":"::1","level":"info","message":"HTTP Request Log","method":"GET","statusCode":304,"timestamp":"2025-12-28 22:44:31","url":"/api/resumes"}
{"duration":"1ms","ip":"::1","level":"info","message":"HTTP Request Log","method":"OPTIONS","statusCode":204,"timestamp":"2025-12-28 22:44:32","url":"/api/placements"}
{"duration":"1ms","ip":"::1","level":"info","message":"HTTP Request Log","method":"OPTIONS","statusCode":204,"timestamp":"2025-12-28 22:44:32","url":"/api/placements"}
{"duration":"55ms","ip":"::1","level":"info","message":"HTTP Request Log","method":"GET","statusCode":304,"timestamp":"2025-12-28 22:44:32","url":"/api/placements"}
{"duration":"56ms","ip":"::1","level":"info","message":"HTTP Request Log","method":"GET","statusCode":304,"timestamp":"2025-12-28 22:44:32","url":"/api/placements"}
{"duration":"1ms","ip":"::1","level":"info","message":"HTTP Request Log","method":"OPTIONS","statusCode":204,"timestamp":"2025-12-28 22:44:33","url":"/api/alumni"}
{"duration":"0ms","ip":"::1","level":"info","message":"HTTP Request Log","method":"OPTIONS","statusCode":204,"timestamp":"2025-12-28 22:44:33","url":"/api/alumni"}
{"duration":"54ms","ip":"::1","level":"info","message":"HTTP Request Log","method":"GET","statusCode":304,"timestamp":"2025-12-28 22:44:33","url":"/api/alumni"}
{"duration":"53ms","ip":"::1","level":"info","message":"HTTP Request Log","method":"GET","statusCode":304,"timestamp":"2025-12-28 22:44:33","url":"/api/alumni"}
{"duration":"1ms","ip":"::1","level":"info","message":"HTTP Request Log","method":"OPTIONS","statusCode":204,"timestamp":"2025-12-28 22:44:34","url":"/api/profile"}
{"duration":"1ms","ip":"::1","level":"info","message":"HTTP Request Log","method":"OPTIONS","statusCode":204,"timestamp":"2025-12-28 22:44:34","url":"/api/profile"}
{"duration":"57ms","ip":"::1","level":"info","message":"HTTP Request Log","method":"GET","statusCode":304,"timestamp":"2025-12-28 22:44:34","url":"/api/profile"}
{"duration":"53ms","ip":"::1","level":"info","message":"HTTP Request Log","method":"GET","statusCode":304,"timestamp":"2025-12-28 22:44:34","url":"/api/profile"}
{"duration":"1ms","ip":"::1","level":"info","message":"HTTP Request Log","method":"OPTIONS","statusCode":204,"timestamp":"2025-12-28 22:44:36","url":"/api/dashboard"}
{"duration":"1ms","ip":"::1","level":"info","message":"HTTP Request Log","method":"OPTIONS","statusCode":204,"timestamp":"2025-12-28 22:44:36","url":"/api/dashboard"}
{"duration":"71ms","ip":"::1","level":"info","message":"HTTP Request Log","method":"GET","statusCode":304,"timestamp":"2025-12-28 22:44:36","url":"/api/dashboard"}
{"duration":"59ms","ip":"::1","level":"info","message":"HTTP Request Log","method":"GET","statusCode":304,"timestamp":"2025-12-28 22:44:36","url":"/api/dashboard"}
{"duration":"1ms","ip":"::1","level":"info","message":"HTTP Request Log","method":"OPTIONS","statusCode":204,"timestamp":"2025-12-28 22:44:39","url":"/api/students"}
{"duration":"0ms","ip":"::1","level":"info","message":"HTTP Request Log","method":"OPTIONS","statusCode":204,"timestamp":"2025-12-28 22:44:39","url":"/api/students"}
{"duration":"57ms","ip":"::1","level":"info","message":"HTTP Request Log","method":"GET","statusCode":304,"timestamp":"2025-12-28 22:44:39","url":"/api/students"}
{"duration":"54ms","ip":"::1","level":"info","message":"HTTP Request Log","method":"GET","statusCode":304,"timestamp":"2025-12-28 22:44:39","url":"/api/students"}
{"duration":"62ms","ip":"::1","level":"info","message":"HTTP Request Log","method":"GET","statusCode":304,"timestamp":"2025-12-28 22:44:42","url":"/api/students"}
{"duration":"61ms","ip":"::1","level":"info","message":"HTTP Request Log","method":"GET","statusCode":304,"timestamp":"2025-12-28 22:44:42","url":"/api/students"}
{"duration":"5ms","ip":"::1","level":"info","message":"HTTP Request Log","method":"OPTIONS","statusCode":204,"timestamp":"2025-12-28 22:45:39","url":"/api/students/694d28c5e7f570ae34aff131"}
{"duration":"0ms","ip":"::1","level":"info","message":"HTTP Request Log","method":"OPTIONS","statusCode":204,"timestamp":"2025-12-28 22:45:39","url":"/api/students/694d28c5e7f570ae34aff131"}
{"duration":"58ms","ip":"::1","level":"info","message":"HTTP Request Log","method":"GET","statusCode":304,"timestamp":"2025-12-28 22:45:39","url":"/api/students/694d28c5e7f570ae34aff131"}
{"duration":"56ms","ip":"::1","level":"info","message":"HTTP Request Log","method":"GET","statusCode":304,"timestamp":"2025-12-28 22:45:39","url":"/api/students/694d28c5e7f570ae34aff131"}
{"duration":"1ms","ip":"::1","level":"info","message":"HTTP Request Log","method":"OPTIONS","statusCode":204,"timestamp":"2025-12-28 22:45:42","url":"/api/students"}
{"duration":"0ms","ip":"::1","level":"info","message":"HTTP Request Log","method":"OPTIONS","statusCode":204,"timestamp":"2025-12-28 22:45:42","url":"/api/students"}
{"duration":"58ms","ip":"::1","level":"info","message":"HTTP Request Log","method":"GET","statusCode":304,"timestamp":"2025-12-28 22:45:43","url":"/api/students"}
{"duration":"59ms","ip":"::1","level":"info","message":"HTTP Request Log","method":"GET","statusCode":304,"timestamp":"2025-12-28 22:45:43","url":"/api/students"}
{"duration":"0ms","ip":"::1","level":"info","message":"HTTP Request Log","method":"OPTIONS","statusCode":204,"timestamp":"2025-12-28 22:45:48","url":"/api/dashboard"}
{"duration":"0ms","ip":"::1","level":"info","message":"HTTP Request Log","method":"OPTIONS","statusCode":204,"timestamp":"2025-12-28 22:45:48","url":"/api/dashboard"}
{"duration":"102ms","ip":"::1","level":"info","message":"HTTP Request Log","method":"GET","statusCode":304,"timestamp":"2025-12-28 22:45:48","url":"/api/dashboard"}
{"duration":"86ms","ip":"::1","level":"info","message":"HTTP Request Log","method":"GET","statusCode":304,"timestamp":"2025-12-28 22:45:49","url":"/api/dashboard"}
{"duration":"1ms","ip":"::1","level":"info","message":"HTTP Request Log","method":"OPTIONS","statusCode":204,"timestamp":"2025-12-28 22:48:40","url":"/api/students"}
{"duration":"1ms","ip":"::1","level":"info","message":"HTTP Request Log","method":"OPTIONS","statusCode":204,"timestamp":"2025-12-28 22:48:40","url":"/api/students"}
{"duration":"58ms","ip":"::1","level":"info","message":"HTTP Request Log","method":"GET","statusCode":304,"timestamp":"2025-12-28 22:48:40","url":"/api/students"}
{"duration":"54ms","ip":"::1","level":"info","message":"HTTP Request Log","method":"GET","statusCode":304,"timestamp":"2025-12-28 22:48:40","url":"/api/students"}
{"duration":"1ms","ip":"::1","level":"info","message":"HTTP Request Log","method":"OPTIONS","statusCode":204,"timestamp":"2025-12-28 22:48:41","url":"/api/courses"}
{"duration":"1ms","ip":"::1","level":"info","message":"HTTP Request Log","method":"OPTIONS","statusCode":204,"timestamp":"2025-12-28 22:48:41","url":"/api/courses"}
{"duration":"60ms","ip":"::1","level":"info","message":"HTTP Request Log","method":"GET","statusCode":304,"timestamp":"2025-12-28 22:48:41","url":"/api/courses"}
{"duration":"54ms","ip":"::1","level":"info","message":"HTTP Request Log","method":"GET","statusCode":304,"timestamp":"2025-12-28 22:48:41","url":"/api/courses"}
{"duration":"1ms","ip":"::1","level":"info","message":"HTTP Request Log","method":"OPTIONS","statusCode":204,"timestamp":"2025-12-28 22:48:42","url":"/api/resumes"}
{"duration":"0ms","ip":"::1","level":"info","message":"HTTP Request Log","method":"OPTIONS","statusCode":204,"timestamp":"2025-12-28 22:48:42","url":"/api/resumes"}
{"duration":"54ms","ip":"::1","level":"info","message":"HTTP Request Log","method":"GET","statusCode":304,"timestamp":"2025-12-28 22:48:42","url":"/api/resumes"}
{"duration":"56ms","ip":"::1","level":"info","message":"HTTP Request Log","method":"GET","statusCode":304,"timestamp":"2025-12-28 22:48:42","url":"/api/resumes"}
{"duration":"1ms","ip":"::1","level":"info","message":"HTTP Request Log","method":"OPTIONS","statusCode":204,"timestamp":"2025-12-28 22:48:42","url":"/api/placements"}
{"duration":"0ms","ip":"::1","level":"info","message":"HTTP Request Log","method":"OPTIONS","statusCode":204,"timestamp":"2025-12-28 22:48:42","url":"/api/placements"}
{"duration":"56ms","ip":"::1","level":"info","message":"HTTP Request Log","method":"GET","statusCode":304,"timestamp":"2025-12-28 22:48:42","url":"/api/placements"}
{"duration":"56ms","ip":"::1","level":"info","message":"HTTP Request Log","method":"GET","statusCode":304,"timestamp":"2025-12-28 22:48:43","url":"/api/placements"}
{"duration":"1ms","ip":"::1","level":"info","message":"HTTP Request Log","method":"OPTIONS","statusCode":204,"timestamp":"2025-12-28 22:48:43","url":"/api/alumni"}
{"duration":"0ms","ip":"::1","level":"info","message":"HTTP Request Log","method":"OPTIONS","statusCode":204,"timestamp":"2025-12-28 22:48:43","url":"/api/alumni"}
{"duration":"57ms","ip":"::1","level":"info","message":"HTTP Request Log","method":"GET","statusCode":304,"timestamp":"2025-12-28 22:48:43","url":"/api/alumni"}
{"duration":"55ms","ip":"::1","level":"info","message":"HTTP Request Log","method":"GET","statusCode":304,"timestamp":"2025-12-28 22:48:43","url":"/api/alumni"}
{"duration":"1ms","ip":"::1","level":"info","message":"HTTP Request Log","method":"OPTIONS","statusCode":204,"timestamp":"2025-12-28 22:48:44","url":"/api/profile"}
{"duration":"64ms","ip":"::1","level":"info","message":"HTTP Request Log","method":"GET","statusCode":304,"timestamp":"2025-12-28 22:48:44","url":"/api/profile"}
{"duration":"55ms","ip":"::1","level":"info","message":"HTTP Request Log","method":"GET","statusCode":304,"timestamp":"2025-12-28 22:48:45","url":"/api/profile"}
{"duration":"1ms","ip":"::1","level":"info","message":"HTTP Request Log","method":"OPTIONS","statusCode":204,"timestamp":"2025-12-28 22:48:46","url":"/api/logout"}
{"duration":"2ms","ip":"::1","level":"info","message":"HTTP Request Log","method":"POST","statusCode":200,"timestamp":"2025-12-28 22:48:46","url":"/api/logout"}
{"duration":"7ms","ip":"::1","level":"info","message":"HTTP Request Log","method":"OPTIONS","statusCode":204,"timestamp":"2025-12-28 22:50:28","url":"/api/login"}
{"duration":"5221ms","ip":"::1","level":"info","message":"HTTP Request Log","method":"POST","statusCode":200,"timestamp":"2025-12-28 22:50:33","url":"/api/login"}
{"duration":"1ms","ip":"::1","level":"info","message":"HTTP Request Log","method":"OPTIONS","statusCode":204,"timestamp":"2025-12-28 22:50:56","url":"/api/verify-otp"}
{"duration":"137ms","ip":"::1","level":"info","message":"HTTP Request Log","method":"POST","statusCode":200,"timestamp":"2025-12-28 22:50:56","url":"/api/verify-otp"}
{"duration":"2ms","ip":"::1","level":"info","message":"HTTP Request Log","method":"OPTIONS","statusCode":204,"timestamp":"2025-12-28 22:50:56","url":"/api/dashboard"}
{"duration":"1ms","ip":"::1","level":"info","message":"HTTP Request Log","method":"OPTIONS","statusCode":204,"timestamp":"2025-12-28 22:50:56","url":"/api/dashboard"}
{"duration":"69ms","ip":"::1","level":"info","message":"HTTP Request Log","method":"GET","statusCode":200,"timestamp":"2025-12-28 22:50:56","url":"/api/dashboard"}
{"duration":"77ms","ip":"::1","level":"info","message":"HTTP Request Log","method":"GET","statusCode":304,"timestamp":"2025-12-28 22:50:56","url":"/api/dashboard"}
{"duration":"63ms","ip":"::1","level":"info","message":"HTTP Request Log","method":"GET","statusCode":304,"timestamp":"2025-12-28 22:50:58","url":"/api/dashboard"}
{"duration":"61ms","ip":"::1","level":"info","message":"HTTP Request Log","method":"GET","statusCode":304,"timestamp":"2025-12-28 22:50:59","url":"/api/dashboard"}
{"duration":"1ms","ip":"::1","level":"info","message":"HTTP Request Log","method":"OPTIONS","statusCode":204,"timestamp":"2025-12-28 22:51:00","url":"/api/profile"}
{"duration":"1ms","ip":"::1","level":"info","message":"HTTP Request Log","method":"OPTIONS","statusCode":204,"timestamp":"2025-12-28 22:51:00","url":"/api/profile"}
{"duration":"63ms","ip":"::1","level":"info","message":"HTTP Request Log","method":"GET","statusCode":200,"timestamp":"2025-12-28 22:51:00","url":"/api/profile"}
{"duration":"63ms","ip":"::1","level":"info","message":"HTTP Request Log","method":"GET","statusCode":304,"timestamp":"2025-12-28 22:51:00","url":"/api/profile"}
{"duration":"1ms","ip":"::1","level":"info","message":"HTTP Request Log","method":"OPTIONS","statusCode":204,"timestamp":"2025-12-28 22:51:04","url":"/api/dashboard"}
{"duration":"1ms","ip":"::1","level":"info","message":"HTTP Request Log","method":"OPTIONS","statusCode":204,"timestamp":"2025-12-28 22:51:04","url":"/api/dashboard"}
{"duration":"65ms","ip":"::1","level":"info","message":"HTTP Request Log","method":"GET","statusCode":304,"timestamp":"2025-12-28 22:51:04","url":"/api/dashboard"}
{"duration":"64ms","ip":"::1","level":"info","message":"HTTP Request Log","method":"GET","statusCode":304,"timestamp":"2025-12-28 22:51:04","url":"/api/dashboard"}
{"duration":"1ms","ip":"::1","level":"info","message":"HTTP Request Log","method":"OPTIONS","statusCode":204,"timestamp":"2025-12-28 22:52:05","url":"/api/students"}
{"duration":"1ms","ip":"::1","level":"info","message":"HTTP Request Log","method":"OPTIONS","statusCode":204,"timestamp":"2025-12-28 22:52:05","url":"/api/students"}
{"duration":"63ms","ip":"::1","level":"info","message":"HTTP Request Log","method":"GET","statusCode":304,"timestamp":"2025-12-28 22:52:05","url":"/api/students"}
{"duration":"68ms","ip":"::1","level":"info","message":"HTTP Request Log","method":"GET","statusCode":304,"timestamp":"2025-12-28 22:52:05","url":"/api/students"}
{"duration":"1ms","ip":"::1","level":"info","message":"HTTP Request Log","method":"OPTIONS","statusCode":204,"timestamp":"2025-12-28 22:52:06","url":"/api/resumes"}
{"duration":"0ms","ip":"::1","level":"info","message":"HTTP Request Log","method":"OPTIONS","statusCode":204,"timestamp":"2025-12-28 22:52:06","url":"/api/resumes"}
{"duration":"62ms","ip":"::1","level":"info","message":"HTTP Request Log","method":"GET","statusCode":304,"timestamp":"2025-12-28 22:52:06","url":"/api/resumes"}
{"duration":"61ms","ip":"::1","level":"info","message":"HTTP Request Log","method":"GET","statusCode":304,"timestamp":"2025-12-28 22:52:06","url":"/api/resumes"}
{"duration":"1ms","ip":"::1","level":"info","message":"HTTP Request Log","method":"OPTIONS","statusCode":204,"timestamp":"2025-12-28 22:52:07","url":"/api/alumni"}
{"duration":"1ms","ip":"::1","level":"info","message":"HTTP Request Log","method":"OPTIONS","statusCode":204,"timestamp":"2025-12-28 22:52:07","url":"/api/alumni"}
{"duration":"63ms","ip":"::1","level":"info","message":"HTTP Request Log","method":"GET","statusCode":304,"timestamp":"2025-12-28 22:52:07","url":"/api/alumni"}
{"duration":"63ms","ip":"::1","level":"info","message":"HTTP Request Log","method":"GET","statusCode":304,"timestamp":"2025-12-28 22:52:07","url":"/api/alumni"}
{"duration":"1ms","ip":"::1","level":"info","message":"HTTP Request Log","method":"OPTIONS","statusCode":204,"timestamp":"2025-12-28 22:52:07","url":"/api/profile"}
{"duration":"1ms","ip":"::1","level":"info","message":"HTTP Request Log","method":"OPTIONS","statusCode":204,"timestamp":"2025-12-28 22:52:07","url":"/api/profile"}
{"duration":"67ms","ip":"::1","level":"info","message":"HTTP Request Log","method":"GET","statusCode":304,"timestamp":"2025-12-28 22:52:07","url":"/api/profile"}
{"duration":"73ms","ip":"::1","level":"info","message":"HTTP Request Log","method":"GET","statusCode":304,"timestamp":"2025-12-28 22:52:07","url":"/api/profile"}
{"duration":"1ms","ip":"::1","level":"info","message":"HTTP Request Log","method":"OPTIONS","statusCode":204,"timestamp":"2025-12-28 22:52:09","url":"/api/dashboard"}
{"duration":"1ms","ip":"::1","level":"info","message":"HTTP Request Log","method":"OPTIONS","statusCode":204,"timestamp":"2025-12-28 22:52:09","url":"/api/dashboard"}
{"duration":"64ms","ip":"::1","level":"info","message":"HTTP Request Log","method":"GET","statusCode":304,"timestamp":"2025-12-28 22:52:09","url":"/api/dashboard"}
{"duration":"62ms","ip":"::1","level":"info","message":"HTTP Request Log","method":"GET","statusCode":304,"timestamp":"2025-12-28 22:52:09","url":"/api/dashboard"}
{"duration":"1ms","ip":"::1","level":"info","message":"HTTP Request Log","method":"OPTIONS","statusCode":204,"timestamp":"2025-12-28 22:52:13","url":"/api/profile"}
{"duration":"1ms","ip":"::1","level":"info","message":"HTTP Request Log","method":"OPTIONS","statusCode":204,"timestamp":"2025-12-28 22:52:13","url":"/api/profile"}
{"duration":"61ms","ip":"::1","level":"info","message":"HTTP Request Log","method":"GET","statusCode":304,"timestamp":"2025-12-28 22:52:13","url":"/api/profile"}
{"duration":"60ms","ip":"::1","level":"info","message":"HTTP Request Log","method":"GET","statusCode":304,"timestamp":"2025-12-28 22:52:13","url":"/api/profile"}
{"duration":"2ms","ip":"::1","level":"info","message":"HTTP Request Log","method":"OPTIONS","statusCode":204,"timestamp":"2025-12-28 22:52:14","url":"/api/logout"}
{"duration":"3ms","ip":"::1","level":"info","message":"HTTP Request Log","method":"POST","statusCode":200,"timestamp":"2025-12-28 22:52:14","url":"/api/logout"}
{"duration":"0ms","ip":"::1","level":"info","message":"HTTP Request Log","method":"OPTIONS","statusCode":204,"timestamp":"2025-12-28 22:52:44","url":"/api/login"}
{"duration":"4396ms","ip":"::1","level":"info","message":"HTTP Request Log","method":"POST","statusCode":200,"timestamp":"2025-12-28 22:52:48","url":"/api/login"}
{"duration":"0ms","ip":"::1","level":"info","message":"HTTP Request Log","method":"OPTIONS","statusCode":204,"timestamp":"2025-12-28 22:53:07","url":"/api/verify-otp"}
{"duration":"128ms","ip":"::1","level":"info","message":"HTTP Request Log","method":"POST","statusCode":200,"timestamp":"2025-12-28 22:53:07","url":"/api/verify-otp"}
{"duration":"1ms","ip":"::1","level":"info","message":"HTTP Request Log","method":"OPTIONS","statusCode":204,"timestamp":"2025-12-28 22:53:07","url":"/api/dashboard"}
{"duration":"1ms","ip":"::1","level":"info","message":"HTTP Request Log","method":"OPTIONS","statusCode":204,"timestamp":"2025-12-28 22:53:07","url":"/api/dashboard"}
{"duration":"63ms","ip":"::1","level":"info","message":"HTTP Request Log","method":"GET","statusCode":200,"timestamp":"2025-12-28 22:53:07","url":"/api/dashboard"}
{"duration":"65ms","ip":"::1","level":"info","message":"HTTP Request Log","method":"GET","statusCode":304,"timestamp":"2025-12-28 22:53:07","url":"/api/dashboard"}
{"duration":"61ms","ip":"::1","level":"info","message":"HTTP Request Log","method":"GET","statusCode":304,"timestamp":"2025-12-28 22:53:10","url":"/api/dashboard"}
{"duration":"61ms","ip":"::1","level":"info","message":"HTTP Request Log","method":"GET","statusCode":304,"timestamp":"2025-12-28 22:53:10","url":"/api/dashboard"}
{"duration":"1ms","ip":"::1","level":"info","message":"HTTP Request Log","method":"OPTIONS","statusCode":204,"timestamp":"2025-12-28 22:53:11","url":"/api/profile"}
{"duration":"1ms","ip":"::1","level":"info","message":"HTTP Request Log","method":"OPTIONS","statusCode":204,"timestamp":"2025-12-28 22:53:11","url":"/api/profile"}
{"duration":"63ms","ip":"::1","level":"info","message":"HTTP Request Log","method":"GET","statusCode":200,"timestamp":"2025-12-28 22:53:11","url":"/api/profile"}
{"duration":"64ms","ip":"::1","level":"info","message":"HTTP Request Log","method":"GET","statusCode":304,"timestamp":"2025-12-28 22:53:11","url":"/api/profile"}
{"duration":"0ms","ip":"::1","level":"info","message":"HTTP Request Log","method":"OPTIONS","statusCode":204,"timestamp":"2025-12-28 22:53:14","url":"/api/placements"}
{"duration":"0ms","ip":"::1","level":"info","message":"HTTP Request Log","method":"OPTIONS","statusCode":204,"timestamp":"2025-12-28 22:53:14","url":"/api/placements"}
{"duration":"121ms","ip":"::1","level":"info","message":"HTTP Request Log","method":"GET","statusCode":304,"timestamp":"2025-12-28 22:53:14","url":"/api/placements"}
{"duration":"103ms","ip":"::1","level":"info","message":"HTTP Request Log","method":"GET","statusCode":304,"timestamp":"2025-12-28 22:53:14","url":"/api/placements"}
{"duration":"1ms","ip":"::1","level":"info","message":"HTTP Request Log","method":"OPTIONS","statusCode":204,"timestamp":"2025-12-28 22:53:15","url":"/api/dashboard"}
{"duration":"1ms","ip":"::1","level":"info","message":"HTTP Request Log","method":"OPTIONS","statusCode":204,"timestamp":"2025-12-28 22:53:15","url":"/api/dashboard"}
{"duration":"63ms","ip":"::1","level":"info","message":"HTTP Request Log","method":"GET","statusCode":304,"timestamp":"2025-12-28 22:53:15","url":"/api/dashboard"}
{"duration":"65ms","ip":"::1","level":"info","message":"HTTP Request Log","method":"GET","statusCode":304,"timestamp":"2025-12-28 22:53:15","url":"/api/dashboard"}
{"duration":"1ms","ip":"::1","level":"info","message":"HTTP Request Log","method":"OPTIONS","statusCode":204,"timestamp":"2025-12-28 22:53:16","url":"/api/resumes"}
{"duration":"1ms","ip":"::1","level":"info","message":"HTTP Request Log","method":"OPTIONS","statusCode":204,"timestamp":"2025-12-28 22:53:16","url":"/api/resumes"}
{"duration":"64ms","ip":"::1","level":"info","message":"HTTP Request Log","method":"GET","statusCode":304,"timestamp":"2025-12-28 22:53:16","url":"/api/resumes"}
{"duration":"63ms","ip":"::1","level":"info","message":"HTTP Request Log","method":"GET","statusCode":304,"timestamp":"2025-12-28 22:53:16","url":"/api/resumes"}
{"duration":"61ms","ip":"::1","level":"info","message":"HTTP Request Log","method":"GET","statusCode":304,"timestamp":"2025-12-28 22:53:17","url":"/api/placements"}
{"duration":"64ms","ip":"::1","level":"info","message":"HTTP Request Log","method":"GET","statusCode":304,"timestamp":"2025-12-28 22:53:17","url":"/api/placements"}
{"duration":"1ms","ip":"::1","level":"info","message":"HTTP Request Log","method":"OPTIONS","statusCode":204,"timestamp":"2025-12-28 22:53:18","url":"/api/profile"}
{"duration":"1ms","ip":"::1","level":"info","message":"HTTP Request Log","method":"OPTIONS","statusCode":204,"timestamp":"2025-12-28 22:53:18","url":"/api/profile"}
{"duration":"104ms","ip":"::1","level":"info","message":"HTTP Request Log","method":"GET","statusCode":304,"timestamp":"2025-12-28 22:53:19","url":"/api/profile"}
{"duration":"81ms","ip":"::1","level":"info","message":"HTTP Request Log","method":"GET","statusCode":304,"timestamp":"2025-12-28 22:53:19","url":"/api/profile"}
{"duration":"1ms","ip":"::1","level":"info","message":"HTTP Request Log","method":"OPTIONS","statusCode":204,"timestamp":"2025-12-28 22:53:20","url":"/api/dashboard"}
{"duration":"0ms","ip":"::1","level":"info","message":"HTTP Request Log","method":"OPTIONS","statusCode":204,"timestamp":"2025-12-28 22:53:20","url":"/api/dashboard"}
{"duration":"67ms","ip":"::1","level":"info","message":"HTTP Request Log","method":"GET","statusCode":304,"timestamp":"2025-12-28 22:53:20","url":"/api/dashboard"}
{"duration":"62ms","ip":"::1","level":"info","message":"HTTP Request Log","method":"GET","statusCode":304,"timestamp":"2025-12-28 22:53:20","url":"/api/dashboard"}
{"duration":"70ms","ip":"::1","level":"info","message":"HTTP Request Log","method":"GET","statusCode":304,"timestamp":"2025-12-28 22:53:23","url":"/api/profile"}
{"duration":"67ms","ip":"::1","level":"info","message":"HTTP Request Log","method":"GET","statusCode":304,"timestamp":"2025-12-28 22:53:23","url":"/api/profile"}
{"duration":"0ms","ip":"::1","level":"info","message":"HTTP Request Log","method":"OPTIONS","statusCode":204,"timestamp":"2025-12-28 22:53:25","url":"/api/logout"}
{"duration":"1ms","ip":"::1","level":"info","message":"HTTP Request Log","method":"POST","statusCode":200,"timestamp":"2025-12-28 22:53:25","url":"/api/logout"}
{"duration":"0ms","ip":"::1","level":"info","message":"HTTP Request Log","method":"OPTIONS","statusCode":204,"timestamp":"2025-12-28 22:53:33","url":"/api/login"}
{"duration":"171ms","ip":"::1","level":"info","message":"HTTP Request Log","method":"POST","statusCode":200,"timestamp":"2025-12-28 22:53:33","url":"/api/login"}
{"duration":"0ms","ip":"::1","level":"info","message":"HTTP Request Log","method":"OPTIONS","statusCode":204,"timestamp":"2025-12-28 22:53:33","url":"/api/dashboard"}
{"duration":"0ms","ip":"::1","level":"info","message":"HTTP Request Log","method":"OPTIONS","statusCode":204,"timestamp":"2025-12-28 22:53:33","url":"/api/dashboard"}
{"duration":"59ms","ip":"::1","level":"info","message":"HTTP Request Log","method":"GET","statusCode":304,"timestamp":"2025-12-28 22:53:33","url":"/api/dashboard"}
{"duration":"56ms","ip":"::1","level":"info","message":"HTTP Request Log","method":"GET","statusCode":304,"timestamp":"2025-12-28 22:53:33","url":"/api/dashboard"}
{"duration":"65ms","ip":"::1","level":"info","message":"HTTP Request Log","method":"GET","statusCode":304,"timestamp":"2025-12-28 22:53:36","url":"/api/dashboard"}
{"duration":"59ms","ip":"::1","level":"info","message":"HTTP Request Log","method":"GET","statusCode":304,"timestamp":"2025-12-28 22:53:36","url":"/api/dashboard"}
{"duration":"1ms","ip":"::1","level":"info","message":"HTTP Request Log","method":"OPTIONS","statusCode":204,"timestamp":"2025-12-28 22:53:37","url":"/api/profile"}
{"duration":"68ms","ip":"::1","level":"info","message":"HTTP Request Log","method":"GET","statusCode":304,"timestamp":"2025-12-28 22:53:37","url":"/api/profile"}
{"duration":"65ms","ip":"::1","level":"info","message":"HTTP Request Log","method":"GET","statusCode":304,"timestamp":"2025-12-28 22:53:37","url":"/api/profile"}
{"duration":"1ms","ip":"::1","level":"info","message":"HTTP Request Log","method":"OPTIONS","statusCode":204,"timestamp":"2025-12-28 22:53:39","url":"/api/logout"}
{"duration":"2ms","ip":"::1","level":"info","message":"HTTP Request Log","method":"POST","statusCode":200,"timestamp":"2025-12-28 22:53:39","url":"/api/logout"}
{"duration":"1ms","ip":"::1","level":"info","message":"HTTP Request Log","method":"OPTIONS","statusCode":204,"timestamp":"2025-12-28 22:53:45","url":"/api/login"}
{"duration":"169ms","ip":"::1","level":"info","message":"HTTP Request Log","method":"POST","statusCode":200,"timestamp":"2025-12-28 22:53:46","url":"/api/login"}
{"duration":"1ms","ip":"::1","level":"info","message":"HTTP Request Log","method":"OPTIONS","statusCode":204,"timestamp":"2025-12-28 22:53:46","url":"/api/dashboard"}
{"duration":"0ms","ip":"::1","level":"info","message":"HTTP Request Log","method":"GET","statusCode":429,"timestamp":"2025-12-28 22:53:46","url":"/api/dashboard"}
{"duration":"0ms","ip":"::1","level":"info","message":"HTTP Request Log","method":"OPTIONS","statusCode":429,"timestamp":"2025-12-28 22:53:46","url":"/api/dashboard"}
{"duration":"1ms","ip":"::1","level":"info","message":"HTTP Request Log","method":"GET","statusCode":429,"timestamp":"2025-12-28 22:53:47","url":"/api/dashboard"}
{"duration":"0ms","ip":"::1","level":"info","message":"HTTP Request Log","method":"GET","statusCode":429,"timestamp":"2025-12-28 22:53:47","url":"/api/dashboard"}
{"duration":"5ms","ip":"::1","level":"info","message":"HTTP Request Log","method":"OPTIONS","statusCode":204,"timestamp":"2025-12-28 22:54:00","url":"/api/dashboard"}
{"duration":"1ms","ip":"::1","level":"info","message":"HTTP Request Log","method":"OPTIONS","statusCode":204,"timestamp":"2025-12-28 22:54:00","url":"/api/dashboard"}
{"duration":"90ms","ip":"::1","level":"info","message":"HTTP Request Log","method":"GET","statusCode":200,"timestamp":"2025-12-28 22:54:00","url":"/api/dashboard"}
{"duration":"64ms","ip":"::1","level":"info","message":"HTTP Request Log","method":"GET","statusCode":304,"timestamp":"2025-12-28 22:54:00","url":"/api/dashboard"}
{"duration":"1ms","ip":"::1","level":"info","message":"HTTP Request Log","method":"OPTIONS","statusCode":204,"timestamp":"2025-12-28 22:54:57","url":"/api/profile"}
{"duration":"63ms","ip":"::1","level":"info","message":"HTTP Request Log","method":"GET","statusCode":200,"timestamp":"2025-12-28 22:54:57","url":"/api/profile"}
{"duration":"56ms","ip":"::1","level":"info","message":"HTTP Request Log","method":"GET","statusCode":304,"timestamp":"2025-12-28 22:54:57","url":"/api/profile"}
{"duration":"1ms","ip":"::1","level":"info","message":"HTTP Request Log","method":"OPTIONS","statusCode":204,"timestamp":"2025-12-28 22:55:03","url":"/api/dashboard"}
{"duration":"1ms","ip":"::1","level":"info","message":"HTTP Request Log","method":"OPTIONS","statusCode":204,"timestamp":"2025-12-28 22:55:03","url":"/api/dashboard"}
{"duration":"69ms","ip":"::1","level":"info","message":"HTTP Request Log","method":"GET","statusCode":304,"timestamp":"2025-12-28 22:55:03","url":"/api/dashboard"}
{"duration":"64ms","ip":"::1","level":"info","message":"HTTP Request Log","method":"GET","statusCode":304,"timestamp":"2025-12-28 22:55:03","url":"/api/dashboard"}
{"duration":"1ms","ip":"::1","level":"info","message":"HTTP Request Log","method":"OPTIONS","statusCode":204,"timestamp":"2025-12-28 22:55:05","url":"/api/students"}
{"duration":"1ms","ip":"::1","level":"info","message":"HTTP Request Log","method":"OPTIONS","statusCode":204,"timestamp":"2025-12-28 22:55:05","url":"/api/students"}
{"duration":"61ms","ip":"::1","level":"info","message":"HTTP Request Log","method":"GET","statusCode":304,"timestamp":"2025-12-28 22:55:05","url":"/api/students"}
{"duration":"60ms","ip":"::1","level":"info","message":"HTTP Request Log","method":"GET","statusCode":304,"timestamp":"2025-12-28 22:55:05","url":"/api/students"}
{"duration":"2ms","ip":"::1","level":"info","message":"HTTP Request Log","method":"OPTIONS","statusCode":204,"timestamp":"2025-12-28 22:59:37","url":"/api/dashboard"}
{"duration":"1ms","ip":"::1","level":"info","message":"HTTP Request Log","method":"OPTIONS","statusCode":204,"timestamp":"2025-12-28 22:59:37","url":"/api/dashboard"}
{"duration":"68ms","ip":"::1","level":"info","message":"HTTP Request Log","method":"GET","statusCode":304,"timestamp":"2025-12-28 22:59:37","url":"/api/dashboard"}
{"duration":"59ms","ip":"::1","level":"info","message":"HTTP Request Log","method":"GET","statusCode":304,"timestamp":"2025-12-28 22:59:37","url":"/api/dashboard"}
{"duration":"65ms","ip":"::1","level":"info","message":"HTTP Request Log","method":"GET","statusCode":304,"timestamp":"2025-12-28 22:59:40","url":"/api/dashboard"}
{"duration":"76ms","ip":"::1","level":"info","message":"HTTP Request Log","method":"GET","statusCode":304,"timestamp":"2025-12-28 22:59:40","url":"/api/dashboard"}
{"duration":"1ms","ip":"::1","level":"info","message":"HTTP Request Log","method":"OPTIONS","statusCode":204,"timestamp":"2025-12-28 23:02:22","url":"/api/dashboard"}
{"duration":"57ms","ip":"::1","level":"info","message":"HTTP Request Log","method":"GET","statusCode":304,"timestamp":"2025-12-28 23:02:22","url":"/api/dashboard"}
{"duration":"1ms","ip":"::1","level":"info","message":"HTTP Request Log","method":"OPTIONS","statusCode":204,"timestamp":"2025-12-28 23:02:29","url":"/api/dashboard"}
{"duration":"0ms","ip":"::1","level":"info","message":"HTTP Request Log","method":"OPTIONS","statusCode":204,"timestamp":"2025-12-28 23:02:29","url":"/api/dashboard"}
{"duration":"60ms","ip":"::1","level":"info","message":"HTTP Request Log","method":"GET","statusCode":304,"timestamp":"2025-12-28 23:02:29","url":"/api/dashboard"}
{"duration":"62ms","ip":"::1","level":"info","message":"HTTP Request Log","method":"GET","statusCode":304,"timestamp":"2025-12-28 23:02:29","url":"/api/dashboard"}
{"duration":"1ms","ip":"::1","level":"info","message":"HTTP Request Log","method":"OPTIONS","statusCode":204,"timestamp":"2025-12-28 23:03:55","url":"/api/dashboard"}
{"duration":"1ms","ip":"::1","level":"info","message":"HTTP Request Log","method":"OPTIONS","statusCode":204,"timestamp":"2025-12-28 23:03:55","url":"/api/dashboard"}
{"duration":"61ms","ip":"::1","level":"info","message":"HTTP Request Log","method":"GET","statusCode":304,"timestamp":"2025-12-28 23:03:55","url":"/api/dashboard"}
{"duration":"57ms","ip":"::1","level":"info","message":"HTTP Request Log","method":"GET","statusCode":304,"timestamp":"2025-12-28 23:03:55","url":"/api/dashboard"}
{"duration":"1ms","ip":"::1","level":"info","message":"HTTP Request Log","method":"OPTIONS","statusCode":204,"timestamp":"2025-12-28 23:04:20","url":"/api/profile"}
{"duration":"58ms","ip":"::1","level":"info","message":"HTTP Request Log","method":"GET","statusCode":304,"timestamp":"2025-12-28 23:04:20","url":"/api/profile"}
{"duration":"57ms","ip":"::1","level":"info","message":"HTTP Request Log","method":"GET","statusCode":304,"timestamp":"2025-12-28 23:04:20","url":"/api/profile"}
{"duration":"1ms","ip":"::1","level":"info","message":"HTTP Request Log","method":"OPTIONS","statusCode":204,"timestamp":"2025-12-28 23:04:21","url":"/api/logout"}
{"duration":"20ms","ip":"::1","level":"info","message":"HTTP Request Log","method":"POST","statusCode":200,"timestamp":"2025-12-28 23:04:21","url":"/api/logout"}
{"duration":"0ms","ip":"::1","level":"info","message":"HTTP Request Log","method":"OPTIONS","statusCode":204,"timestamp":"2025-12-28 23:04:29","url":"/api/login"}
{"duration":"165ms","ip":"::1","level":"info","message":"HTTP Request Log","method":"POST","statusCode":200,"timestamp":"2025-12-28 23:04:29","url":"/api/login"}
{"duration":"1ms","ip":"::1","level":"info","message":"HTTP Request Log","method":"OPTIONS","statusCode":204,"timestamp":"2025-12-28 23:04:29","url":"/api/dashboard"}
{"duration":"56ms","ip":"::1","level":"info","message":"HTTP Request Log","method":"GET","statusCode":304,"timestamp":"2025-12-28 23:04:29","url":"/api/dashboard"}
{"duration":"56ms","ip":"::1","level":"info","message":"HTTP Request Log","method":"GET","statusCode":304,"timestamp":"2025-12-28 23:04:29","url":"/api/dashboard"}
{"duration":"61ms","ip":"::1","level":"info","message":"HTTP Request Log","method":"GET","statusCode":304,"timestamp":"2025-12-28 23:04:32","url":"/api/dashboard"}
{"duration":"62ms","ip":"::1","level":"info","message":"HTTP Request Log","method":"GET","statusCode":304,"timestamp":"2025-12-28 23:04:32","url":"/api/dashboard"}
{"duration":"1ms","ip":"::1","level":"info","message":"HTTP Request Log","method":"OPTIONS","statusCode":204,"timestamp":"2025-12-28 23:04:44","url":"/api/profile"}
{"duration":"1ms","ip":"::1","level":"info","message":"HTTP Request Log","method":"OPTIONS","statusCode":204,"timestamp":"2025-12-28 23:04:44","url":"/api/profile"}
{"duration":"59ms","ip":"::1","level":"info","message":"HTTP Request Log","method":"GET","statusCode":200,"timestamp":"2025-12-28 23:04:44","url":"/api/profile"}
{"duration":"54ms","ip":"::1","level":"info","message":"HTTP Request Log","method":"GET","statusCode":304,"timestamp":"2025-12-28 23:04:44","url":"/api/profile"}
{"duration":"2ms","ip":"::1","level":"info","message":"HTTP Request Log","method":"OPTIONS","statusCode":204,"timestamp":"2025-12-28 23:04:47","url":"/api/logout"}
{"duration":"2ms","ip":"::1","level":"info","message":"HTTP Request Log","method":"POST","statusCode":200,"timestamp":"2025-12-28 23:04:47","url":"/api/logout"}
{"duration":"0ms","ip":"::1","level":"info","message":"HTTP Request Log","method":"OPTIONS","statusCode":204,"timestamp":"2025-12-28 23:05:01","url":"/api/login"}
{"duration":"226ms","ip":"::1","level":"info","message":"HTTP Request Log","method":"POST","statusCode":200,"timestamp":"2025-12-28 23:05:01","url":"/api/login"}
{"duration":"1ms","ip":"::1","level":"info","message":"HTTP Request Log","method":"OPTIONS","statusCode":204,"timestamp":"2025-12-28 23:05:01","url":"/api/dashboard"}
{"duration":"1ms","ip":"::1","level":"info","message":"HTTP Request Log","method":"OPTIONS","statusCode":204,"timestamp":"2025-12-28 23:05:01","url":"/api/dashboard"}
{"duration":"58ms","ip":"::1","level":"info","message":"HTTP Request Log","method":"GET","statusCode":304,"timestamp":"2025-12-28 23:05:01","url":"/api/dashboard"}
{"duration":"55ms","ip":"::1","level":"info","message":"HTTP Request Log","method":"GET","statusCode":304,"timestamp":"2025-12-28 23:05:01","url":"/api/dashboard"}
{"duration":"63ms","ip":"::1","level":"info","message":"HTTP Request Log","method":"GET","statusCode":304,"timestamp":"2025-12-28 23:05:03","url":"/api/dashboard"}
{"duration":"66ms","ip":"::1","level":"info","message":"HTTP Request Log","method":"GET","statusCode":304,"timestamp":"2025-12-28 23:05:03","url":"/api/dashboard"}
{"duration":"1ms","ip":"::1","level":"info","message":"HTTP Request Log","method":"OPTIONS","statusCode":204,"timestamp":"2025-12-28 23:05:30","url":"/api/dashboard"}
{"duration":"71ms","ip":"::1","level":"info","message":"HTTP Request Log","method":"GET","statusCode":304,"timestamp":"2025-12-28 23:05:30","url":"/api/dashboard"}
{"duration":"63ms","ip":"::1","level":"info","message":"HTTP Request Log","method":"GET","statusCode":304,"timestamp":"2025-12-28 23:05:34","url":"/api/dashboard"}
{"duration":"63ms","ip":"::1","level":"info","message":"HTTP Request Log","method":"GET","statusCode":304,"timestamp":"2025-12-28 23:05:34","url":"/api/dashboard"}
{"duration":"1ms","ip":"::1","level":"info","message":"HTTP Request Log","method":"OPTIONS","statusCode":204,"timestamp":"2025-12-28 23:06:10","url":"/api/profile"}
{"duration":"1ms","ip":"::1","level":"info","message":"HTTP Request Log","method":"OPTIONS","statusCode":204,"timestamp":"2025-12-28 23:06:10","url":"/api/profile"}
{"duration":"58ms","ip":"::1","level":"info","message":"HTTP Request Log","method":"GET","statusCode":200,"timestamp":"2025-12-28 23:06:10","url":"/api/profile"}
{"duration":"57ms","ip":"::1","level":"info","message":"HTTP Request Log","method":"GET","statusCode":304,"timestamp":"2025-12-28 23:06:10","url":"/api/profile"}
{"duration":"1ms","ip":"::1","level":"info","message":"HTTP Request Log","method":"OPTIONS","statusCode":204,"timestamp":"2025-12-28 23:06:11","url":"/api/logout"}
{"duration":"1ms","ip":"::1","level":"info","message":"HTTP Request Log","method":"POST","statusCode":200,"timestamp":"2025-12-28 23:06:11","url":"/api/logout"}
