{"duration":"35ms","ip":"::1","level":"info","message":"HTTP Request Log","method":"OPTIONS","statusCode":204,"timestamp":"2025-12-06 18:33:47","url":"/api/login"}
{"duration":"148ms","ip":"::1","level":"info","message":"HTTP Request Log","method":"POST","statusCode":200,"timestamp":"2025-12-06 18:33:48","url":"/api/login"}
{"duration":"1ms","ip":"::1","level":"info","message":"HTTP Request Log","method":"GET","statusCode":500,"timestamp":"2025-12-06 18:33:48","url":"/api/user/692d97699132c8c102463bf8"}
{"duration":"2ms","ip":"::1","level":"info","message":"HTTP Request Log","method":"GET","statusCode":500,"timestamp":"2025-12-06 18:33:48","url":"/api/user/692d97699132c8c102463bf8"}
{"duration":"11ms","ip":"::1","level":"info","message":"HTTP Request Log","method":"OPTIONS","statusCode":204,"timestamp":"2025-12-06 18:39:28","url":"/api/login"}
{"duration":"173ms","ip":"::1","level":"info","message":"HTTP Request Log","method":"POST","statusCode":200,"timestamp":"2025-12-06 18:39:28","url":"/api/login"}
{"duration":"55ms","ip":"::1","level":"info","message":"HTTP Request Log","method":"GET","statusCode":200,"timestamp":"2025-12-06 18:39:28","url":"/api/user/692d97699132c8c102463bf8"}
{"duration":"57ms","ip":"::1","level":"info","message":"HTTP Request Log","method":"GET","statusCode":304,"timestamp":"2025-12-06 18:39:28","url":"/api/user/692d97699132c8c102463bf8"}
{"duration":"54ms","ip":"::1","level":"info","message":"HTTP Request Log","method":"GET","statusCode":304,"timestamp":"2025-12-06 18:40:54","url":"/api/user/692d97699132c8c102463bf8"}
{"duration":"68ms","ip":"::1","level":"info","message":"HTTP Request Log","method":"GET","statusCode":304,"timestamp":"2025-12-06 18:40:54","url":"/api/user/692d97699132c8c102463bf8"}
{"duration":"70ms","ip":"::1","level":"info","message":"HTTP Request Log","method":"GET","statusCode":304,"timestamp":"2025-12-06 18:44:01","url":"/api/user/692d97699132c8c102463bf8"}
{"duration":"52ms","ip":"::1","level":"info","message":"HTTP Request Log","method":"GET","statusCode":304,"timestamp":"2025-12-06 18:44:01","url":"/api/user/692d97699132c8c102463bf8"}
{"duration":"68ms","ip":"::1","level":"info","message":"HTTP Request Log","method":"GET","statusCode":304,"timestamp":"2025-12-06 18:45:53","url":"/api/user/692d97699132c8c102463bf8"}
{"duration":"4ms","ip":"::1","level":"info","message":"HTTP Request Log","method":"OPTIONS","statusCode":204,"timestamp":"2025-12-06 18:55:53","url":"/api/login"}
{"duration":"4515ms","ip":"::1","level":"info","message":"HTTP Request Log","method":"POST","statusCode":200,"timestamp":"2025-12-06 18:55:57","url":"/api/login"}
{"duration":"2ms","ip":"::1","level":"info","message":"HTTP Request Log","method":"OPTIONS","statusCode":204,"timestamp":"2025-12-06 18:56:32","url":"/api/verify-otp"}
{"duration":"48ms","ip":"::1","level":"info","message":"HTTP Request Log","method":"POST","statusCode":500,"timestamp":"2025-12-06 18:56:32","url":"/api/verify-otp"}
{"duration":"49ms","ip":"::1","level":"info","message":"HTTP Request Log","method":"POST","statusCode":500,"timestamp":"2025-12-06 18:56:33","url":"/api/verify-otp"}
{"duration":"52ms","ip":"::1","level":"info","message":"HTTP Request Log","method":"POST","statusCode":500,"timestamp":"2025-12-06 18:56:34","url":"/api/verify-otp"}
{"duration":"50ms","ip":"::1","level":"info","message":"HTTP Request Log","method":"POST","statusCode":500,"timestamp":"2025-12-06 18:56:34","url":"/api/verify-otp"}
{"duration":"49ms","ip":"::1","level":"info","message":"HTTP Request Log","method":"POST","statusCode":500,"timestamp":"2025-12-06 18:56:34","url":"/api/verify-otp"}
{"duration":"84ms","ip":"::1","level":"info","message":"HTTP Request Log","method":"POST","statusCode":500,"timestamp":"2025-12-06 18:56:34","url":"/api/verify-otp"}
{"duration":"49ms","ip":"::1","level":"info","message":"HTTP Request Log","method":"POST","statusCode":500,"timestamp":"2025-12-06 18:56:34","url":"/api/verify-otp"}
{"duration":"49ms","ip":"::1","level":"info","message":"HTTP Request Log","method":"POST","statusCode":500,"timestamp":"2025-12-06 18:56:35","url":"/api/verify-otp"}
{"duration":"8ms","ip":"::1","level":"info","message":"HTTP Request Log","method":"OPTIONS","statusCode":204,"timestamp":"2025-12-06 21:15:31","url":"/api/login"}
{"duration":"4284ms","ip":"::1","level":"info","message":"HTTP Request Log","method":"POST","statusCode":200,"timestamp":"2025-12-06 21:15:35","url":"/api/login"}
{"duration":"2ms","ip":"::1","level":"info","message":"HTTP Request Log","method":"OPTIONS","statusCode":204,"timestamp":"2025-12-06 21:16:26","url":"/api/verify-otp"}
{"duration":"136ms","ip":"::1","level":"info","message":"HTTP Request Log","method":"POST","statusCode":200,"timestamp":"2025-12-06 21:16:27","url":"/api/verify-otp"}
{"duration":"54ms","ip":"::1","level":"info","message":"HTTP Request Log","method":"GET","statusCode":200,"timestamp":"2025-12-06 21:16:27","url":"/api/user/692d97699132c8c102463bf8"}
{"duration":"56ms","ip":"::1","level":"info","message":"HTTP Request Log","method":"GET","statusCode":304,"timestamp":"2025-12-06 21:16:27","url":"/api/user/692d97699132c8c102463bf8"}
{"duration":"1ms","ip":"::1","level":"info","message":"HTTP Request Log","method":"OPTIONS","statusCode":204,"timestamp":"2025-12-06 21:17:04","url":"/api/login"}
{"duration":"160ms","ip":"::1","level":"info","message":"HTTP Request Log","method":"POST","statusCode":200,"timestamp":"2025-12-06 21:17:04","url":"/api/login"}
{"duration":"49ms","ip":"::1","level":"info","message":"HTTP Request Log","method":"GET","statusCode":304,"timestamp":"2025-12-06 21:17:04","url":"/api/user/692d97699132c8c102463bf8"}
{"duration":"50ms","ip":"::1","level":"info","message":"HTTP Request Log","method":"GET","statusCode":304,"timestamp":"2025-12-06 21:17:04","url":"/api/user/692d97699132c8c102463bf8"}
{"duration":"59ms","ip":"::1","level":"info","message":"HTTP Request Log","method":"GET","statusCode":304,"timestamp":"2025-12-06 21:19:31","url":"/api/user/692d97699132c8c102463bf8"}
{"duration":"49ms","ip":"::1","level":"info","message":"HTTP Request Log","method":"GET","statusCode":304,"timestamp":"2025-12-06 21:19:31","url":"/api/user/692d97699132c8c102463bf8"}
{"duration":"89ms","ip":"::1","level":"info","message":"HTTP Request Log","method":"GET","statusCode":304,"timestamp":"2025-12-06 21:27:22","url":"/api/user/692d97699132c8c102463bf8"}
{"duration":"72ms","ip":"::1","level":"info","message":"HTTP Request Log","method":"GET","statusCode":304,"timestamp":"2025-12-06 21:27:22","url":"/api/user/692d97699132c8c102463bf8"}
{"duration":"486ms","ip":"::1","level":"info","message":"HTTP Request Log","method":"GET","statusCode":304,"timestamp":"2025-12-06 21:35:58","url":"/api/user/692d97699132c8c102463bf8"}
{"duration":"47ms","ip":"::1","level":"info","message":"HTTP Request Log","method":"GET","statusCode":304,"timestamp":"2025-12-06 21:35:58","url":"/api/user/692d97699132c8c102463bf8"}
{"duration":"70ms","ip":"::1","level":"info","message":"HTTP Request Log","method":"GET","statusCode":304,"timestamp":"2025-12-06 22:12:11","url":"/api/user/692d97699132c8c102463bf8"}
{"duration":"52ms","ip":"::1","level":"info","message":"HTTP Request Log","method":"GET","statusCode":304,"timestamp":"2025-12-06 22:12:11","url":"/api/user/692d97699132c8c102463bf8"}
