{"duration":"2ms","ip":"::1","level":"info","message":"HTTP Request Log","method":"OPTIONS","statusCode":429,"timestamp":"2026-01-08 00:02:59","url":"/api/students"}
{"duration":"1ms","ip":"::1","level":"info","message":"HTTP Request Log","method":"OPTIONS","statusCode":429,"timestamp":"2026-01-08 00:02:59","url":"/api/students"}
{"duration":"24ms","ip":"::1","level":"info","message":"HTTP Request Log","method":"OPTIONS","statusCode":204,"timestamp":"2026-01-08 00:03:19","url":"/api/dashboard"}
{"duration":"2ms","ip":"::1","level":"info","message":"HTTP Request Log","method":"OPTIONS","statusCode":204,"timestamp":"2026-01-08 00:03:19","url":"/api/dashboard"}
{"duration":"128ms","ip":"::1","level":"info","message":"HTTP Request Log","method":"GET","statusCode":200,"timestamp":"2026-01-08 00:03:20","url":"/api/dashboard"}
{"duration":"146ms","ip":"::1","level":"info","message":"HTTP Request Log","method":"GET","statusCode":304,"timestamp":"2026-01-08 00:03:20","url":"/api/dashboard"}
{"duration":"1ms","ip":"::1","level":"info","message":"HTTP Request Log","method":"OPTIONS","statusCode":204,"timestamp":"2026-01-08 00:03:21","url":"/api/students"}
{"duration":"1ms","ip":"::1","level":"info","message":"HTTP Request Log","method":"OPTIONS","statusCode":204,"timestamp":"2026-01-08 00:03:21","url":"/api/students"}
{"duration":"56ms","ip":"::1","level":"info","message":"HTTP Request Log","method":"GET","statusCode":304,"timestamp":"2026-01-08 00:03:21","url":"/api/students"}
{"duration":"131ms","ip":"::1","level":"info","message":"HTTP Request Log","method":"GET","statusCode":304,"timestamp":"2026-01-08 00:03:21","url":"/api/students"}
{"duration":"3ms","ip":"::1","level":"info","message":"HTTP Request Log","method":"OPTIONS","statusCode":204,"timestamp":"2026-01-08 00:03:24","url":"/api/courses"}
{"duration":"3ms","ip":"::1","level":"info","message":"HTTP Request Log","method":"OPTIONS","statusCode":204,"timestamp":"2026-01-08 00:03:24","url":"/api/courses"}
{"duration":"142ms","ip":"::1","level":"info","message":"HTTP Request Log","method":"GET","statusCode":304,"timestamp":"2026-01-08 00:03:24","url":"/api/courses"}
{"duration":"409ms","ip":"::1","level":"info","message":"HTTP Request Log","method":"GET","statusCode":304,"timestamp":"2026-01-08 00:03:24","url":"/api/courses"}
{"duration":"2ms","ip":"::1","level":"info","message":"HTTP Request Log","method":"OPTIONS","statusCode":204,"timestamp":"2026-01-08 00:03:27","url":"/api/placements"}
{"duration":"2ms","ip":"::1","level":"info","message":"HTTP Request Log","method":"OPTIONS","statusCode":204,"timestamp":"2026-01-08 00:03:27","url":"/api/placements"}
{"duration":"54ms","ip":"::1","level":"info","message":"HTTP Request Log","method":"GET","statusCode":304,"timestamp":"2026-01-08 00:03:27","url":"/api/placements"}
{"duration":"125ms","ip":"::1","level":"info","message":"HTTP Request Log","method":"GET","statusCode":304,"timestamp":"2026-01-08 00:03:27","url":"/api/placements"}
{"duration":"2ms","ip":"::1","level":"info","message":"HTTP Request Log","method":"OPTIONS","statusCode":204,"timestamp":"2026-01-08 00:03:39","url":"/api/alumni"}
{"duration":"2ms","ip":"::1","level":"info","message":"HTTP Request Log","method":"OPTIONS","statusCode":204,"timestamp":"2026-01-08 00:03:39","url":"/api/alumni"}
{"duration":"57ms","ip":"::1","level":"info","message":"HTTP Request Log","method":"GET","statusCode":304,"timestamp":"2026-01-08 00:03:39","url":"/api/alumni"}
{"duration":"75ms","ip":"::1","level":"info","message":"HTTP Request Log","method":"GET","statusCode":304,"timestamp":"2026-01-08 00:03:39","url":"/api/alumni"}
{"duration":"2ms","ip":"::1","level":"info","message":"HTTP Request Log","method":"OPTIONS","statusCode":204,"timestamp":"2026-01-08 00:03:45","url":"/api/profile"}
{"duration":"1ms","ip":"::1","level":"info","message":"HTTP Request Log","method":"OPTIONS","statusCode":204,"timestamp":"2026-01-08 00:03:45","url":"/api/profile"}
{"duration":"398ms","ip":"::1","level":"info","message":"HTTP Request Log","method":"GET","statusCode":304,"timestamp":"2026-01-08 00:03:46","url":"/api/profile"}
{"duration":"88ms","ip":"::1","level":"info","message":"HTTP Request Log","method":"GET","statusCode":304,"timestamp":"2026-01-08 00:03:46","url":"/api/profile"}
{"duration":"1ms","ip":"::1","level":"info","message":"HTTP Request Log","method":"OPTIONS","statusCode":204,"timestamp":"2026-01-08 00:03:53","url":"/api/dashboard"}
{"duration":"1ms","ip":"::1","level":"info","message":"HTTP Request Log","method":"OPTIONS","statusCode":204,"timestamp":"2026-01-08 00:03:53","url":"/api/dashboard"}
{"duration":"91ms","ip":"::1","level":"info","message":"HTTP Request Log","method":"GET","statusCode":304,"timestamp":"2026-01-08 00:03:53","url":"/api/dashboard"}
{"duration":"125ms","ip":"::1","level":"info","message":"HTTP Request Log","method":"GET","statusCode":304,"timestamp":"2026-01-08 00:03:53","url":"/api/dashboard"}
{"duration":"33ms","ip":"::1","level":"info","message":"HTTP Request Log","method":"OPTIONS","statusCode":204,"timestamp":"2026-01-08 13:37:36","url":"/api/login"}
{"duration":"10099ms","ip":"::1","level":"info","message":"HTTP Request Log","method":"POST","statusCode":500,"timestamp":"2026-01-08 13:37:46","url":"/api/login"}
{"duration":"3ms","ip":"::1","level":"info","message":"HTTP Request Log","method":"OPTIONS","statusCode":204,"timestamp":"2026-01-08 13:37:55","url":"/api/login"}
{"duration":"10012ms","ip":"::1","level":"info","message":"HTTP Request Log","method":"POST","statusCode":500,"timestamp":"2026-01-08 13:38:05","url":"/api/login"}
{"duration":"21ms","ip":"::1","level":"info","message":"HTTP Request Log","method":"OPTIONS","statusCode":204,"timestamp":"2026-01-08 13:38:27","url":"/api/login"}
{"duration":"432ms","ip":"::1","level":"info","message":"HTTP Request Log","method":"POST","statusCode":200,"timestamp":"2026-01-08 13:38:28","url":"/api/login"}
{"duration":"1ms","ip":"::1","level":"info","message":"HTTP Request Log","method":"OPTIONS","statusCode":204,"timestamp":"2026-01-08 13:38:28","url":"/api/dashboard"}
{"duration":"2ms","ip":"::1","level":"info","message":"HTTP Request Log","method":"OPTIONS","statusCode":204,"timestamp":"2026-01-08 13:38:28","url":"/api/dashboard"}
{"duration":"392ms","ip":"::1","level":"info","message":"HTTP Request Log","method":"GET","statusCode":200,"timestamp":"2026-01-08 13:38:28","url":"/api/dashboard"}
{"duration":"70ms","ip":"::1","level":"info","message":"HTTP Request Log","method":"GET","statusCode":304,"timestamp":"2026-01-08 13:38:28","url":"/api/dashboard"}
{"duration":"3ms","ip":"::1","level":"info","message":"HTTP Request Log","method":"OPTIONS","statusCode":204,"timestamp":"2026-01-08 13:38:41","url":"/api/students"}
{"duration":"0ms","ip":"::1","level":"info","message":"HTTP Request Log","method":"OPTIONS","statusCode":204,"timestamp":"2026-01-08 13:38:41","url":"/api/students"}
{"duration":"136ms","ip":"::1","level":"info","message":"HTTP Request Log","method":"GET","statusCode":200,"timestamp":"2026-01-08 13:38:41","url":"/api/students"}
{"duration":"97ms","ip":"::1","level":"info","message":"HTTP Request Log","method":"GET","statusCode":304,"timestamp":"2026-01-08 13:38:41","url":"/api/students"}
{"duration":"1ms","ip":"::1","level":"info","message":"HTTP Request Log","method":"OPTIONS","statusCode":204,"timestamp":"2026-01-08 13:38:45","url":"/api/students/695bcfda59d21dc7d83c83b1"}
{"duration":"2ms","ip":"::1","level":"info","message":"HTTP Request Log","method":"OPTIONS","statusCode":204,"timestamp":"2026-01-08 13:38:45","url":"/api/students/695bcfda59d21dc7d83c83b1"}
{"duration":"63ms","ip":"::1","level":"info","message":"HTTP Request Log","method":"GET","statusCode":200,"timestamp":"2026-01-08 13:38:45","url":"/api/students/695bcfda59d21dc7d83c83b1"}
{"duration":"99ms","ip":"::1","level":"info","message":"HTTP Request Log","method":"GET","statusCode":304,"timestamp":"2026-01-08 13:38:46","url":"/api/students/695bcfda59d21dc7d83c83b1"}
{"duration":"2ms","ip":"::1","level":"info","message":"HTTP Request Log","method":"OPTIONS","statusCode":204,"timestamp":"2026-01-08 13:38:59","url":"/api/students/695bcfda59d21dc7d83c83b1"}
{"duration":"1ms","ip":"::1","level":"info","message":"HTTP Request Log","method":"OPTIONS","statusCode":204,"timestamp":"2026-01-08 13:38:59","url":"/api/students/695bcfda59d21dc7d83c83b1"}
{"duration":"44ms","ip":"::1","level":"info","message":"HTTP Request Log","method":"GET","statusCode":304,"timestamp":"2026-01-08 13:38:59","url":"/api/students/695bcfda59d21dc7d83c83b1"}
{"duration":"41ms","ip":"::1","level":"info","message":"HTTP Request Log","method":"GET","statusCode":304,"timestamp":"2026-01-08 13:38:59","url":"/api/students/695bcfda59d21dc7d83c83b1"}
{"duration":"2ms","ip":"::1","level":"info","message":"HTTP Request Log","method":"OPTIONS","statusCode":204,"timestamp":"2026-01-08 13:39:04","url":"/api/students"}
{"duration":"0ms","ip":"::1","level":"info","message":"HTTP Request Log","method":"OPTIONS","statusCode":204,"timestamp":"2026-01-08 13:39:04","url":"/api/students"}
{"duration":"44ms","ip":"::1","level":"info","message":"HTTP Request Log","method":"GET","statusCode":304,"timestamp":"2026-01-08 13:39:04","url":"/api/students"}
{"duration":"50ms","ip":"::1","level":"info","message":"HTTP Request Log","method":"GET","statusCode":304,"timestamp":"2026-01-08 13:39:05","url":"/api/students"}
{"duration":"1ms","ip":"::1","level":"info","message":"HTTP Request Log","method":"OPTIONS","statusCode":204,"timestamp":"2026-01-08 13:39:08","url":"/api/students/695bcfda59d21dc7d83c83b1"}
{"duration":"1ms","ip":"::1","level":"info","message":"HTTP Request Log","method":"OPTIONS","statusCode":204,"timestamp":"2026-01-08 13:39:08","url":"/api/students/695bcfda59d21dc7d83c83b1"}
{"duration":"103ms","ip":"::1","level":"info","message":"HTTP Request Log","method":"GET","statusCode":304,"timestamp":"2026-01-08 13:39:08","url":"/api/students/695bcfda59d21dc7d83c83b1"}
{"duration":"113ms","ip":"::1","level":"info","message":"HTTP Request Log","method":"GET","statusCode":304,"timestamp":"2026-01-08 13:39:08","url":"/api/students/695bcfda59d21dc7d83c83b1"}
{"duration":"1ms","ip":"::1","level":"info","message":"HTTP Request Log","method":"OPTIONS","statusCode":204,"timestamp":"2026-01-08 13:39:12","url":"/api/courses"}
{"duration":"0ms","ip":"::1","level":"info","message":"HTTP Request Log","method":"OPTIONS","statusCode":204,"timestamp":"2026-01-08 13:39:12","url":"/api/courses"}
{"duration":"61ms","ip":"::1","level":"info","message":"HTTP Request Log","method":"GET","statusCode":200,"timestamp":"2026-01-08 13:39:12","url":"/api/courses"}
{"duration":"83ms","ip":"::1","level":"info","message":"HTTP Request Log","method":"GET","statusCode":304,"timestamp":"2026-01-08 13:39:12","url":"/api/courses"}
{"duration":"1ms","ip":"::1","level":"info","message":"HTTP Request Log","method":"OPTIONS","statusCode":204,"timestamp":"2026-01-08 13:39:14","url":"/api/profile"}
{"duration":"44ms","ip":"::1","level":"info","message":"HTTP Request Log","method":"GET","statusCode":200,"timestamp":"2026-01-08 13:39:14","url":"/api/profile"}
{"duration":"124ms","ip":"::1","level":"info","message":"HTTP Request Log","method":"GET","statusCode":304,"timestamp":"2026-01-08 13:39:14","url":"/api/profile"}
{"duration":"1ms","ip":"::1","level":"info","message":"HTTP Request Log","method":"OPTIONS","statusCode":204,"timestamp":"2026-01-08 13:39:16","url":"/api/students"}
{"duration":"0ms","ip":"::1","level":"info","message":"HTTP Request Log","method":"OPTIONS","statusCode":204,"timestamp":"2026-01-08 13:39:16","url":"/api/students"}
{"duration":"124ms","ip":"::1","level":"info","message":"HTTP Request Log","method":"GET","statusCode":304,"timestamp":"2026-01-08 13:39:16","url":"/api/students"}
{"duration":"103ms","ip":"::1","level":"info","message":"HTTP Request Log","method":"GET","statusCode":304,"timestamp":"2026-01-08 13:39:16","url":"/api/students"}
{"duration":"1ms","ip":"::1","level":"info","message":"HTTP Request Log","method":"OPTIONS","statusCode":204,"timestamp":"2026-01-08 13:39:20","url":"/api/students/695bcfda59d21dc7d83c83b1"}
{"duration":"0ms","ip":"::1","level":"info","message":"HTTP Request Log","method":"OPTIONS","statusCode":204,"timestamp":"2026-01-08 13:39:20","url":"/api/students/695bcfda59d21dc7d83c83b1"}
{"duration":"103ms","ip":"::1","level":"info","message":"HTTP Request Log","method":"GET","statusCode":304,"timestamp":"2026-01-08 13:39:20","url":"/api/students/695bcfda59d21dc7d83c83b1"}
{"duration":"103ms","ip":"::1","level":"info","message":"HTTP Request Log","method":"GET","statusCode":304,"timestamp":"2026-01-08 13:39:20","url":"/api/students/695bcfda59d21dc7d83c83b1"}
{"duration":"1ms","ip":"::1","level":"info","message":"HTTP Request Log","method":"OPTIONS","statusCode":204,"timestamp":"2026-01-08 13:42:37","url":"/api/students"}
{"duration":"2ms","ip":"::1","level":"info","message":"HTTP Request Log","method":"OPTIONS","statusCode":204,"timestamp":"2026-01-08 13:42:37","url":"/api/students"}
{"duration":"97ms","ip":"::1","level":"info","message":"HTTP Request Log","method":"GET","statusCode":304,"timestamp":"2026-01-08 13:42:37","url":"/api/students"}
{"duration":"102ms","ip":"::1","level":"info","message":"HTTP Request Log","method":"GET","statusCode":304,"timestamp":"2026-01-08 13:42:37","url":"/api/students"}
{"duration":"1ms","ip":"::1","level":"info","message":"HTTP Request Log","method":"OPTIONS","statusCode":204,"timestamp":"2026-01-08 13:42:40","url":"/api/students/695bcfda59d21dc7d83c83b1"}
{"duration":"79ms","ip":"::1","level":"info","message":"HTTP Request Log","method":"GET","statusCode":304,"timestamp":"2026-01-08 13:42:40","url":"/api/students/695bcfda59d21dc7d83c83b1"}
{"duration":"100ms","ip":"::1","level":"info","message":"HTTP Request Log","method":"GET","statusCode":304,"timestamp":"2026-01-08 13:42:40","url":"/api/students/695bcfda59d21dc7d83c83b1"}
{"duration":"0ms","ip":"::1","level":"info","message":"HTTP Request Log","method":"OPTIONS","statusCode":204,"timestamp":"2026-01-08 13:42:44","url":"/api/dashboard"}
{"duration":"1ms","ip":"::1","level":"info","message":"HTTP Request Log","method":"OPTIONS","statusCode":204,"timestamp":"2026-01-08 13:42:44","url":"/api/dashboard"}
{"duration":"60ms","ip":"::1","level":"info","message":"HTTP Request Log","method":"GET","statusCode":304,"timestamp":"2026-01-08 13:42:44","url":"/api/dashboard"}
{"duration":"111ms","ip":"::1","level":"info","message":"HTTP Request Log","method":"GET","statusCode":304,"timestamp":"2026-01-08 13:42:44","url":"/api/dashboard"}
{"duration":"2ms","ip":"::1","level":"info","message":"HTTP Request Log","method":"OPTIONS","statusCode":204,"timestamp":"2026-01-08 13:43:25","url":"/api/students"}
{"duration":"1ms","ip":"::1","level":"info","message":"HTTP Request Log","method":"OPTIONS","statusCode":204,"timestamp":"2026-01-08 13:43:25","url":"/api/students"}
{"duration":"135ms","ip":"::1","level":"info","message":"HTTP Request Log","method":"GET","statusCode":304,"timestamp":"2026-01-08 13:43:25","url":"/api/students"}
{"duration":"97ms","ip":"::1","level":"info","message":"HTTP Request Log","method":"GET","statusCode":304,"timestamp":"2026-01-08 13:43:25","url":"/api/students"}
{"duration":"1ms","ip":"::1","level":"info","message":"HTTP Request Log","method":"OPTIONS","statusCode":204,"timestamp":"2026-01-08 13:43:27","url":"/api/courses"}
{"duration":"1ms","ip":"::1","level":"info","message":"HTTP Request Log","method":"OPTIONS","statusCode":204,"timestamp":"2026-01-08 13:43:27","url":"/api/courses"}
{"duration":"43ms","ip":"::1","level":"info","message":"HTTP Request Log","method":"GET","statusCode":304,"timestamp":"2026-01-08 13:43:27","url":"/api/courses"}
{"duration":"95ms","ip":"::1","level":"info","message":"HTTP Request Log","method":"GET","statusCode":304,"timestamp":"2026-01-08 13:43:27","url":"/api/courses"}
{"duration":"0ms","ip":"::1","level":"info","message":"HTTP Request Log","method":"OPTIONS","statusCode":204,"timestamp":"2026-01-08 13:43:29","url":"/api/resumes"}
{"duration":"1ms","ip":"::1","level":"info","message":"HTTP Request Log","method":"OPTIONS","statusCode":204,"timestamp":"2026-01-08 13:43:29","url":"/api/resumes"}
{"duration":"61ms","ip":"::1","level":"info","message":"HTTP Request Log","method":"GET","statusCode":304,"timestamp":"2026-01-08 13:43:29","url":"/api/resumes"}
{"duration":"79ms","ip":"::1","level":"info","message":"HTTP Request Log","method":"GET","statusCode":304,"timestamp":"2026-01-08 13:43:29","url":"/api/resumes"}
{"duration":"1ms","ip":"::1","level":"info","message":"HTTP Request Log","method":"OPTIONS","statusCode":204,"timestamp":"2026-01-08 13:43:31","url":"/api/placements"}
{"duration":"1ms","ip":"::1","level":"info","message":"HTTP Request Log","method":"OPTIONS","statusCode":204,"timestamp":"2026-01-08 13:43:31","url":"/api/placements"}
{"duration":"95ms","ip":"::1","level":"info","message":"HTTP Request Log","method":"GET","statusCode":304,"timestamp":"2026-01-08 13:43:31","url":"/api/placements"}
{"duration":"102ms","ip":"::1","level":"info","message":"HTTP Request Log","method":"GET","statusCode":304,"timestamp":"2026-01-08 13:43:31","url":"/api/placements"}
{"duration":"1ms","ip":"::1","level":"info","message":"HTTP Request Log","method":"OPTIONS","statusCode":204,"timestamp":"2026-01-08 13:43:33","url":"/api/alumni"}
{"duration":"1ms","ip":"::1","level":"info","message":"HTTP Request Log","method":"OPTIONS","statusCode":204,"timestamp":"2026-01-08 13:43:33","url":"/api/alumni"}
{"duration":"82ms","ip":"::1","level":"info","message":"HTTP Request Log","method":"GET","statusCode":304,"timestamp":"2026-01-08 13:43:33","url":"/api/alumni"}
{"duration":"49ms","ip":"::1","level":"info","message":"HTTP Request Log","method":"GET","statusCode":304,"timestamp":"2026-01-08 13:43:33","url":"/api/alumni"}
{"duration":"0ms","ip":"::1","level":"info","message":"HTTP Request Log","method":"OPTIONS","statusCode":204,"timestamp":"2026-01-08 13:43:37","url":"/api/profile"}
{"duration":"87ms","ip":"::1","level":"info","message":"HTTP Request Log","method":"GET","statusCode":304,"timestamp":"2026-01-08 13:43:37","url":"/api/profile"}
{"duration":"51ms","ip":"::1","level":"info","message":"HTTP Request Log","method":"GET","statusCode":304,"timestamp":"2026-01-08 13:43:37","url":"/api/profile"}
{"duration":"1ms","ip":"::1","level":"info","message":"HTTP Request Log","method":"OPTIONS","statusCode":204,"timestamp":"2026-01-08 13:43:41","url":"/api/resumes"}
{"duration":"1ms","ip":"::1","level":"info","message":"HTTP Request Log","method":"OPTIONS","statusCode":204,"timestamp":"2026-01-08 13:43:41","url":"/api/resumes"}
{"duration":"132ms","ip":"::1","level":"info","message":"HTTP Request Log","method":"GET","statusCode":304,"timestamp":"2026-01-08 13:43:41","url":"/api/resumes"}
{"duration":"101ms","ip":"::1","level":"info","message":"HTTP Request Log","method":"GET","statusCode":304,"timestamp":"2026-01-08 13:43:41","url":"/api/resumes"}
{"duration":"0ms","ip":"::1","level":"info","message":"HTTP Request Log","method":"OPTIONS","statusCode":204,"timestamp":"2026-01-08 13:43:43","url":"/api/students"}
{"duration":"1ms","ip":"::1","level":"info","message":"HTTP Request Log","method":"OPTIONS","statusCode":204,"timestamp":"2026-01-08 13:43:43","url":"/api/students"}
{"duration":"113ms","ip":"::1","level":"info","message":"HTTP Request Log","method":"GET","statusCode":304,"timestamp":"2026-01-08 13:43:43","url":"/api/students"}
{"duration":"40ms","ip":"::1","level":"info","message":"HTTP Request Log","method":"GET","statusCode":304,"timestamp":"2026-01-08 13:43:43","url":"/api/students"}
{"duration":"1ms","ip":"::1","level":"info","message":"HTTP Request Log","method":"OPTIONS","statusCode":204,"timestamp":"2026-01-08 13:43:54","url":"/api/admin/createResumes"}
{"duration":"277ms","ip":"::1","level":"info","message":"HTTP Request Log","method":"POST","statusCode":500,"timestamp":"2026-01-08 13:43:55","url":"/api/admin/createResumes"}
{"duration":"1ms","ip":"::1","level":"info","message":"HTTP Request Log","method":"OPTIONS","statusCode":204,"timestamp":"2026-01-08 13:44:00","url":"/api/admin/createResumes"}
{"duration":"244ms","ip":"::1","level":"info","message":"HTTP Request Log","method":"POST","statusCode":500,"timestamp":"2026-01-08 13:44:00","url":"/api/admin/createResumes"}
{"duration":"137ms","ip":"::1","level":"info","message":"HTTP Request Log","method":"POST","statusCode":500,"timestamp":"2026-01-08 13:44:04","url":"/api/admin/createResumes"}
{"duration":"2ms","ip":"::1","level":"info","message":"HTTP Request Log","method":"OPTIONS","statusCode":204,"timestamp":"2026-01-08 13:44:08","url":"/api/admin/createResumes"}
{"duration":"183ms","ip":"::1","level":"info","message":"HTTP Request Log","method":"POST","statusCode":500,"timestamp":"2026-01-08 13:44:08","url":"/api/admin/createResumes"}
{"duration":"20ms","ip":"::1","level":"info","message":"HTTP Request Log","method":"OPTIONS","statusCode":204,"timestamp":"2026-01-08 13:58:05","url":"/api/login"}
{"duration":"356ms","ip":"::1","level":"info","message":"HTTP Request Log","method":"POST","statusCode":200,"timestamp":"2026-01-08 13:58:06","url":"/api/login"}
{"duration":"1ms","ip":"::1","level":"info","message":"HTTP Request Log","method":"OPTIONS","statusCode":204,"timestamp":"2026-01-08 13:58:15","url":"/api/admin/createResumes"}
{"duration":"12ms","ip":"::1","level":"info","message":"HTTP Request Log","method":"POST","statusCode":401,"timestamp":"2026-01-08 13:58:15","url":"/api/admin/createResumes"}
{"duration":"2ms","ip":"::1","level":"info","message":"HTTP Request Log","method":"OPTIONS","statusCode":204,"timestamp":"2026-01-08 13:58:15","url":"/api/refresh"}
{"duration":"9ms","ip":"::1","level":"info","message":"HTTP Request Log","method":"POST","statusCode":200,"timestamp":"2026-01-08 13:58:15","url":"/api/refresh"}
{"duration":"208ms","ip":"::1","level":"info","message":"HTTP Request Log","method":"POST","statusCode":500,"timestamp":"2026-01-08 13:58:15","url":"/api/admin/createResumes"}
{"duration":"2ms","ip":"::1","level":"info","message":"HTTP Request Log","method":"OPTIONS","statusCode":204,"timestamp":"2026-01-08 13:58:16","url":"/api/dashboard"}
{"duration":"1ms","ip":"::1","level":"info","message":"HTTP Request Log","method":"OPTIONS","statusCode":204,"timestamp":"2026-01-08 13:58:16","url":"/api/dashboard"}
{"duration":"546ms","ip":"::1","level":"info","message":"HTTP Request Log","method":"GET","statusCode":304,"timestamp":"2026-01-08 13:58:17","url":"/api/dashboard"}
{"duration":"62ms","ip":"::1","level":"info","message":"HTTP Request Log","method":"GET","statusCode":304,"timestamp":"2026-01-08 13:58:17","url":"/api/dashboard"}
{"duration":"1ms","ip":"::1","level":"info","message":"HTTP Request Log","method":"OPTIONS","statusCode":204,"timestamp":"2026-01-08 13:58:20","url":"/api/courses"}
{"duration":"1ms","ip":"::1","level":"info","message":"HTTP Request Log","method":"OPTIONS","statusCode":204,"timestamp":"2026-01-08 13:58:20","url":"/api/courses"}
{"duration":"60ms","ip":"::1","level":"info","message":"HTTP Request Log","method":"GET","statusCode":304,"timestamp":"2026-01-08 13:58:20","url":"/api/courses"}
{"duration":"146ms","ip":"::1","level":"info","message":"HTTP Request Log","method":"GET","statusCode":304,"timestamp":"2026-01-08 13:58:20","url":"/api/courses"}
{"duration":"1ms","ip":"::1","level":"info","message":"HTTP Request Log","method":"OPTIONS","statusCode":204,"timestamp":"2026-01-08 13:58:22","url":"/api/students"}
{"duration":"1ms","ip":"::1","level":"info","message":"HTTP Request Log","method":"OPTIONS","statusCode":204,"timestamp":"2026-01-08 13:58:22","url":"/api/students"}
{"duration":"132ms","ip":"::1","level":"info","message":"HTTP Request Log","method":"GET","statusCode":304,"timestamp":"2026-01-08 13:58:22","url":"/api/students"}
{"duration":"98ms","ip":"::1","level":"info","message":"HTTP Request Log","method":"GET","statusCode":304,"timestamp":"2026-01-08 13:58:22","url":"/api/students"}
{"duration":"1ms","ip":"::1","level":"info","message":"HTTP Request Log","method":"OPTIONS","statusCode":204,"timestamp":"2026-01-08 13:58:23","url":"/api/resumes"}
{"duration":"1ms","ip":"::1","level":"info","message":"HTTP Request Log","method":"OPTIONS","statusCode":204,"timestamp":"2026-01-08 13:58:23","url":"/api/resumes"}
{"duration":"40ms","ip":"::1","level":"info","message":"HTTP Request Log","method":"GET","statusCode":304,"timestamp":"2026-01-08 13:58:23","url":"/api/resumes"}
{"duration":"60ms","ip":"::1","level":"info","message":"HTTP Request Log","method":"GET","statusCode":304,"timestamp":"2026-01-08 13:58:23","url":"/api/resumes"}
{"duration":"1ms","ip":"::1","level":"info","message":"HTTP Request Log","method":"OPTIONS","statusCode":204,"timestamp":"2026-01-08 13:58:25","url":"/api/placements"}
{"duration":"0ms","ip":"::1","level":"info","message":"HTTP Request Log","method":"OPTIONS","statusCode":204,"timestamp":"2026-01-08 13:58:25","url":"/api/placements"}
{"duration":"47ms","ip":"::1","level":"info","message":"HTTP Request Log","method":"GET","statusCode":304,"timestamp":"2026-01-08 13:58:25","url":"/api/placements"}
{"duration":"127ms","ip":"::1","level":"info","message":"HTTP Request Log","method":"GET","statusCode":304,"timestamp":"2026-01-08 13:58:25","url":"/api/placements"}
{"duration":"1ms","ip":"::1","level":"info","message":"HTTP Request Log","method":"OPTIONS","statusCode":204,"timestamp":"2026-01-08 13:58:26","url":"/api/alumni"}
{"duration":"1ms","ip":"::1","level":"info","message":"HTTP Request Log","method":"OPTIONS","statusCode":204,"timestamp":"2026-01-08 13:58:26","url":"/api/alumni"}
{"duration":"44ms","ip":"::1","level":"info","message":"HTTP Request Log","method":"GET","statusCode":304,"timestamp":"2026-01-08 13:58:26","url":"/api/alumni"}
{"duration":"46ms","ip":"::1","level":"info","message":"HTTP Request Log","method":"GET","statusCode":304,"timestamp":"2026-01-08 13:58:26","url":"/api/alumni"}
{"duration":"0ms","ip":"::1","level":"info","message":"HTTP Request Log","method":"OPTIONS","statusCode":204,"timestamp":"2026-01-08 13:58:29","url":"/api/profile"}
{"duration":"1ms","ip":"::1","level":"info","message":"HTTP Request Log","method":"OPTIONS","statusCode":204,"timestamp":"2026-01-08 13:58:29","url":"/api/profile"}
{"duration":"111ms","ip":"::1","level":"info","message":"HTTP Request Log","method":"GET","statusCode":304,"timestamp":"2026-01-08 13:58:30","url":"/api/profile"}
{"duration":"81ms","ip":"::1","level":"info","message":"HTTP Request Log","method":"GET","statusCode":304,"timestamp":"2026-01-08 13:58:30","url":"/api/profile"}
{"duration":"1ms","ip":"::1","level":"info","message":"HTTP Request Log","method":"OPTIONS","statusCode":204,"timestamp":"2026-01-08 14:03:29","url":"/api/dashboard"}
{"duration":"0ms","ip":"::1","level":"info","message":"HTTP Request Log","method":"OPTIONS","statusCode":204,"timestamp":"2026-01-08 14:03:30","url":"/api/dashboard"}
{"duration":"54ms","ip":"::1","level":"info","message":"HTTP Request Log","method":"GET","statusCode":304,"timestamp":"2026-01-08 14:03:30","url":"/api/dashboard"}
{"duration":"75ms","ip":"::1","level":"info","message":"HTTP Request Log","method":"GET","statusCode":304,"timestamp":"2026-01-08 14:03:30","url":"/api/dashboard"}
{"duration":"9ms","ip":"::1","level":"info","message":"HTTP Request Log","method":"OPTIONS","statusCode":204,"timestamp":"2026-01-08 14:11:02","url":"/api/dashboard"}
{"duration":"1ms","ip":"::1","level":"info","message":"HTTP Request Log","method":"OPTIONS","statusCode":204,"timestamp":"2026-01-08 14:11:02","url":"/api/dashboard"}
{"duration":"171ms","ip":"::1","level":"info","message":"HTTP Request Log","method":"GET","statusCode":304,"timestamp":"2026-01-08 14:11:02","url":"/api/dashboard"}
{"duration":"102ms","ip":"::1","level":"info","message":"HTTP Request Log","method":"GET","statusCode":304,"timestamp":"2026-01-08 14:11:03","url":"/api/dashboard"}
{"duration":"1ms","ip":"::1","level":"info","message":"HTTP Request Log","method":"OPTIONS","statusCode":204,"timestamp":"2026-01-08 14:11:04","url":"/api/profile"}
{"duration":"1ms","ip":"::1","level":"info","message":"HTTP Request Log","method":"OPTIONS","statusCode":204,"timestamp":"2026-01-08 14:11:04","url":"/api/profile"}
{"duration":"65ms","ip":"::1","level":"info","message":"HTTP Request Log","method":"GET","statusCode":304,"timestamp":"2026-01-08 14:11:04","url":"/api/profile"}
{"duration":"62ms","ip":"::1","level":"info","message":"HTTP Request Log","method":"GET","statusCode":304,"timestamp":"2026-01-08 14:11:04","url":"/api/profile"}
{"duration":"1ms","ip":"::1","level":"info","message":"HTTP Request Log","method":"OPTIONS","statusCode":204,"timestamp":"2026-01-08 14:11:07","url":"/api/dashboard"}
{"duration":"1ms","ip":"::1","level":"info","message":"HTTP Request Log","method":"OPTIONS","statusCode":204,"timestamp":"2026-01-08 14:11:07","url":"/api/dashboard"}
{"duration":"165ms","ip":"::1","level":"info","message":"HTTP Request Log","method":"GET","statusCode":304,"timestamp":"2026-01-08 14:11:08","url":"/api/dashboard"}
{"duration":"94ms","ip":"::1","level":"info","message":"HTTP Request Log","method":"GET","statusCode":304,"timestamp":"2026-01-08 14:11:08","url":"/api/dashboard"}
{"duration":"1ms","ip":"::1","level":"info","message":"HTTP Request Log","method":"OPTIONS","statusCode":204,"timestamp":"2026-01-08 14:13:48","url":"/api/resumes"}
{"duration":"5ms","ip":"::1","level":"info","message":"HTTP Request Log","method":"OPTIONS","statusCode":204,"timestamp":"2026-01-08 14:13:48","url":"/api/resumes"}
{"duration":"16ms","ip":"::1","level":"info","message":"HTTP Request Log","method":"GET","statusCode":401,"timestamp":"2026-01-08 14:13:48","url":"/api/resumes"}
{"duration":"7ms","ip":"::1","level":"info","message":"HTTP Request Log","method":"GET","statusCode":401,"timestamp":"2026-01-08 14:13:48","url":"/api/resumes"}
{"duration":"1ms","ip":"::1","level":"info","message":"HTTP Request Log","method":"OPTIONS","statusCode":204,"timestamp":"2026-01-08 14:13:48","url":"/api/refresh"}
{"duration":"19ms","ip":"::1","level":"info","message":"HTTP Request Log","method":"POST","statusCode":200,"timestamp":"2026-01-08 14:13:48","url":"/api/refresh"}
{"duration":"133ms","ip":"::1","level":"info","message":"HTTP Request Log","method":"GET","statusCode":304,"timestamp":"2026-01-08 14:13:49","url":"/api/resumes"}
{"duration":"60ms","ip":"::1","level":"info","message":"HTTP Request Log","method":"GET","statusCode":304,"timestamp":"2026-01-08 14:13:49","url":"/api/resumes"}
{"duration":"2ms","ip":"::1","level":"info","message":"HTTP Request Log","method":"OPTIONS","statusCode":204,"timestamp":"2026-01-08 14:14:07","url":"/api/students"}
{"duration":"0ms","ip":"::1","level":"info","message":"HTTP Request Log","method":"OPTIONS","statusCode":204,"timestamp":"2026-01-08 14:14:07","url":"/api/students"}
{"duration":"114ms","ip":"::1","level":"info","message":"HTTP Request Log","method":"GET","statusCode":304,"timestamp":"2026-01-08 14:14:07","url":"/api/students"}
{"duration":"97ms","ip":"::1","level":"info","message":"HTTP Request Log","method":"GET","statusCode":304,"timestamp":"2026-01-08 14:14:07","url":"/api/students"}
{"duration":"1ms","ip":"::1","level":"info","message":"HTTP Request Log","method":"OPTIONS","statusCode":204,"timestamp":"2026-01-08 14:14:22","url":"/api/admin/createResumes"}
{"duration":"121ms","ip":"::1","level":"info","message":"HTTP Request Log","method":"POST","statusCode":500,"timestamp":"2026-01-08 14:14:22","url":"/api/admin/createResumes"}
{"duration":"234ms","ip":"::1","level":"info","message":"HTTP Request Log","method":"POST","statusCode":500,"timestamp":"2026-01-08 14:14:24","url":"/api/admin/createResumes"}
{"duration":"17ms","ip":"::1","level":"info","message":"HTTP Request Log","method":"GET","statusCode":404,"timestamp":"2026-01-08 14:18:58","url":"/api/admin/createResumes"}
{"duration":"25ms","ip":"::1","level":"info","message":"HTTP Request Log","method":"OPTIONS","statusCode":204,"timestamp":"2026-01-08 14:25:15","url":"/api/admin/createResumes"}
{"duration":"358ms","ip":"::1","level":"info","message":"HTTP Request Log","method":"POST","statusCode":201,"timestamp":"2026-01-08 14:25:15","url":"/api/admin/createResumes"}
{"duration":"3ms","ip":"::1","level":"info","message":"HTTP Request Log","method":"OPTIONS","statusCode":204,"timestamp":"2026-01-08 14:25:15","url":"/api/resumes"}
{"duration":"3ms","ip":"::1","level":"info","message":"HTTP Request Log","method":"OPTIONS","statusCode":204,"timestamp":"2026-01-08 14:25:15","url":"/api/resumes"}
{"duration":"117ms","ip":"::1","level":"info","message":"HTTP Request Log","method":"GET","statusCode":200,"timestamp":"2026-01-08 14:25:15","url":"/api/resumes"}
{"duration":"97ms","ip":"::1","level":"info","message":"HTTP Request Log","method":"GET","statusCode":304,"timestamp":"2026-01-08 14:25:15","url":"/api/resumes"}
