{"duration":"0ms","ip":"::1","level":"info","message":"HTTP Request Log","method":"OPTIONS","statusCode":204,"timestamp":"2025-12-13 00:02:29","url":"/api/user/6939593ede85629abc369b2f"}
{"duration":"1ms","ip":"::1","level":"info","message":"HTTP Request Log","method":"OPTIONS","statusCode":204,"timestamp":"2025-12-13 00:02:29","url":"/api/user/6939593ede85629abc369b2f"}
{"duration":"47ms","ip":"::1","level":"info","message":"HTTP Request Log","method":"GET","statusCode":304,"timestamp":"2025-12-13 00:02:29","url":"/api/user/6939593ede85629abc369b2f"}
{"duration":"46ms","ip":"::1","level":"info","message":"HTTP Request Log","method":"GET","statusCode":304,"timestamp":"2025-12-13 00:02:29","url":"/api/user/6939593ede85629abc369b2f"}
{"duration":"46ms","ip":"::1","level":"info","message":"HTTP Request Log","method":"GET","statusCode":304,"timestamp":"2025-12-13 00:02:34","url":"/api/user/6939593ede85629abc369b2f"}
{"duration":"48ms","ip":"::1","level":"info","message":"HTTP Request Log","method":"GET","statusCode":304,"timestamp":"2025-12-13 00:02:34","url":"/api/user/6939593ede85629abc369b2f"}
{"duration":"1ms","ip":"::1","level":"info","message":"HTTP Request Log","method":"OPTIONS","statusCode":204,"timestamp":"2025-12-13 00:09:40","url":"/api/user/6939593ede85629abc369b2f"}
{"duration":"0ms","ip":"::1","level":"info","message":"HTTP Request Log","method":"OPTIONS","statusCode":204,"timestamp":"2025-12-13 00:09:40","url":"/api/user/6939593ede85629abc369b2f"}
{"duration":"4ms","ip":"::1","level":"info","message":"HTTP Request Log","method":"GET","statusCode":401,"timestamp":"2025-12-13 00:09:40","url":"/api/user/6939593ede85629abc369b2f"}
{"duration":"3ms","ip":"::1","level":"info","message":"HTTP Request Log","method":"GET","statusCode":401,"timestamp":"2025-12-13 00:09:40","url":"/api/user/6939593ede85629abc369b2f"}
{"duration":"0ms","ip":"::1","level":"info","message":"HTTP Request Log","method":"OPTIONS","statusCode":204,"timestamp":"2025-12-13 00:09:40","url":"/api/refresh"}
{"duration":"52ms","ip":"::1","level":"info","message":"HTTP Request Log","method":"POST","statusCode":200,"timestamp":"2025-12-13 00:09:40","url":"/api/refresh"}
{"duration":"48ms","ip":"::1","level":"info","message":"HTTP Request Log","method":"GET","statusCode":304,"timestamp":"2025-12-13 00:09:40","url":"/api/user/6939593ede85629abc369b2f"}
{"duration":"49ms","ip":"::1","level":"info","message":"HTTP Request Log","method":"GET","statusCode":304,"timestamp":"2025-12-13 00:09:40","url":"/api/user/6939593ede85629abc369b2f"}
{"duration":"0ms","ip":"::1","level":"info","message":"HTTP Request Log","method":"OPTIONS","statusCode":204,"timestamp":"2025-12-13 00:09:48","url":"/api/user/6939593ede85629abc369b2f"}
{"duration":"1ms","ip":"::1","level":"info","message":"HTTP Request Log","method":"OPTIONS","statusCode":204,"timestamp":"2025-12-13 00:09:48","url":"/api/user/6939593ede85629abc369b2f"}
{"duration":"50ms","ip":"::1","level":"info","message":"HTTP Request Log","method":"GET","statusCode":304,"timestamp":"2025-12-13 00:09:48","url":"/api/user/6939593ede85629abc369b2f"}
{"duration":"50ms","ip":"::1","level":"info","message":"HTTP Request Log","method":"GET","statusCode":304,"timestamp":"2025-12-13 00:09:48","url":"/api/user/6939593ede85629abc369b2f"}
{"duration":"1ms","ip":"::1","level":"info","message":"HTTP Request Log","method":"OPTIONS","statusCode":204,"timestamp":"2025-12-13 00:10:53","url":"/api/user/6939593ede85629abc369b2f"}
{"duration":"0ms","ip":"::1","level":"info","message":"HTTP Request Log","method":"OPTIONS","statusCode":204,"timestamp":"2025-12-13 00:10:53","url":"/api/user/6939593ede85629abc369b2f"}
{"duration":"50ms","ip":"::1","level":"info","message":"HTTP Request Log","method":"GET","statusCode":304,"timestamp":"2025-12-13 00:10:53","url":"/api/user/6939593ede85629abc369b2f"}
{"duration":"47ms","ip":"::1","level":"info","message":"HTTP Request Log","method":"GET","statusCode":304,"timestamp":"2025-12-13 00:10:53","url":"/api/user/6939593ede85629abc369b2f"}
{"duration":"47ms","ip":"::1","level":"info","message":"HTTP Request Log","method":"GET","statusCode":304,"timestamp":"2025-12-13 00:10:55","url":"/api/user/6939593ede85629abc369b2f"}
{"duration":"47ms","ip":"::1","level":"info","message":"HTTP Request Log","method":"GET","statusCode":304,"timestamp":"2025-12-13 00:10:55","url":"/api/user/6939593ede85629abc369b2f"}
{"duration":"45ms","ip":"::1","level":"info","message":"HTTP Request Log","method":"GET","statusCode":304,"timestamp":"2025-12-13 00:10:56","url":"/api/user/6939593ede85629abc369b2f"}
{"duration":"47ms","ip":"::1","level":"info","message":"HTTP Request Log","method":"GET","statusCode":304,"timestamp":"2025-12-13 00:10:56","url":"/api/user/6939593ede85629abc369b2f"}
{"duration":"48ms","ip":"::1","level":"info","message":"HTTP Request Log","method":"GET","statusCode":304,"timestamp":"2025-12-13 00:10:57","url":"/api/user/6939593ede85629abc369b2f"}
{"duration":"49ms","ip":"::1","level":"info","message":"HTTP Request Log","method":"GET","statusCode":304,"timestamp":"2025-12-13 00:10:57","url":"/api/user/6939593ede85629abc369b2f"}
{"duration":"46ms","ip":"::1","level":"info","message":"HTTP Request Log","method":"GET","statusCode":304,"timestamp":"2025-12-13 00:10:58","url":"/api/user/6939593ede85629abc369b2f"}
{"duration":"44ms","ip":"::1","level":"info","message":"HTTP Request Log","method":"GET","statusCode":304,"timestamp":"2025-12-13 00:10:58","url":"/api/user/6939593ede85629abc369b2f"}
{"duration":"5ms","ip":"::1","level":"info","message":"HTTP Request Log","method":"OPTIONS","statusCode":204,"timestamp":"2025-12-13 00:15:10","url":"/api/user/6939593ede85629abc369b2f"}
{"duration":"1ms","ip":"::1","level":"info","message":"HTTP Request Log","method":"OPTIONS","statusCode":204,"timestamp":"2025-12-13 00:15:10","url":"/api/user/6939593ede85629abc369b2f"}
{"duration":"49ms","ip":"::1","level":"info","message":"HTTP Request Log","method":"GET","statusCode":304,"timestamp":"2025-12-13 00:15:10","url":"/api/user/6939593ede85629abc369b2f"}
{"duration":"50ms","ip":"::1","level":"info","message":"HTTP Request Log","method":"GET","statusCode":304,"timestamp":"2025-12-13 00:15:10","url":"/api/user/6939593ede85629abc369b2f"}
{"duration":"2ms","ip":"::1","level":"info","message":"HTTP Request Log","method":"OPTIONS","statusCode":204,"timestamp":"2025-12-13 00:18:49","url":"/api/createStudent"}
{"duration":"3ms","ip":"::1","level":"info","message":"HTTP Request Log","method":"POST","statusCode":404,"timestamp":"2025-12-13 00:18:49","url":"/api/createStudent"}
{"duration":"1ms","ip":"::1","level":"info","message":"HTTP Request Log","method":"POST","statusCode":404,"timestamp":"2025-12-13 00:18:50","url":"/api/createStudent"}
{"duration":"12ms","ip":"::1","level":"info","message":"HTTP Request Log","method":"OPTIONS","statusCode":204,"timestamp":"2025-12-13 00:30:32","url":"/api/createStudent"}
{"duration":"20ms","ip":"::1","level":"info","message":"HTTP Request Log","method":"POST","statusCode":404,"timestamp":"2025-12-13 00:30:32","url":"/api/createStudent"}
{"duration":"2ms","ip":"::1","level":"info","message":"HTTP Request Log","method":"OPTIONS","statusCode":204,"timestamp":"2025-12-13 00:33:56","url":"/api/createStudent"}
{"duration":"2ms","ip":"::1","level":"info","message":"HTTP Request Log","method":"POST","statusCode":404,"timestamp":"2025-12-13 00:33:56","url":"/api/createStudent"}
{"duration":"2ms","ip":"::1","level":"info","message":"HTTP Request Log","method":"OPTIONS","statusCode":204,"timestamp":"2025-12-13 00:34:34","url":"/api/createStudent"}
{"duration":"3ms","ip":"::1","level":"info","message":"HTTP Request Log","method":"POST","statusCode":404,"timestamp":"2025-12-13 00:34:34","url":"/api/createStudent"}
{"duration":"1ms","ip":"::1","level":"info","message":"HTTP Request Log","method":"OPTIONS","statusCode":204,"timestamp":"2025-12-13 00:36:56","url":"/api/counseller/createStudent"}
{"duration":"7ms","ip":"::1","level":"info","message":"HTTP Request Log","method":"POST","statusCode":400,"timestamp":"2025-12-13 00:36:56","url":"/api/counseller/createStudent"}
{"duration":"1ms","ip":"::1","level":"info","message":"HTTP Request Log","method":"OPTIONS","statusCode":204,"timestamp":"2025-12-13 00:37:12","url":"/api/counseller/createStudent"}
{"duration":"2ms","ip":"::1","level":"info","message":"HTTP Request Log","method":"POST","statusCode":400,"timestamp":"2025-12-13 00:37:12","url":"/api/counseller/createStudent"}
{"duration":"1ms","ip":"::1","level":"info","message":"HTTP Request Log","method":"OPTIONS","statusCode":204,"timestamp":"2025-12-13 00:37:29","url":"/api/counseller/createStudent"}
{"duration":"142ms","ip":"::1","level":"info","message":"HTTP Request Log","method":"POST","statusCode":201,"timestamp":"2025-12-13 00:37:29","url":"/api/counseller/createStudent"}
{"duration":"2ms","ip":"::1","level":"info","message":"HTTP Request Log","method":"OPTIONS","statusCode":204,"timestamp":"2025-12-13 00:39:22","url":"/api/user/6939593ede85629abc369b2f"}
{"duration":"2ms","ip":"::1","level":"info","message":"HTTP Request Log","method":"OPTIONS","statusCode":204,"timestamp":"2025-12-13 00:39:22","url":"/api/user/6939593ede85629abc369b2f"}
{"duration":"10ms","ip":"::1","level":"info","message":"HTTP Request Log","method":"GET","statusCode":401,"timestamp":"2025-12-13 00:39:22","url":"/api/user/6939593ede85629abc369b2f"}
{"duration":"2ms","ip":"::1","level":"info","message":"HTTP Request Log","method":"GET","statusCode":401,"timestamp":"2025-12-13 00:39:22","url":"/api/user/6939593ede85629abc369b2f"}
{"duration":"0ms","ip":"::1","level":"info","message":"HTTP Request Log","method":"OPTIONS","statusCode":204,"timestamp":"2025-12-13 00:39:22","url":"/api/refresh"}
{"duration":"63ms","ip":"::1","level":"info","message":"HTTP Request Log","method":"POST","statusCode":200,"timestamp":"2025-12-13 00:39:22","url":"/api/refresh"}
{"duration":"46ms","ip":"::1","level":"info","message":"HTTP Request Log","method":"GET","statusCode":304,"timestamp":"2025-12-13 00:39:22","url":"/api/user/6939593ede85629abc369b2f"}
{"duration":"50ms","ip":"::1","level":"info","message":"HTTP Request Log","method":"GET","statusCode":304,"timestamp":"2025-12-13 00:39:23","url":"/api/user/6939593ede85629abc369b2f"}
{"duration":"0ms","ip":"::1","level":"info","message":"HTTP Request Log","method":"OPTIONS","statusCode":204,"timestamp":"2025-12-13 00:39:41","url":"/api/user/6939593ede85629abc369b2f"}
{"duration":"1ms","ip":"::1","level":"info","message":"HTTP Request Log","method":"OPTIONS","statusCode":204,"timestamp":"2025-12-13 00:39:42","url":"/api/user/6939593ede85629abc369b2f"}
{"duration":"49ms","ip":"::1","level":"info","message":"HTTP Request Log","method":"GET","statusCode":304,"timestamp":"2025-12-13 00:39:42","url":"/api/user/6939593ede85629abc369b2f"}
{"duration":"47ms","ip":"::1","level":"info","message":"HTTP Request Log","method":"GET","statusCode":304,"timestamp":"2025-12-13 00:39:42","url":"/api/user/6939593ede85629abc369b2f"}
{"duration":"7ms","ip":"::1","level":"info","message":"HTTP Request Log","method":"OPTIONS","statusCode":204,"timestamp":"2025-12-13 16:29:16","url":"/api/login"}
{"duration":"149ms","ip":"::1","level":"info","message":"HTTP Request Log","method":"POST","statusCode":200,"timestamp":"2025-12-13 16:29:16","url":"/api/login"}
{"duration":"0ms","ip":"::1","level":"info","message":"HTTP Request Log","method":"OPTIONS","statusCode":204,"timestamp":"2025-12-13 16:29:16","url":"/api/user/6939593ede85629abc369b2f"}
{"duration":"0ms","ip":"::1","level":"info","message":"HTTP Request Log","method":"OPTIONS","statusCode":204,"timestamp":"2025-12-13 16:29:16","url":"/api/user/6939593ede85629abc369b2f"}
{"duration":"53ms","ip":"::1","level":"info","message":"HTTP Request Log","method":"GET","statusCode":304,"timestamp":"2025-12-13 16:29:16","url":"/api/user/6939593ede85629abc369b2f"}
{"duration":"37ms","ip":"::1","level":"info","message":"HTTP Request Log","method":"GET","statusCode":304,"timestamp":"2025-12-13 16:29:16","url":"/api/user/6939593ede85629abc369b2f"}
{"duration":"2ms","ip":"::1","level":"info","message":"HTTP Request Log","method":"OPTIONS","statusCode":204,"timestamp":"2025-12-13 16:31:17","url":"/api/user/6939593ede85629abc369b2f"}
{"duration":"1ms","ip":"::1","level":"info","message":"HTTP Request Log","method":"OPTIONS","statusCode":204,"timestamp":"2025-12-13 16:31:17","url":"/api/user/6939593ede85629abc369b2f"}
{"duration":"43ms","ip":"::1","level":"info","message":"HTTP Request Log","method":"GET","statusCode":304,"timestamp":"2025-12-13 16:31:17","url":"/api/user/6939593ede85629abc369b2f"}
{"duration":"34ms","ip":"::1","level":"info","message":"HTTP Request Log","method":"GET","statusCode":304,"timestamp":"2025-12-13 16:31:17","url":"/api/user/6939593ede85629abc369b2f"}
{"duration":"1ms","ip":"::1","level":"info","message":"HTTP Request Log","method":"OPTIONS","statusCode":204,"timestamp":"2025-12-13 16:33:45","url":"/api/user/6939593ede85629abc369b2f"}
{"duration":"1ms","ip":"::1","level":"info","message":"HTTP Request Log","method":"OPTIONS","statusCode":204,"timestamp":"2025-12-13 16:33:45","url":"/api/user/6939593ede85629abc369b2f"}
{"duration":"35ms","ip":"::1","level":"info","message":"HTTP Request Log","method":"GET","statusCode":304,"timestamp":"2025-12-13 16:33:45","url":"/api/user/6939593ede85629abc369b2f"}
{"duration":"32ms","ip":"::1","level":"info","message":"HTTP Request Log","method":"GET","statusCode":304,"timestamp":"2025-12-13 16:33:45","url":"/api/user/6939593ede85629abc369b2f"}
{"duration":"38ms","ip":"::1","level":"info","message":"HTTP Request Log","method":"GET","statusCode":304,"timestamp":"2025-12-13 16:33:47","url":"/api/user/6939593ede85629abc369b2f"}
{"duration":"34ms","ip":"::1","level":"info","message":"HTTP Request Log","method":"GET","statusCode":304,"timestamp":"2025-12-13 16:33:47","url":"/api/user/6939593ede85629abc369b2f"}
{"duration":"35ms","ip":"::1","level":"info","message":"HTTP Request Log","method":"GET","statusCode":304,"timestamp":"2025-12-13 16:33:49","url":"/api/user/6939593ede85629abc369b2f"}
{"duration":"35ms","ip":"::1","level":"info","message":"HTTP Request Log","method":"GET","statusCode":304,"timestamp":"2025-12-13 16:33:49","url":"/api/user/6939593ede85629abc369b2f"}
{"duration":"1ms","ip":"::1","level":"info","message":"HTTP Request Log","method":"OPTIONS","statusCode":204,"timestamp":"2025-12-13 16:33:52","url":"/api/user/6939593ede85629abc369b2f"}
{"duration":"1ms","ip":"::1","level":"info","message":"HTTP Request Log","method":"OPTIONS","statusCode":204,"timestamp":"2025-12-13 16:33:52","url":"/api/user/6939593ede85629abc369b2f"}
{"duration":"33ms","ip":"::1","level":"info","message":"HTTP Request Log","method":"GET","statusCode":304,"timestamp":"2025-12-13 16:33:52","url":"/api/user/6939593ede85629abc369b2f"}
{"duration":"32ms","ip":"::1","level":"info","message":"HTTP Request Log","method":"GET","statusCode":304,"timestamp":"2025-12-13 16:33:52","url":"/api/user/6939593ede85629abc369b2f"}
{"duration":"5ms","ip":"::1","level":"info","message":"HTTP Request Log","method":"OPTIONS","statusCode":204,"timestamp":"2025-12-13 17:29:26","url":"/api/user/6939593ede85629abc369b2f"}
{"duration":"0ms","ip":"::1","level":"info","message":"HTTP Request Log","method":"OPTIONS","statusCode":204,"timestamp":"2025-12-13 17:29:26","url":"/api/user/6939593ede85629abc369b2f"}
{"duration":"4ms","ip":"::1","level":"info","message":"HTTP Request Log","method":"GET","statusCode":401,"timestamp":"2025-12-13 17:29:26","url":"/api/user/6939593ede85629abc369b2f"}
{"duration":"1ms","ip":"::1","level":"info","message":"HTTP Request Log","method":"GET","statusCode":401,"timestamp":"2025-12-13 17:29:26","url":"/api/user/6939593ede85629abc369b2f"}
{"duration":"0ms","ip":"::1","level":"info","message":"HTTP Request Log","method":"OPTIONS","statusCode":204,"timestamp":"2025-12-13 17:29:26","url":"/api/refresh"}
{"duration":"348ms","ip":"::1","level":"info","message":"HTTP Request Log","method":"POST","statusCode":200,"timestamp":"2025-12-13 17:29:27","url":"/api/refresh"}
{"duration":"38ms","ip":"::1","level":"info","message":"HTTP Request Log","method":"GET","statusCode":304,"timestamp":"2025-12-13 17:29:27","url":"/api/user/6939593ede85629abc369b2f"}
{"duration":"39ms","ip":"::1","level":"info","message":"HTTP Request Log","method":"GET","statusCode":304,"timestamp":"2025-12-13 17:29:27","url":"/api/user/6939593ede85629abc369b2f"}
{"duration":"0ms","ip":"::1","level":"info","message":"HTTP Request Log","method":"OPTIONS","statusCode":204,"timestamp":"2025-12-13 17:45:17","url":"/api/login"}
{"duration":"157ms","ip":"::1","level":"info","message":"HTTP Request Log","method":"POST","statusCode":200,"timestamp":"2025-12-13 17:45:17","url":"/api/login"}
{"duration":"0ms","ip":"::1","level":"info","message":"HTTP Request Log","method":"OPTIONS","statusCode":204,"timestamp":"2025-12-13 17:45:17","url":"/api/user/6939593ede85629abc369b2f"}
{"duration":"36ms","ip":"::1","level":"info","message":"HTTP Request Log","method":"GET","statusCode":304,"timestamp":"2025-12-13 17:45:17","url":"/api/user/6939593ede85629abc369b2f"}
{"duration":"34ms","ip":"::1","level":"info","message":"HTTP Request Log","method":"GET","statusCode":304,"timestamp":"2025-12-13 17:45:18","url":"/api/user/6939593ede85629abc369b2f"}
